2025-09-18 11:11:13 - INFO - [TODAY] mode=auto product=cu day=2025-09-18
2025-09-18 11:11:13 - INFO - 加载主次主力合约: 品种=cu, 交易日=2025-09-18
2025-09-18 11:11:13 - WARNING - [当日合约] 查询为空: product=cu, date=2025-09-18
2025-09-18 11:11:13 - WARNING - 主/次主力合约未找到: 品种=cu, 交易日=2025-09-18
2025-09-18 11:11:17 - INFO - [TODAY] mode=auto product=cu day=2025-09-03
2025-09-18 11:11:17 - INFO - 加载主次主力合约: 品种=cu, 交易日=2025-09-03
2025-09-18 11:11:17 - INFO - 主次合约获取成功: product=cu, date=2025-09-03, main=cu2510, sub=cu2511
2025-09-18 11:11:17 - INFO - 主力合约=cu2510, 次主力合约=cu2511
2025-09-18 11:11:18 - INFO - ✅ 加载分钟数据成功: 合约=cu2510, 行数=465, 日期=2025-09-03
2025-09-18 11:11:18 - INFO - ✅ 加载分钟数据成功: 合约=cu2511, 行数=465, 日期=2025-09-03
2025-09-18 11:11:18 - INFO - 使用前一交易日: 原始=2025-09-03, 前一日=2025-09-02
2025-09-18 11:11:18 - INFO - ✅ 加载分钟数据成功: 合约=cu2510, 行数=465, 日期=2025-09-02
2025-09-18 11:11:18 - INFO - 使用前一交易日: 原始=2025-09-03, 前一日=2025-09-02
2025-09-18 11:11:18 - INFO - ✅ 加载分钟数据成功: 合约=cu2511, 行数=465, 日期=2025-09-02
2025-09-18 11:11:18 - INFO - 数据加载成功: 品种=cu, 主力行数=471, 次主力行数=471
2025-09-18 11:11:18 - INFO - 🧹 交易时段过滤: 原始=471 行，保留=446 行，过滤=25 行
2025-09-18 11:11:18 - INFO - 🧹 交易时段过滤: 原始=471 行，保留=446 行，过滤=25 行
2025-09-18 11:11:18 - INFO - ✅ Tick Size 获取成功: 合约=cu2510, tick_size=10.0
2025-09-18 11:11:18 - INFO - ⌛ 时间戳对齐检查: 主力=446 次主力=446 共有=446 总计=446
2025-09-18 11:11:18 - INFO - ✅ 合并成功: 行数=446
2025-09-18 11:11:18 - DEBUG - 价差样本: spread.head() = [30.0, 50.0, 50.0, 50.0, 40.0]
2025-09-18 11:11:18 - INFO - 🚫 涨跌停屏蔽: 主力=0 分钟, 次主力=0 分钟, 总计=0
2025-09-18 11:11:19 - INFO - ✅ 平均成交量查询成功: 合约=cu2510, 区间=2025-08-04~2025-09-03, 平均=46642, 有效天数=23
2025-09-18 11:11:19 - INFO - ✅ 平均成交量查询成功: 合约=cu2511, 区间=2025-08-04~2025-09-03, 平均=15334, 有效天数=23
2025-09-18 11:11:19 - INFO - 📉 单腿波动率计算: 波动率=24.430249, 样本数=444
2025-09-18 11:11:19 - INFO - 📉 单腿波动率计算: 波动率=23.847896, 样本数=444
2025-09-18 11:11:19 - INFO - 📊 价差波动率计算成功: 波动率=7.964336, 样本数=444
2025-09-18 11:11:51 - INFO - [HIS] cu all  
2025-09-18 11:11:51 - INFO - [HIS] cu all  
2025-09-18 11:11:51 - INFO - [HIS] cu all  
2025-09-18 11:11:51 - INFO - [HIS] 2025-09-02~2025-09-17
2025-09-18 11:11:51 - INFO - [HIS] [datetime.date(2025, 9, 2), datetime.date(2025, 9, 3), datetime.date(2025, 9, 4), datetime.date(2025, 9, 5), datetime.date(2025, 9, 8), datetime.date(2025, 9, 9), datetime.date(2025, 9, 10), datetime.date(2025, 9, 11), datetime.date(2025, 9, 12), datetime.date(2025, 9, 15), datetime.date(2025, 9, 16), datetime.date(2025, 9, 17)] trading days
2025-09-18 11:11:51 - DEBUG - [HIS] 2025-09-02 picked=cu2510, cu2511, reason=rank
2025-09-18 11:11:57 - DEBUG - [HIS] 2025-09-03 picked=cu2510, cu2511, reason=rank
2025-09-18 11:11:57 - DEBUG - [HIS] 2025-09-04 picked=cu2510, cu2511, reason=rank
2025-09-18 11:11:57 - DEBUG - [HIS] 2025-09-05 picked=cu2510, cu2511, reason=rank
2025-09-18 11:11:58 - DEBUG - [HIS] 2025-09-08 picked=cu2510, cu2511, reason=rank
2025-09-18 11:11:58 - DEBUG - [HIS] 2025-09-09 picked=cu2510, cu2511, reason=rank
2025-09-18 11:11:58 - DEBUG - [HIS] 2025-09-10 picked=cu2510, cu2511, reason=rank
2025-09-18 11:11:58 - DEBUG - [HIS] 2025-09-11 picked=cu2510, cu2511, reason=rank
2025-09-18 11:11:58 - DEBUG - [HIS] 2025-09-12 picked=cu2510, cu2511, reason=rank
2025-09-18 11:11:58 - DEBUG - [HIS] 2025-09-15 picked=cu2510, cu2511, reason=rank
2025-09-18 11:11:58 - DEBUG - [HIS] 2025-09-16 picked=cu2510, cu2511, reason=rank
2025-09-18 11:11:58 - DEBUG - [HIS] 2025-09-17 picked=cu2510, cu2511, reason=rank
2025-09-18 11:11:59 - INFO - [HIS] product=cu 2025-09-02~2025-09-17 days=12 skipped=0 mode=auto reasons={'pick_rank': 12}
2025-09-18 11:13:19 - INFO - [HIS] cu all  
2025-09-18 11:13:19 - INFO - [HIS] cu all  
2025-09-18 11:13:19 - INFO - [HIS] cu all  
2025-09-18 11:13:19 - INFO - [HIS] 2025-08-21~2025-09-17
2025-09-18 11:13:19 - INFO - [HIS] [datetime.date(2025, 8, 21), datetime.date(2025, 8, 22), datetime.date(2025, 8, 25), datetime.date(2025, 8, 26), datetime.date(2025, 8, 27), datetime.date(2025, 8, 28), datetime.date(2025, 8, 29), datetime.date(2025, 9, 1), datetime.date(2025, 9, 2), datetime.date(2025, 9, 3), datetime.date(2025, 9, 4), datetime.date(2025, 9, 5), datetime.date(2025, 9, 8), datetime.date(2025, 9, 9), datetime.date(2025, 9, 10), datetime.date(2025, 9, 11), datetime.date(2025, 9, 12), datetime.date(2025, 9, 15), datetime.date(2025, 9, 16), datetime.date(2025, 9, 17)] trading days
2025-09-18 11:13:19 - DEBUG - [HIS] 2025-08-21 picked=cu2509, cu2510, reason=rank
2025-09-18 11:13:19 - DEBUG - [HIS] 2025-08-22 picked=cu2509, cu2510, reason=rank
2025-09-18 11:13:19 - DEBUG - [HIS] 2025-08-25 picked=cu2510, cu2509, reason=rank
2025-09-18 11:13:19 - DEBUG - [HIS] 2025-08-26 picked=cu2510, cu2509, reason=rank
2025-09-18 11:13:19 - DEBUG - [HIS] 2025-08-27 picked=cu2510, cu2509, reason=rank
2025-09-18 11:13:20 - DEBUG - [HIS] 2025-08-28 picked=cu2510, cu2509, reason=rank
2025-09-18 11:13:20 - DEBUG - [HIS] 2025-08-29 picked=cu2510, cu2511, reason=rank
2025-09-18 11:13:20 - DEBUG - [HIS] 2025-09-01 picked=cu2510, cu2511, reason=rank
2025-09-18 11:13:20 - DEBUG - [HIS] 2025-09-02 picked=cu2510, cu2511, reason=rank
2025-09-18 11:13:20 - DEBUG - [HIS] 2025-09-03 picked=cu2510, cu2511, reason=rank
2025-09-18 11:13:20 - DEBUG - [HIS] 2025-09-04 picked=cu2510, cu2511, reason=rank
2025-09-18 11:13:20 - DEBUG - [HIS] 2025-09-05 picked=cu2510, cu2511, reason=rank
2025-09-18 11:13:20 - DEBUG - [HIS] 2025-09-08 picked=cu2510, cu2511, reason=rank
2025-09-18 11:13:20 - DEBUG - [HIS] 2025-09-09 picked=cu2510, cu2511, reason=rank
2025-09-18 11:13:20 - DEBUG - [HIS] 2025-09-10 picked=cu2510, cu2511, reason=rank
2025-09-18 11:13:20 - DEBUG - [HIS] 2025-09-11 picked=cu2510, cu2511, reason=rank
2025-09-18 11:13:20 - DEBUG - [HIS] 2025-09-12 picked=cu2510, cu2511, reason=rank
2025-09-18 11:13:20 - DEBUG - [HIS] 2025-09-15 picked=cu2510, cu2511, reason=rank
2025-09-18 11:13:20 - DEBUG - [HIS] 2025-09-16 picked=cu2510, cu2511, reason=rank
2025-09-18 11:13:20 - DEBUG - [HIS] 2025-09-17 picked=cu2510, cu2511, reason=rank
2025-09-18 11:13:21 - INFO - [HIS] product=cu 2025-08-21~2025-09-17 days=20 skipped=0 mode=auto reasons={'pick_rank': 20}
2025-09-18 11:14:41 - INFO - [TODAY] mode=auto product=cu day=2025-09-18
2025-09-18 11:14:41 - INFO - 加载主次主力合约: 品种=cu, 交易日=2025-09-18
2025-09-18 11:14:41 - WARNING - [当日合约] 查询为空: product=cu, date=2025-09-18
2025-09-18 11:14:41 - WARNING - 主/次主力合约未找到: 品种=cu, 交易日=2025-09-18
2025-09-18 13:49:28 - INFO - [TODAY] mode=auto product=cu day=2025-09-18
2025-09-18 13:49:28 - INFO - 加载主次主力合约: 品种=cu, 交易日=2025-09-18
2025-09-18 13:49:28 - WARNING - [当日合约] 查询为空: product=cu, date=2025-09-18
2025-09-18 13:49:28 - WARNING - 主/次主力合约未找到: 品种=cu, 交易日=2025-09-18
2025-09-18 13:56:29 - INFO - [TODAY] mode=auto product=cu day=2025-09-18
2025-09-18 13:56:29 - INFO - 加载主次主力合约: 品种=cu, 交易日=2025-09-18
2025-09-18 13:56:29 - WARNING - [当日合约] 查询为空: product=cu, date=2025-09-18
2025-09-18 13:56:29 - WARNING - 主/次主力合约未找到: 品种=cu, 交易日=2025-09-18
2025-09-18 13:56:34 - INFO - [TODAY] mode=auto product=cu day=2025-09-17
2025-09-18 13:56:34 - INFO - 加载主次主力合约: 品种=cu, 交易日=2025-09-17
2025-09-18 13:56:34 - INFO - 主次合约获取成功: product=cu, date=2025-09-17, main=cu2510, sub=cu2511
2025-09-18 13:56:34 - INFO - 主力合约=cu2510, 次主力合约=cu2511
2025-09-18 13:56:34 - INFO - ✅ 加载分钟数据成功: 合约=cu2510, 行数=465, 日期=2025-09-17
2025-09-18 13:56:34 - INFO - ✅ 加载分钟数据成功: 合约=cu2511, 行数=465, 日期=2025-09-17
2025-09-18 13:56:34 - INFO - 使用前一交易日: 原始=2025-09-17, 前一日=2025-09-16
2025-09-18 13:56:34 - INFO - ✅ 加载分钟数据成功: 合约=cu2510, 行数=465, 日期=2025-09-16
2025-09-18 13:56:34 - INFO - 使用前一交易日: 原始=2025-09-17, 前一日=2025-09-16
2025-09-18 13:56:34 - INFO - ✅ 加载分钟数据成功: 合约=cu2511, 行数=465, 日期=2025-09-16
2025-09-18 13:56:34 - INFO - 数据加载成功: 品种=cu, 主力行数=471, 次主力行数=471
2025-09-18 13:56:34 - INFO - 🧹 交易时段过滤: 原始=471 行，保留=446 行，过滤=25 行
2025-09-18 13:56:34 - INFO - 🧹 交易时段过滤: 原始=471 行，保留=446 行，过滤=25 行
2025-09-18 13:56:34 - INFO - ✅ Tick Size 获取成功: 合约=cu2510, tick_size=10.0
2025-09-18 13:56:34 - INFO - ⌛ 时间戳对齐检查: 主力=446 次主力=446 共有=446 总计=446
2025-09-18 13:56:34 - INFO - ✅ 合并成功: 行数=446
2025-09-18 13:56:34 - DEBUG - 价差样本: spread.head() = [20.0, 10.0, 0.0, 10.0, 10.0]
2025-09-18 13:56:34 - INFO - 🚫 涨跌停屏蔽: 主力=0 分钟, 次主力=0 分钟, 总计=0
2025-09-18 13:56:35 - INFO - ✅ 平均成交量查询成功: 合约=cu2510, 区间=2025-08-18~2025-09-17, 平均=64418, 有效天数=23
2025-09-18 13:56:37 - INFO - ✅ 平均成交量查询成功: 合约=cu2511, 区间=2025-08-18~2025-09-17, 平均=31258, 有效天数=23
2025-09-18 13:56:37 - INFO - 📉 单腿波动率计算: 波动率=19.396304, 样本数=444
2025-09-18 13:56:37 - INFO - 📉 单腿波动率计算: 波动率=20.930876, 样本数=444
2025-09-18 13:56:37 - INFO - 📊 价差波动率计算成功: 波动率=7.512217, 样本数=444
2025-09-18 14:06:56 - INFO - [TODAY] mode=auto product=cu day=2025-09-18
2025-09-18 14:06:56 - INFO - 加载主次主力合约: 品种=cu, 交易日=2025-09-18
2025-09-18 14:06:56 - WARNING - [当日合约] 查询为空: product=cu, date=2025-09-18
2025-09-18 14:06:56 - WARNING - 主/次主力合约未找到: 品种=cu, 交易日=2025-09-18
2025-09-18 14:06:57 - INFO - [TODAY] mode=auto product=cu day=2025-09-18
2025-09-18 14:06:57 - INFO - 加载主次主力合约: 品种=cu, 交易日=2025-09-18
2025-09-18 14:06:57 - WARNING - [当日合约] 查询为空: product=cu, date=2025-09-18
2025-09-18 14:06:57 - WARNING - 主/次主力合约未找到: 品种=cu, 交易日=2025-09-18
2025-09-18 14:18:33 - INFO - [TODAY] mode=auto product=cu day=2025-09-17
2025-09-18 14:18:33 - INFO - 加载主次主力合约: 品种=cu, 交易日=2025-09-17
2025-09-18 14:18:33 - INFO - 主次合约获取成功: product=cu, date=2025-09-17, main=cu2510, sub=cu2511
2025-09-18 14:18:33 - INFO - 主力合约=cu2510, 次主力合约=cu2511
2025-09-18 14:18:33 - INFO - ✅ 加载分钟数据成功: 合约=cu2510, 行数=465, 日期=2025-09-17
2025-09-18 14:18:33 - INFO - ✅ 加载分钟数据成功: 合约=cu2511, 行数=465, 日期=2025-09-17
2025-09-18 14:18:33 - INFO - 使用前一交易日: 原始=2025-09-17, 前一日=2025-09-16
2025-09-18 14:18:33 - INFO - ✅ 加载分钟数据成功: 合约=cu2510, 行数=465, 日期=2025-09-16
2025-09-18 14:18:33 - INFO - 使用前一交易日: 原始=2025-09-17, 前一日=2025-09-16
2025-09-18 14:18:33 - INFO - ✅ 加载分钟数据成功: 合约=cu2511, 行数=465, 日期=2025-09-16
2025-09-18 14:18:33 - INFO - 数据加载成功: 品种=cu, 主力行数=471, 次主力行数=471
2025-09-18 14:18:33 - INFO - 🧹 交易时段过滤: 原始=471 行，保留=446 行，过滤=25 行
2025-09-18 14:18:33 - INFO - 🧹 交易时段过滤: 原始=471 行，保留=446 行，过滤=25 行
2025-09-18 14:18:33 - INFO - ✅ Tick Size 获取成功: 合约=cu2510, tick_size=10.0
2025-09-18 14:18:33 - INFO - ⌛ 时间戳对齐检查: 主力=446 次主力=446 共有=446 总计=446
2025-09-18 14:18:33 - INFO - ✅ 合并成功: 行数=446
2025-09-18 14:18:33 - DEBUG - 价差样本: spread.head() = [20.0, 10.0, 0.0, 10.0, 10.0]
2025-09-18 14:18:33 - INFO - 🚫 涨跌停屏蔽: 主力=0 分钟, 次主力=0 分钟, 总计=0
2025-09-18 14:18:34 - INFO - ✅ 平均成交量查询成功: 合约=cu2510, 区间=2025-08-18~2025-09-17, 平均=64418, 有效天数=23
2025-09-18 14:18:35 - INFO - ✅ 平均成交量查询成功: 合约=cu2511, 区间=2025-08-18~2025-09-17, 平均=31258, 有效天数=23
2025-09-18 14:18:35 - INFO - 📉 单腿波动率计算: 波动率=19.396304, 样本数=444
2025-09-18 14:18:35 - INFO - 📉 单腿波动率计算: 波动率=20.930876, 样本数=444
2025-09-18 14:18:35 - INFO - 📊 价差波动率计算成功: 波动率=7.512217, 样本数=444
2025-09-18 14:25:48 - INFO - [TODAY] mode=auto product=cu day=2025-09-18
2025-09-18 14:25:48 - INFO - 加载主次主力合约: 品种=cu, 交易日=2025-09-18
2025-09-18 14:25:48 - WARNING - [当日合约] 查询为空: product=cu, date=2025-09-18
2025-09-18 14:25:48 - WARNING - 主/次主力合约未找到: 品种=cu, 交易日=2025-09-18
2025-09-18 14:25:57 - INFO - [TODAY] mode=auto product=cu day=2025-09-18
2025-09-18 14:25:57 - INFO - 加载主次主力合约: 品种=cu, 交易日=2025-09-18
2025-09-18 14:25:57 - WARNING - [当日合约] 查询为空: product=cu, date=2025-09-18
2025-09-18 14:25:57 - WARNING - 主/次主力合约未找到: 品种=cu, 交易日=2025-09-18
2025-09-18 14:26:14 - INFO - [TODAY] mode=auto product=cu day=2025-09-18
2025-09-18 14:26:14 - INFO - 加载主次主力合约: 品种=cu, 交易日=2025-09-18
2025-09-18 14:26:14 - WARNING - [当日合约] 查询为空: product=cu, date=2025-09-18
2025-09-18 14:26:14 - WARNING - 主/次主力合约未找到: 品种=cu, 交易日=2025-09-18
2025-09-18 14:27:43 - INFO - [TODAY] mode=auto product=cu day=2025-09-18
2025-09-18 14:27:43 - INFO - 加载主次主力合约: 品种=cu, 交易日=2025-09-18
2025-09-18 14:27:43 - WARNING - [当日合约] 查询为空: product=cu, date=2025-09-18
2025-09-18 14:27:43 - WARNING - 主/次主力合约未找到: 品种=cu, 交易日=2025-09-18
2025-09-18 14:27:43 - INFO - [TODAY] mode=auto product=cu day=2025-09-18
2025-09-18 14:27:43 - INFO - 加载主次主力合约: 品种=cu, 交易日=2025-09-18
2025-09-18 14:27:43 - WARNING - [当日合约] 查询为空: product=cu, date=2025-09-18
2025-09-18 14:27:43 - WARNING - 主/次主力合约未找到: 品种=cu, 交易日=2025-09-18
2025-09-18 14:29:34 - INFO - [TODAY] mode=auto product=cu day=2025-09-18
2025-09-18 14:29:34 - INFO - 加载主次主力合约: 品种=cu, 交易日=2025-09-18
2025-09-18 14:29:34 - WARNING - [当日合约] 查询为空: product=cu, date=2025-09-18
2025-09-18 14:29:34 - WARNING - 主/次主力合约未找到: 品种=cu, 交易日=2025-09-18
2025-09-18 14:29:44 - INFO - [TODAY] mode=auto product=cu day=2025-09-18
2025-09-18 14:29:44 - INFO - 加载主次主力合约: 品种=cu, 交易日=2025-09-18
2025-09-18 14:29:44 - WARNING - [当日合约] 查询为空: product=cu, date=2025-09-18
2025-09-18 14:29:44 - WARNING - 主/次主力合约未找到: 品种=cu, 交易日=2025-09-18
2025-09-18 14:30:02 - INFO - [TODAY] mode=auto product=cu day=2025-09-18
2025-09-18 14:30:02 - INFO - 加载主次主力合约: 品种=cu, 交易日=2025-09-18
2025-09-18 14:30:02 - WARNING - [当日合约] 查询为空: product=cu, date=2025-09-18
2025-09-18 14:30:02 - WARNING - 主/次主力合约未找到: 品种=cu, 交易日=2025-09-18
2025-09-18 14:30:03 - INFO - [TODAY] mode=auto product=cu day=2025-09-18
2025-09-18 14:30:03 - INFO - 加载主次主力合约: 品种=cu, 交易日=2025-09-18
2025-09-18 14:30:03 - WARNING - [当日合约] 查询为空: product=cu, date=2025-09-18
2025-09-18 14:30:03 - WARNING - 主/次主力合约未找到: 品种=cu, 交易日=2025-09-18
2025-09-18 15:00:16 - INFO - [TODAY] mode=auto product=cu day=2025-09-18
2025-09-18 15:00:16 - INFO - 加载主次主力合约: 品种=cu, 交易日=2025-09-18
2025-09-18 15:00:16 - WARNING - [当日合约] 查询为空: product=cu, date=2025-09-18
2025-09-18 15:00:16 - WARNING - 主/次主力合约未找到: 品种=cu, 交易日=2025-09-18
2025-09-18 15:35:06 - INFO - [TODAY] mode=auto product=cu day=2025-09-17
2025-09-18 15:35:06 - INFO - 加载主次主力合约: 品种=cu, 交易日=2025-09-17
2025-09-18 15:35:06 - INFO - 主次合约获取成功: product=cu, date=2025-09-17, main=cu2510, sub=cu2511
2025-09-18 15:35:06 - INFO - 主力合约=cu2510, 次主力合约=cu2511
2025-09-18 15:35:06 - INFO - ✅ 加载分钟数据成功: 合约=cu2510, 行数=465, 日期=2025-09-17
2025-09-18 15:35:06 - INFO - ✅ 加载分钟数据成功: 合约=cu2511, 行数=465, 日期=2025-09-17
2025-09-18 15:35:06 - INFO - 使用前一交易日: 原始=2025-09-17, 前一日=2025-09-16
2025-09-18 15:35:06 - INFO - ✅ 加载分钟数据成功: 合约=cu2510, 行数=465, 日期=2025-09-16
2025-09-18 15:35:06 - INFO - 使用前一交易日: 原始=2025-09-17, 前一日=2025-09-16
2025-09-18 15:35:06 - INFO - ✅ 加载分钟数据成功: 合约=cu2511, 行数=465, 日期=2025-09-16
2025-09-18 15:35:06 - INFO - 数据加载成功: 品种=cu, 主力行数=471, 次主力行数=471
2025-09-18 15:35:06 - INFO - 🧹 交易时段过滤: 原始=471 行，保留=446 行，过滤=25 行
2025-09-18 15:35:06 - INFO - 🧹 交易时段过滤: 原始=471 行，保留=446 行，过滤=25 行
2025-09-18 15:35:06 - INFO - ✅ Tick Size 获取成功: 合约=cu2510, tick_size=10.0
2025-09-18 15:35:06 - INFO - ⌛ 时间戳对齐检查: 主力=446 次主力=446 共有=446 总计=446
2025-09-18 15:35:06 - INFO - ✅ 合并成功: 行数=446
2025-09-18 15:35:06 - DEBUG - 价差样本: spread.head() = [20.0, 10.0, 0.0, 10.0, 10.0]
2025-09-18 15:35:06 - INFO - 🚫 涨跌停屏蔽: 主力=0 分钟, 次主力=0 分钟, 总计=0
2025-09-18 15:35:07 - INFO - ✅ 平均成交量查询成功: 合约=cu2510, 区间=2025-08-18~2025-09-17, 平均=64418, 有效天数=23
2025-09-18 15:35:08 - INFO - ✅ 平均成交量查询成功: 合约=cu2511, 区间=2025-08-18~2025-09-17, 平均=31258, 有效天数=23
2025-09-18 15:35:08 - INFO - 📉 单腿波动率计算: 波动率=19.396304, 样本数=444
2025-09-18 15:35:08 - INFO - 📉 单腿波动率计算: 波动率=20.930876, 样本数=444
2025-09-18 15:35:08 - INFO - 📊 价差波动率计算成功: 波动率=7.512217, 样本数=444
2025-09-18 15:43:38 - INFO - [CONTRACTS] in: product=cu, on=2025-09-18
2025-09-18 15:43:38 - INFO - [CONTRACTS] raw_count=117
2025-09-18 15:43:38 - INFO - [CONTRACTS] out: default_near=cu2510, default_far=cu2511
2025-09-18 15:43:38 - INFO - [CONTRACTS] out: options=12
2025-09-18 15:43:38 - INFO - [CONTRACTS] out: cu, 2025-09-18
2025-09-18 15:43:39 - INFO - [TODAY] mode=auto product=cu day=2025-09-17
2025-09-18 15:43:39 - INFO - 加载主次主力合约: 品种=cu, 交易日=2025-09-17
2025-09-18 15:43:39 - INFO - 主次合约获取成功: product=cu, date=2025-09-17, main=cu2510, sub=cu2511
2025-09-18 15:43:39 - INFO - 主力合约=cu2510, 次主力合约=cu2511
2025-09-18 15:43:39 - INFO - ✅ 加载分钟数据成功: 合约=cu2510, 行数=465, 日期=2025-09-17
2025-09-18 15:43:39 - INFO - ✅ 加载分钟数据成功: 合约=cu2511, 行数=465, 日期=2025-09-17
2025-09-18 15:43:39 - INFO - 使用前一交易日: 原始=2025-09-17, 前一日=2025-09-16
2025-09-18 15:43:39 - INFO - ✅ 加载分钟数据成功: 合约=cu2510, 行数=465, 日期=2025-09-16
2025-09-18 15:43:39 - INFO - 使用前一交易日: 原始=2025-09-17, 前一日=2025-09-16
2025-09-18 15:43:39 - INFO - ✅ 加载分钟数据成功: 合约=cu2511, 行数=465, 日期=2025-09-16
2025-09-18 15:43:39 - INFO - 数据加载成功: 品种=cu, 主力行数=471, 次主力行数=471
2025-09-18 15:43:39 - INFO - 🧹 交易时段过滤: 原始=471 行，保留=446 行，过滤=25 行
2025-09-18 15:43:39 - INFO - 🧹 交易时段过滤: 原始=471 行，保留=446 行，过滤=25 行
2025-09-18 15:43:39 - INFO - ✅ Tick Size 获取成功: 合约=cu2510, tick_size=10.0
2025-09-18 15:43:39 - INFO - ⌛ 时间戳对齐检查: 主力=446 次主力=446 共有=446 总计=446
2025-09-18 15:43:39 - INFO - ✅ 合并成功: 行数=446
2025-09-18 15:43:39 - DEBUG - 价差样本: spread.head() = [20.0, 10.0, 0.0, 10.0, 10.0]
2025-09-18 15:43:39 - INFO - 🚫 涨跌停屏蔽: 主力=0 分钟, 次主力=0 分钟, 总计=0
2025-09-18 15:43:39 - INFO - ✅ 平均成交量查询成功: 合约=cu2510, 区间=2025-08-18~2025-09-17, 平均=64418, 有效天数=23
2025-09-18 15:43:39 - INFO - ✅ 平均成交量查询成功: 合约=cu2511, 区间=2025-08-18~2025-09-17, 平均=31258, 有效天数=23
2025-09-18 15:43:39 - INFO - 📉 单腿波动率计算: 波动率=19.396304, 样本数=444
2025-09-18 15:43:39 - INFO - 📉 单腿波动率计算: 波动率=20.930876, 样本数=444
2025-09-18 15:43:39 - INFO - 📊 价差波动率计算成功: 波动率=7.512217, 样本数=444
2025-09-18 15:47:21 - INFO - [TODAY] mode=auto product=cu day=2025-09-18
2025-09-18 15:47:21 - INFO - 加载主次主力合约: 品种=cu, 交易日=2025-09-18
2025-09-18 15:47:21 - WARNING - [当日合约] 查询为空: product=cu, date=2025-09-18
2025-09-18 15:47:21 - WARNING - 主/次主力合约未找到: 品种=cu, 交易日=2025-09-18
2025-09-18 15:47:21 - INFO - [TODAY] mode=auto product=cu day=2025-09-18
2025-09-18 15:47:21 - INFO - 加载主次主力合约: 品种=cu, 交易日=2025-09-18
2025-09-18 15:47:21 - WARNING - [当日合约] 查询为空: product=cu, date=2025-09-18
2025-09-18 15:47:21 - WARNING - 主/次主力合约未找到: 品种=cu, 交易日=2025-09-18
