2025-09-04 10:13:30 - INFO - [CONTRACTS] in: product=cu, on=2025-09-04
2025-09-04 10:13:30 - INFO - [CONTRACTS] raw_count=116
2025-09-04 10:13:30 - INFO - [CONTRACTS] out: default_near=cu2509, default_far=cu2510
2025-09-04 10:13:30 - INFO - [CONTRACTS] out: options=12
2025-09-04 10:13:30 - INFO - [CONTRACTS] out: cu, 2025-09-04
2025-09-04 10:13:30 - INFO - 加载主次主力合约: 品种=cu, 交易日=2025-09-03
2025-09-04 10:13:30 - INFO - 主次合约获取成功: product=cu, date=2025-09-03, main=cu2510, sub=cu2511
2025-09-04 10:13:30 - INFO - 主力合约=cu2510, 次主力合约=cu2511
2025-09-04 10:13:30 - INFO - ✅ 加载分钟数据成功: 合约=cu2510, 行数=465, 日期=2025-09-03
2025-09-04 10:13:30 - INFO - ✅ 加载分钟数据成功: 合约=cu2511, 行数=465, 日期=2025-09-03
2025-09-04 10:13:30 - INFO - 使用前一交易日: 原始=2025-09-03, 前一日=2025-09-02
2025-09-04 10:13:30 - INFO - ✅ 加载分钟数据成功: 合约=cu2510, 行数=465, 日期=2025-09-02
2025-09-04 10:13:30 - INFO - 使用前一交易日: 原始=2025-09-03, 前一日=2025-09-02
2025-09-04 10:13:30 - INFO - ✅ 加载分钟数据成功: 合约=cu2511, 行数=465, 日期=2025-09-02
2025-09-04 10:13:30 - INFO - 数据加载成功: 品种=cu, 主力行数=471, 次主力行数=471
2025-09-04 10:13:30 - INFO - 🧹 交易时段过滤: 原始=471 行，保留=446 行，过滤=25 行
2025-09-04 10:13:30 - INFO - 🧹 交易时段过滤: 原始=471 行，保留=446 行，过滤=25 行
2025-09-04 10:13:30 - INFO - ✅ Tick Size 获取成功: 合约=cu2510, tick_size=10.0
2025-09-04 10:13:30 - INFO - ⌛ 时间戳对齐检查: 主力=446 次主力=446 共有=446 总计=446
2025-09-04 10:13:30 - INFO - ✅ 合并成功: 行数=446
2025-09-04 10:13:30 - DEBUG - 价差样本: spread.head() = [30.0, 50.0, 50.0, 50.0, 40.0]
2025-09-04 10:13:30 - INFO - 🚫 涨跌停屏蔽: 主力=0 分钟, 次主力=0 分钟, 总计=0
2025-09-04 10:13:30 - INFO - ✅ 平均成交量查询成功: 合约=cu2510, 区间=2025-08-04~2025-09-03, 平均=46642, 有效天数=23
2025-09-04 10:13:30 - INFO - ✅ 平均成交量查询成功: 合约=cu2511, 区间=2025-08-04~2025-09-03, 平均=15334, 有效天数=23
2025-09-04 10:13:30 - INFO - 📉 单腿波动率计算: 波动率=24.430249, 样本数=444
2025-09-04 10:13:30 - INFO - 📉 单腿波动率计算: 波动率=23.847896, 样本数=444
2025-09-04 10:13:30 - INFO - 📊 价差波动率计算成功: 波动率=7.964336, 样本数=444
2025-09-04 10:13:32 - INFO - 加载主次主力合约: 品种=cu, 交易日=2025-09-03
2025-09-04 10:13:32 - INFO - 主次合约获取成功: product=cu, date=2025-09-03, main=cu2510, sub=cu2511
2025-09-04 10:13:32 - INFO - 主力合约=cu2510, 次主力合约=cu2511
2025-09-04 10:13:32 - INFO - ✅ 加载分钟数据成功: 合约=cu2510, 行数=465, 日期=2025-09-03
2025-09-04 10:13:32 - INFO - ✅ 加载分钟数据成功: 合约=cu2511, 行数=465, 日期=2025-09-03
2025-09-04 10:13:32 - INFO - 使用前一交易日: 原始=2025-09-03, 前一日=2025-09-02
2025-09-04 10:13:32 - INFO - ✅ 加载分钟数据成功: 合约=cu2510, 行数=465, 日期=2025-09-02
2025-09-04 10:13:32 - INFO - 使用前一交易日: 原始=2025-09-03, 前一日=2025-09-02
2025-09-04 10:13:32 - INFO - ✅ 加载分钟数据成功: 合约=cu2511, 行数=465, 日期=2025-09-02
2025-09-04 10:13:32 - INFO - 数据加载成功: 品种=cu, 主力行数=471, 次主力行数=471
2025-09-04 10:13:32 - INFO - 🧹 交易时段过滤: 原始=471 行，保留=446 行，过滤=25 行
2025-09-04 10:13:32 - INFO - 🧹 交易时段过滤: 原始=471 行，保留=446 行，过滤=25 行
2025-09-04 10:13:32 - INFO - ✅ Tick Size 获取成功: 合约=cu2510, tick_size=10.0
2025-09-04 10:13:32 - INFO - ⌛ 时间戳对齐检查: 主力=446 次主力=446 共有=446 总计=446
2025-09-04 10:13:32 - INFO - ✅ 合并成功: 行数=446
2025-09-04 10:13:32 - DEBUG - 价差样本: spread.head() = [30.0, 50.0, 50.0, 50.0, 40.0]
2025-09-04 10:13:32 - INFO - 🚫 涨跌停屏蔽: 主力=0 分钟, 次主力=0 分钟, 总计=0
2025-09-04 10:13:32 - INFO - ✅ 平均成交量查询成功: 合约=cu2510, 区间=2025-08-04~2025-09-03, 平均=46642, 有效天数=23
2025-09-04 10:13:32 - INFO - ✅ 平均成交量查询成功: 合约=cu2511, 区间=2025-08-04~2025-09-03, 平均=15334, 有效天数=23
2025-09-04 10:13:32 - INFO - 📉 单腿波动率计算: 波动率=24.430249, 样本数=444
2025-09-04 10:13:32 - INFO - 📉 单腿波动率计算: 波动率=23.847896, 样本数=444
2025-09-04 10:13:32 - INFO - 📊 价差波动率计算成功: 波动率=7.964336, 样本数=444
2025-09-04 10:13:33 - INFO - 加载主次主力合约: 品种=cu, 交易日=2025-09-03
2025-09-04 10:13:33 - INFO - 主次合约获取成功: product=cu, date=2025-09-03, main=cu2510, sub=cu2511
2025-09-04 10:13:33 - INFO - 主力合约=cu2510, 次主力合约=cu2511
2025-09-04 10:13:33 - INFO - ✅ 加载分钟数据成功: 合约=cu2510, 行数=465, 日期=2025-09-03
2025-09-04 10:13:33 - INFO - ✅ 加载分钟数据成功: 合约=cu2511, 行数=465, 日期=2025-09-03
2025-09-04 10:13:33 - INFO - 使用前一交易日: 原始=2025-09-03, 前一日=2025-09-02
2025-09-04 10:13:33 - INFO - ✅ 加载分钟数据成功: 合约=cu2510, 行数=465, 日期=2025-09-02
2025-09-04 10:13:33 - INFO - 使用前一交易日: 原始=2025-09-03, 前一日=2025-09-02
2025-09-04 10:13:33 - INFO - ✅ 加载分钟数据成功: 合约=cu2511, 行数=465, 日期=2025-09-02
2025-09-04 10:13:33 - INFO - 数据加载成功: 品种=cu, 主力行数=471, 次主力行数=471
2025-09-04 10:13:33 - INFO - 🧹 交易时段过滤: 原始=471 行，保留=446 行，过滤=25 行
2025-09-04 10:13:33 - INFO - 🧹 交易时段过滤: 原始=471 行，保留=446 行，过滤=25 行
2025-09-04 10:13:33 - INFO - ✅ Tick Size 获取成功: 合约=cu2510, tick_size=10.0
2025-09-04 10:13:33 - INFO - ⌛ 时间戳对齐检查: 主力=446 次主力=446 共有=446 总计=446
2025-09-04 10:13:33 - INFO - ✅ 合并成功: 行数=446
2025-09-04 10:13:33 - DEBUG - 价差样本: spread.head() = [30.0, 50.0, 50.0, 50.0, 40.0]
2025-09-04 10:13:33 - INFO - 🚫 涨跌停屏蔽: 主力=0 分钟, 次主力=0 分钟, 总计=0
2025-09-04 10:13:33 - INFO - ✅ 平均成交量查询成功: 合约=cu2510, 区间=2025-08-04~2025-09-03, 平均=46642, 有效天数=23
2025-09-04 10:13:33 - INFO - ✅ 平均成交量查询成功: 合约=cu2511, 区间=2025-08-04~2025-09-03, 平均=15334, 有效天数=23
2025-09-04 10:13:33 - INFO - 📉 单腿波动率计算: 波动率=24.430249, 样本数=444
2025-09-04 10:13:33 - INFO - 📉 单腿波动率计算: 波动率=23.847896, 样本数=444
2025-09-04 10:13:33 - INFO - 📊 价差波动率计算成功: 波动率=7.964336, 样本数=444
2025-09-04 10:13:34 - INFO - 加载主次主力合约: 品种=cu, 交易日=2025-09-03
2025-09-04 10:13:34 - INFO - 主次合约获取成功: product=cu, date=2025-09-03, main=cu2510, sub=cu2511
2025-09-04 10:13:34 - INFO - 主力合约=cu2510, 次主力合约=cu2511
2025-09-04 10:13:34 - INFO - ✅ 加载分钟数据成功: 合约=cu2510, 行数=465, 日期=2025-09-03
2025-09-04 10:13:34 - INFO - ✅ 加载分钟数据成功: 合约=cu2511, 行数=465, 日期=2025-09-03
2025-09-04 10:13:34 - INFO - 使用前一交易日: 原始=2025-09-03, 前一日=2025-09-02
2025-09-04 10:13:34 - INFO - ✅ 加载分钟数据成功: 合约=cu2510, 行数=465, 日期=2025-09-02
2025-09-04 10:13:34 - INFO - 使用前一交易日: 原始=2025-09-03, 前一日=2025-09-02
2025-09-04 10:13:34 - INFO - ✅ 加载分钟数据成功: 合约=cu2511, 行数=465, 日期=2025-09-02
2025-09-04 10:13:34 - INFO - 数据加载成功: 品种=cu, 主力行数=471, 次主力行数=471
2025-09-04 10:13:34 - INFO - 🧹 交易时段过滤: 原始=471 行，保留=446 行，过滤=25 行
2025-09-04 10:13:34 - INFO - 🧹 交易时段过滤: 原始=471 行，保留=446 行，过滤=25 行
2025-09-04 10:13:34 - INFO - ✅ Tick Size 获取成功: 合约=cu2510, tick_size=10.0
2025-09-04 10:13:34 - INFO - ⌛ 时间戳对齐检查: 主力=446 次主力=446 共有=446 总计=446
2025-09-04 10:13:34 - INFO - ✅ 合并成功: 行数=446
2025-09-04 10:13:34 - DEBUG - 价差样本: spread.head() = [30.0, 50.0, 50.0, 50.0, 40.0]
2025-09-04 10:13:34 - INFO - 🚫 涨跌停屏蔽: 主力=0 分钟, 次主力=0 分钟, 总计=0
2025-09-04 10:13:34 - INFO - ✅ 平均成交量查询成功: 合约=cu2510, 区间=2025-08-04~2025-09-03, 平均=46642, 有效天数=23
2025-09-04 10:13:34 - INFO - ✅ 平均成交量查询成功: 合约=cu2511, 区间=2025-08-04~2025-09-03, 平均=15334, 有效天数=23
2025-09-04 10:13:34 - INFO - 📉 单腿波动率计算: 波动率=24.430249, 样本数=444
2025-09-04 10:13:34 - INFO - 📉 单腿波动率计算: 波动率=23.847896, 样本数=444
2025-09-04 10:13:34 - INFO - 📊 价差波动率计算成功: 波动率=7.964336, 样本数=444
2025-09-04 10:13:58 - ERROR - Uncaught exception
Traceback (most recent call last):
  File "E:\vue-admin-template\backend\app.py", line 51, in <module>
    ts_crud = TimescaleCRUD(DATABASE_URL, pool_size=20, max_overflow=0)
  File "E:\vue-admin-template\backend\tools\timescaleManager.py", line 25, in __init__
    Base.metadata.create_all(self.engine)
  File "C:\Users\24225\.conda\envs\TA\lib\site-packages\sqlalchemy\sql\schema.py", line 5796, in create_all
    bind._run_ddl_visitor(
  File "C:\Users\24225\.conda\envs\TA\lib\site-packages\sqlalchemy\engine\base.py", line 3238, in _run_ddl_visitor
    with self.begin() as conn:
  File "C:\Users\24225\.conda\envs\TA\lib\contextlib.py", line 119, in __enter__
    return next(self.gen)
  File "C:\Users\24225\.conda\envs\TA\lib\site-packages\sqlalchemy\engine\base.py", line 3228, in begin
    with self.connect() as conn:
  File "C:\Users\24225\.conda\envs\TA\lib\site-packages\sqlalchemy\engine\base.py", line 3264, in connect
    return self._connection_cls(self)
  File "C:\Users\24225\.conda\envs\TA\lib\site-packages\sqlalchemy\engine\base.py", line 145, in __init__
    self._dbapi_connection = engine.raw_connection()
  File "C:\Users\24225\.conda\envs\TA\lib\site-packages\sqlalchemy\engine\base.py", line 3288, in raw_connection
    return self.pool.connect()
  File "C:\Users\24225\.conda\envs\TA\lib\site-packages\sqlalchemy\pool\base.py", line 452, in connect
    return _ConnectionFairy._checkout(self)
  File "C:\Users\24225\.conda\envs\TA\lib\site-packages\sqlalchemy\pool\base.py", line 1268, in _checkout
    fairy = _ConnectionRecord.checkout(pool)
  File "C:\Users\24225\.conda\envs\TA\lib\site-packages\sqlalchemy\pool\base.py", line 716, in checkout
    rec = pool._do_get()
  File "C:\Users\24225\.conda\envs\TA\lib\site-packages\sqlalchemy\pool\impl.py", line 169, in _do_get
    self._dec_overflow()
  File "C:\Users\24225\.conda\envs\TA\lib\site-packages\sqlalchemy\util\langhelpers.py", line 147, in __exit__
    raise exc_value.with_traceback(exc_tb)
  File "C:\Users\24225\.conda\envs\TA\lib\site-packages\sqlalchemy\pool\impl.py", line 166, in _do_get
    return self._create_connection()
  File "C:\Users\24225\.conda\envs\TA\lib\site-packages\sqlalchemy\pool\base.py", line 393, in _create_connection
    return _ConnectionRecord(self)
  File "C:\Users\24225\.conda\envs\TA\lib\site-packages\sqlalchemy\pool\base.py", line 678, in __init__
    self.__connect()
  File "C:\Users\24225\.conda\envs\TA\lib\site-packages\sqlalchemy\pool\base.py", line 903, in __connect
    pool.logger.debug("Error on connect(): %s", e)
  File "C:\Users\24225\.conda\envs\TA\lib\site-packages\sqlalchemy\util\langhelpers.py", line 147, in __exit__
    raise exc_value.with_traceback(exc_tb)
  File "C:\Users\24225\.conda\envs\TA\lib\site-packages\sqlalchemy\pool\base.py", line 898, in __connect
    self.dbapi_connection = connection = pool._invoke_creator(self)
  File "C:\Users\24225\.conda\envs\TA\lib\site-packages\sqlalchemy\engine\create.py", line 637, in connect
    return dialect.connect(*cargs, **cparams)
  File "C:\Users\24225\.conda\envs\TA\lib\site-packages\sqlalchemy\engine\default.py", line 616, in connect
    return self.loaded_dbapi.connect(*cargs, **cparams)
  File "C:\Users\24225\.conda\envs\TA\lib\site-packages\psycopg2\__init__.py", line 122, in connect
    conn = _connect(dsn, connection_factory=connection_factory, **kwasync)
KeyboardInterrupt
2025-09-04 10:35:38 - INFO - [TODAY] mode=auto product=cu day=2025-09-04
2025-09-04 10:35:38 - INFO - 加载主次主力合约: 品种=cu, 交易日=2025-09-04
2025-09-04 10:35:38 - WARNING - [当日合约] 查询为空: product=cu, date=2025-09-04
2025-09-04 10:35:38 - WARNING - 主/次主力合约未找到: 品种=cu, 交易日=2025-09-04
2025-09-04 10:35:45 - INFO - [TODAY] mode=auto product=cu day=2025-09-03
2025-09-04 10:35:45 - INFO - 加载主次主力合约: 品种=cu, 交易日=2025-09-03
2025-09-04 10:35:45 - INFO - 主次合约获取成功: product=cu, date=2025-09-03, main=cu2510, sub=cu2511
2025-09-04 10:35:45 - INFO - 主力合约=cu2510, 次主力合约=cu2511
2025-09-04 10:35:45 - INFO - ✅ 加载分钟数据成功: 合约=cu2510, 行数=465, 日期=2025-09-03
2025-09-04 10:35:45 - INFO - ✅ 加载分钟数据成功: 合约=cu2511, 行数=465, 日期=2025-09-03
2025-09-04 10:35:45 - INFO - 使用前一交易日: 原始=2025-09-03, 前一日=2025-09-02
2025-09-04 10:35:45 - INFO - ✅ 加载分钟数据成功: 合约=cu2510, 行数=465, 日期=2025-09-02
2025-09-04 10:35:45 - INFO - 使用前一交易日: 原始=2025-09-03, 前一日=2025-09-02
2025-09-04 10:35:45 - INFO - ✅ 加载分钟数据成功: 合约=cu2511, 行数=465, 日期=2025-09-02
2025-09-04 10:35:45 - INFO - 数据加载成功: 品种=cu, 主力行数=471, 次主力行数=471
2025-09-04 10:35:45 - INFO - 🧹 交易时段过滤: 原始=471 行，保留=446 行，过滤=25 行
2025-09-04 10:35:45 - INFO - 🧹 交易时段过滤: 原始=471 行，保留=446 行，过滤=25 行
2025-09-04 10:35:45 - INFO - ✅ Tick Size 获取成功: 合约=cu2510, tick_size=10.0
2025-09-04 10:35:45 - INFO - ⌛ 时间戳对齐检查: 主力=446 次主力=446 共有=446 总计=446
2025-09-04 10:35:45 - INFO - ✅ 合并成功: 行数=446
2025-09-04 10:35:45 - DEBUG - 价差样本: spread.head() = [30.0, 50.0, 50.0, 50.0, 40.0]
2025-09-04 10:35:45 - INFO - 🚫 涨跌停屏蔽: 主力=0 分钟, 次主力=0 分钟, 总计=0
2025-09-04 10:35:45 - INFO - ✅ 平均成交量查询成功: 合约=cu2510, 区间=2025-08-04~2025-09-03, 平均=46642, 有效天数=23
2025-09-04 10:35:45 - INFO - ✅ 平均成交量查询成功: 合约=cu2511, 区间=2025-08-04~2025-09-03, 平均=15334, 有效天数=23
2025-09-04 10:35:45 - INFO - 📉 单腿波动率计算: 波动率=24.430249, 样本数=444
2025-09-04 10:35:45 - INFO - 📉 单腿波动率计算: 波动率=23.847896, 样本数=444
2025-09-04 10:35:45 - INFO - 📊 价差波动率计算成功: 波动率=7.964336, 样本数=444
2025-09-04 10:35:56 - INFO - [TODAY] mode=auto product=cu day=2025-09-03
2025-09-04 10:35:56 - INFO - 加载主次主力合约: 品种=cu, 交易日=2025-09-03
2025-09-04 10:35:56 - INFO - 主次合约获取成功: product=cu, date=2025-09-03, main=cu2510, sub=cu2511
2025-09-04 10:35:56 - INFO - 主力合约=cu2510, 次主力合约=cu2511
2025-09-04 10:35:56 - INFO - ✅ 加载分钟数据成功: 合约=cu2510, 行数=465, 日期=2025-09-03
2025-09-04 10:35:56 - INFO - ✅ 加载分钟数据成功: 合约=cu2511, 行数=465, 日期=2025-09-03
2025-09-04 10:35:56 - INFO - 使用前一交易日: 原始=2025-09-03, 前一日=2025-09-02
2025-09-04 10:35:56 - INFO - ✅ 加载分钟数据成功: 合约=cu2510, 行数=465, 日期=2025-09-02
2025-09-04 10:35:56 - INFO - 使用前一交易日: 原始=2025-09-03, 前一日=2025-09-02
2025-09-04 10:35:56 - INFO - ✅ 加载分钟数据成功: 合约=cu2511, 行数=465, 日期=2025-09-02
2025-09-04 10:35:56 - INFO - 数据加载成功: 品种=cu, 主力行数=471, 次主力行数=471
2025-09-04 10:35:56 - INFO - 🧹 交易时段过滤: 原始=471 行，保留=446 行，过滤=25 行
2025-09-04 10:35:56 - INFO - 🧹 交易时段过滤: 原始=471 行，保留=446 行，过滤=25 行
2025-09-04 10:35:56 - INFO - ✅ Tick Size 获取成功: 合约=cu2510, tick_size=10.0
2025-09-04 10:35:56 - INFO - ⌛ 时间戳对齐检查: 主力=446 次主力=446 共有=446 总计=446
2025-09-04 10:35:56 - INFO - ✅ 合并成功: 行数=446
2025-09-04 10:35:56 - DEBUG - 价差样本: spread.head() = [30.0, 50.0, 50.0, 50.0, 40.0]
2025-09-04 10:35:56 - INFO - 🚫 涨跌停屏蔽: 主力=0 分钟, 次主力=0 分钟, 总计=0
2025-09-04 10:35:56 - INFO - ✅ 平均成交量查询成功: 合约=cu2510, 区间=2025-08-04~2025-09-03, 平均=46642, 有效天数=23
2025-09-04 10:35:56 - INFO - ✅ 平均成交量查询成功: 合约=cu2511, 区间=2025-08-04~2025-09-03, 平均=15334, 有效天数=23
2025-09-04 10:35:56 - INFO - 📉 单腿波动率计算: 波动率=24.430249, 样本数=444
2025-09-04 10:35:56 - INFO - 📉 单腿波动率计算: 波动率=23.847896, 样本数=444
2025-09-04 10:35:56 - INFO - 📊 价差波动率计算成功: 波动率=7.964336, 样本数=444
2025-09-04 10:35:58 - INFO - [TODAY] mode=auto product=cu day=2025-09-03
2025-09-04 10:35:58 - INFO - 加载主次主力合约: 品种=cu, 交易日=2025-09-03
2025-09-04 10:35:58 - INFO - 主次合约获取成功: product=cu, date=2025-09-03, main=cu2510, sub=cu2511
2025-09-04 10:35:58 - INFO - 主力合约=cu2510, 次主力合约=cu2511
2025-09-04 10:35:58 - INFO - ✅ 加载分钟数据成功: 合约=cu2510, 行数=465, 日期=2025-09-03
2025-09-04 10:35:58 - INFO - ✅ 加载分钟数据成功: 合约=cu2511, 行数=465, 日期=2025-09-03
2025-09-04 10:35:58 - INFO - 使用前一交易日: 原始=2025-09-03, 前一日=2025-09-02
2025-09-04 10:35:58 - INFO - ✅ 加载分钟数据成功: 合约=cu2510, 行数=465, 日期=2025-09-02
2025-09-04 10:35:58 - INFO - 使用前一交易日: 原始=2025-09-03, 前一日=2025-09-02
2025-09-04 10:35:58 - INFO - ✅ 加载分钟数据成功: 合约=cu2511, 行数=465, 日期=2025-09-02
2025-09-04 10:35:58 - INFO - 数据加载成功: 品种=cu, 主力行数=471, 次主力行数=471
2025-09-04 10:35:58 - INFO - 🧹 交易时段过滤: 原始=471 行，保留=446 行，过滤=25 行
2025-09-04 10:35:58 - INFO - 🧹 交易时段过滤: 原始=471 行，保留=446 行，过滤=25 行
2025-09-04 10:35:58 - INFO - ✅ Tick Size 获取成功: 合约=cu2510, tick_size=10.0
2025-09-04 10:35:58 - INFO - ⌛ 时间戳对齐检查: 主力=446 次主力=446 共有=446 总计=446
2025-09-04 10:35:58 - INFO - ✅ 合并成功: 行数=446
2025-09-04 10:35:58 - DEBUG - 价差样本: spread.head() = [30.0, 50.0, 50.0, 50.0, 40.0]
2025-09-04 10:35:58 - INFO - 🚫 涨跌停屏蔽: 主力=0 分钟, 次主力=0 分钟, 总计=0
2025-09-04 10:35:58 - INFO - ✅ 平均成交量查询成功: 合约=cu2510, 区间=2025-08-04~2025-09-03, 平均=46642, 有效天数=23
2025-09-04 10:35:58 - INFO - ✅ 平均成交量查询成功: 合约=cu2511, 区间=2025-08-04~2025-09-03, 平均=15334, 有效天数=23
2025-09-04 10:35:58 - INFO - 📉 单腿波动率计算: 波动率=24.430249, 样本数=444
2025-09-04 10:35:58 - INFO - 📉 单腿波动率计算: 波动率=23.847896, 样本数=444
2025-09-04 10:35:58 - INFO - 📊 价差波动率计算成功: 波动率=7.964336, 样本数=444
2025-09-04 10:36:00 - INFO - [TODAY] mode=auto product=cu day=2025-09-03
2025-09-04 10:36:00 - INFO - 加载主次主力合约: 品种=cu, 交易日=2025-09-03
2025-09-04 10:36:00 - INFO - 主次合约获取成功: product=cu, date=2025-09-03, main=cu2510, sub=cu2511
2025-09-04 10:36:00 - INFO - 主力合约=cu2510, 次主力合约=cu2511
2025-09-04 10:36:00 - INFO - ✅ 加载分钟数据成功: 合约=cu2510, 行数=465, 日期=2025-09-03
2025-09-04 10:36:00 - INFO - ✅ 加载分钟数据成功: 合约=cu2511, 行数=465, 日期=2025-09-03
2025-09-04 10:36:00 - INFO - 使用前一交易日: 原始=2025-09-03, 前一日=2025-09-02
2025-09-04 10:36:00 - INFO - ✅ 加载分钟数据成功: 合约=cu2510, 行数=465, 日期=2025-09-02
2025-09-04 10:36:00 - INFO - 使用前一交易日: 原始=2025-09-03, 前一日=2025-09-02
2025-09-04 10:36:00 - INFO - ✅ 加载分钟数据成功: 合约=cu2511, 行数=465, 日期=2025-09-02
2025-09-04 10:36:00 - INFO - 数据加载成功: 品种=cu, 主力行数=471, 次主力行数=471
2025-09-04 10:36:00 - INFO - 🧹 交易时段过滤: 原始=471 行，保留=446 行，过滤=25 行
2025-09-04 10:36:00 - INFO - 🧹 交易时段过滤: 原始=471 行，保留=446 行，过滤=25 行
2025-09-04 10:36:00 - INFO - ✅ Tick Size 获取成功: 合约=cu2510, tick_size=10.0
2025-09-04 10:36:00 - INFO - ⌛ 时间戳对齐检查: 主力=446 次主力=446 共有=446 总计=446
2025-09-04 10:36:00 - INFO - ✅ 合并成功: 行数=446
2025-09-04 10:36:00 - DEBUG - 价差样本: spread.head() = [30.0, 50.0, 50.0, 50.0, 40.0]
2025-09-04 10:36:00 - INFO - 🚫 涨跌停屏蔽: 主力=0 分钟, 次主力=0 分钟, 总计=0
2025-09-04 10:36:01 - INFO - ✅ 平均成交量查询成功: 合约=cu2510, 区间=2025-08-04~2025-09-03, 平均=46642, 有效天数=23
2025-09-04 10:36:01 - INFO - ✅ 平均成交量查询成功: 合约=cu2511, 区间=2025-08-04~2025-09-03, 平均=15334, 有效天数=23
2025-09-04 10:36:01 - INFO - 📉 单腿波动率计算: 波动率=24.430249, 样本数=444
2025-09-04 10:36:01 - INFO - 📉 单腿波动率计算: 波动率=23.847896, 样本数=444
2025-09-04 10:36:01 - INFO - 📊 价差波动率计算成功: 波动率=7.964336, 样本数=444
2025-09-04 10:37:22 - INFO - [TODAY] mode=auto product=cu day=2025-09-03
2025-09-04 10:37:22 - INFO - 加载主次主力合约: 品种=cu, 交易日=2025-09-03
2025-09-04 10:37:22 - INFO - 主次合约获取成功: product=cu, date=2025-09-03, main=cu2510, sub=cu2511
2025-09-04 10:37:22 - INFO - 主力合约=cu2510, 次主力合约=cu2511
2025-09-04 10:37:22 - INFO - ✅ 加载分钟数据成功: 合约=cu2510, 行数=465, 日期=2025-09-03
2025-09-04 10:37:22 - INFO - ✅ 加载分钟数据成功: 合约=cu2511, 行数=465, 日期=2025-09-03
2025-09-04 10:37:22 - INFO - 使用前一交易日: 原始=2025-09-03, 前一日=2025-09-02
2025-09-04 10:37:22 - INFO - ✅ 加载分钟数据成功: 合约=cu2510, 行数=465, 日期=2025-09-02
2025-09-04 10:37:22 - INFO - 使用前一交易日: 原始=2025-09-03, 前一日=2025-09-02
2025-09-04 10:37:22 - INFO - ✅ 加载分钟数据成功: 合约=cu2511, 行数=465, 日期=2025-09-02
2025-09-04 10:37:22 - INFO - 数据加载成功: 品种=cu, 主力行数=471, 次主力行数=471
2025-09-04 10:37:22 - INFO - 🧹 交易时段过滤: 原始=471 行，保留=446 行，过滤=25 行
2025-09-04 10:37:22 - INFO - 🧹 交易时段过滤: 原始=471 行，保留=446 行，过滤=25 行
2025-09-04 10:37:22 - INFO - ✅ Tick Size 获取成功: 合约=cu2510, tick_size=10.0
2025-09-04 10:37:22 - INFO - ⌛ 时间戳对齐检查: 主力=446 次主力=446 共有=446 总计=446
2025-09-04 10:37:22 - INFO - ✅ 合并成功: 行数=446
2025-09-04 10:37:22 - DEBUG - 价差样本: spread.head() = [30.0, 50.0, 50.0, 50.0, 40.0]
2025-09-04 10:37:22 - INFO - 🚫 涨跌停屏蔽: 主力=0 分钟, 次主力=0 分钟, 总计=0
2025-09-04 10:37:22 - INFO - ✅ 平均成交量查询成功: 合约=cu2510, 区间=2025-08-04~2025-09-03, 平均=46642, 有效天数=23
2025-09-04 10:37:22 - INFO - ✅ 平均成交量查询成功: 合约=cu2511, 区间=2025-08-04~2025-09-03, 平均=15334, 有效天数=23
2025-09-04 10:37:22 - INFO - 📉 单腿波动率计算: 波动率=24.430249, 样本数=444
2025-09-04 10:37:22 - INFO - 📉 单腿波动率计算: 波动率=23.847896, 样本数=444
2025-09-04 10:37:22 - INFO - 📊 价差波动率计算成功: 波动率=7.964336, 样本数=444
2025-09-04 10:37:24 - INFO - [TODAY] mode=auto product=cu day=2025-09-03
2025-09-04 10:37:24 - INFO - 加载主次主力合约: 品种=cu, 交易日=2025-09-03
2025-09-04 10:37:24 - INFO - 主次合约获取成功: product=cu, date=2025-09-03, main=cu2510, sub=cu2511
2025-09-04 10:37:24 - INFO - 主力合约=cu2510, 次主力合约=cu2511
2025-09-04 10:37:24 - INFO - ✅ 加载分钟数据成功: 合约=cu2510, 行数=465, 日期=2025-09-03
2025-09-04 10:37:24 - INFO - ✅ 加载分钟数据成功: 合约=cu2511, 行数=465, 日期=2025-09-03
2025-09-04 10:37:24 - INFO - 使用前一交易日: 原始=2025-09-03, 前一日=2025-09-02
2025-09-04 10:37:24 - INFO - ✅ 加载分钟数据成功: 合约=cu2510, 行数=465, 日期=2025-09-02
2025-09-04 10:37:24 - INFO - 使用前一交易日: 原始=2025-09-03, 前一日=2025-09-02
2025-09-04 10:37:24 - INFO - ✅ 加载分钟数据成功: 合约=cu2511, 行数=465, 日期=2025-09-02
2025-09-04 10:37:24 - INFO - 数据加载成功: 品种=cu, 主力行数=471, 次主力行数=471
2025-09-04 10:37:24 - INFO - 🧹 交易时段过滤: 原始=471 行，保留=446 行，过滤=25 行
2025-09-04 10:37:24 - INFO - 🧹 交易时段过滤: 原始=471 行，保留=446 行，过滤=25 行
2025-09-04 10:37:24 - INFO - ✅ Tick Size 获取成功: 合约=cu2510, tick_size=10.0
2025-09-04 10:37:24 - INFO - ⌛ 时间戳对齐检查: 主力=446 次主力=446 共有=446 总计=446
2025-09-04 10:37:24 - INFO - ✅ 合并成功: 行数=446
2025-09-04 10:37:24 - DEBUG - 价差样本: spread.head() = [30.0, 50.0, 50.0, 50.0, 40.0]
2025-09-04 10:37:24 - INFO - 🚫 涨跌停屏蔽: 主力=0 分钟, 次主力=0 分钟, 总计=0
2025-09-04 10:37:24 - INFO - ✅ 平均成交量查询成功: 合约=cu2510, 区间=2025-08-04~2025-09-03, 平均=46642, 有效天数=23
2025-09-04 10:37:24 - INFO - ✅ 平均成交量查询成功: 合约=cu2511, 区间=2025-08-04~2025-09-03, 平均=15334, 有效天数=23
2025-09-04 10:37:24 - INFO - 📉 单腿波动率计算: 波动率=24.430249, 样本数=444
2025-09-04 10:37:24 - INFO - 📉 单腿波动率计算: 波动率=23.847896, 样本数=444
2025-09-04 10:37:24 - INFO - 📊 价差波动率计算成功: 波动率=7.964336, 样本数=444
2025-09-04 10:37:35 - INFO - [TODAY] mode=auto product=cu day=2025-09-03
2025-09-04 10:37:35 - INFO - 加载主次主力合约: 品种=cu, 交易日=2025-09-03
2025-09-04 10:37:35 - INFO - 主次合约获取成功: product=cu, date=2025-09-03, main=cu2510, sub=cu2511
2025-09-04 10:37:35 - INFO - 主力合约=cu2510, 次主力合约=cu2511
2025-09-04 10:37:35 - INFO - ✅ 加载分钟数据成功: 合约=cu2510, 行数=465, 日期=2025-09-03
2025-09-04 10:37:35 - INFO - ✅ 加载分钟数据成功: 合约=cu2511, 行数=465, 日期=2025-09-03
2025-09-04 10:37:35 - INFO - 使用前一交易日: 原始=2025-09-03, 前一日=2025-09-02
2025-09-04 10:37:35 - INFO - ✅ 加载分钟数据成功: 合约=cu2510, 行数=465, 日期=2025-09-02
2025-09-04 10:37:35 - INFO - 使用前一交易日: 原始=2025-09-03, 前一日=2025-09-02
2025-09-04 10:37:35 - INFO - ✅ 加载分钟数据成功: 合约=cu2511, 行数=465, 日期=2025-09-02
2025-09-04 10:37:35 - INFO - 数据加载成功: 品种=cu, 主力行数=471, 次主力行数=471
2025-09-04 10:37:35 - INFO - 🧹 交易时段过滤: 原始=216 行，保留=216 行，过滤=0 行
2025-09-04 10:37:35 - INFO - 🧹 交易时段过滤: 原始=216 行，保留=216 行，过滤=0 行
2025-09-04 10:37:35 - INFO - ✅ Tick Size 获取成功: 合约=cu2510, tick_size=10.0
2025-09-04 10:37:35 - INFO - ⌛ 时间戳对齐检查: 主力=216 次主力=216 共有=216 总计=216
2025-09-04 10:37:35 - INFO - ✅ 合并成功: 行数=216
2025-09-04 10:37:35 - DEBUG - 价差样本: spread.head() = [30.0, 50.0, 50.0, 50.0, 60.0]
2025-09-04 10:37:35 - INFO - 🚫 涨跌停屏蔽: 主力=0 分钟, 次主力=0 分钟, 总计=0
2025-09-04 10:37:35 - INFO - ✅ 平均成交量查询成功: 合约=cu2510, 区间=2025-08-04~2025-09-03, 平均=46642, 有效天数=23
2025-09-04 10:37:35 - INFO - ✅ 平均成交量查询成功: 合约=cu2511, 区间=2025-08-04~2025-09-03, 平均=15334, 有效天数=23
2025-09-04 10:37:35 - INFO - 📉 单腿波动率计算: 波动率=21.773031, 样本数=214
2025-09-04 10:37:35 - INFO - 📉 单腿波动率计算: 波动率=21.724915, 样本数=214
2025-09-04 10:37:35 - INFO - 📊 价差波动率计算成功: 波动率=7.961036, 样本数=214
2025-09-04 10:37:38 - INFO - [TODAY] mode=auto product=cu day=2025-09-03
2025-09-04 10:37:38 - INFO - 加载主次主力合约: 品种=cu, 交易日=2025-09-03
2025-09-04 10:37:38 - INFO - 主次合约获取成功: product=cu, date=2025-09-03, main=cu2510, sub=cu2511
2025-09-04 10:37:38 - INFO - 主力合约=cu2510, 次主力合约=cu2511
2025-09-04 10:37:38 - INFO - ✅ 加载分钟数据成功: 合约=cu2510, 行数=465, 日期=2025-09-03
2025-09-04 10:37:39 - INFO - ✅ 加载分钟数据成功: 合约=cu2511, 行数=465, 日期=2025-09-03
2025-09-04 10:37:39 - INFO - 使用前一交易日: 原始=2025-09-03, 前一日=2025-09-02
2025-09-04 10:37:39 - INFO - ✅ 加载分钟数据成功: 合约=cu2510, 行数=465, 日期=2025-09-02
2025-09-04 10:37:39 - INFO - 使用前一交易日: 原始=2025-09-03, 前一日=2025-09-02
2025-09-04 10:37:39 - INFO - ✅ 加载分钟数据成功: 合约=cu2511, 行数=465, 日期=2025-09-02
2025-09-04 10:37:39 - INFO - 数据加载成功: 品种=cu, 主力行数=471, 次主力行数=471
2025-09-04 10:37:39 - INFO - 🧹 交易时段过滤: 原始=230 行，保留=230 行，过滤=0 行
2025-09-04 10:37:39 - INFO - 🧹 交易时段过滤: 原始=230 行，保留=230 行，过滤=0 行
2025-09-04 10:37:39 - INFO - ✅ Tick Size 获取成功: 合约=cu2510, tick_size=10.0
2025-09-04 10:37:39 - INFO - ⌛ 时间戳对齐检查: 主力=230 次主力=230 共有=230 总计=230
2025-09-04 10:37:39 - INFO - ✅ 合并成功: 行数=230
2025-09-04 10:37:39 - DEBUG - 价差样本: spread.head() = [50.0, 50.0, 50.0, 40.0, 40.0]
2025-09-04 10:37:39 - INFO - 🚫 涨跌停屏蔽: 主力=0 分钟, 次主力=0 分钟, 总计=0
2025-09-04 10:37:39 - INFO - ✅ 平均成交量查询成功: 合约=cu2510, 区间=2025-08-04~2025-09-03, 平均=46642, 有效天数=23
2025-09-04 10:37:39 - INFO - ✅ 平均成交量查询成功: 合约=cu2511, 区间=2025-08-04~2025-09-03, 平均=15334, 有效天数=23
2025-09-04 10:37:39 - INFO - 📉 单腿波动率计算: 波动率=20.687475, 样本数=228
2025-09-04 10:37:39 - INFO - 📉 单腿波动率计算: 波动率=19.647957, 样本数=228
2025-09-04 10:37:39 - INFO - 📊 价差波动率计算成功: 波动率=7.992166, 样本数=228
2025-09-04 10:37:41 - INFO - [TODAY] mode=auto product=cu day=2025-09-03
2025-09-04 10:37:41 - INFO - 加载主次主力合约: 品种=cu, 交易日=2025-09-03
2025-09-04 10:37:41 - INFO - 主次合约获取成功: product=cu, date=2025-09-03, main=cu2510, sub=cu2511
2025-09-04 10:37:41 - INFO - 主力合约=cu2510, 次主力合约=cu2511
2025-09-04 10:37:41 - INFO - ✅ 加载分钟数据成功: 合约=cu2510, 行数=465, 日期=2025-09-03
2025-09-04 10:37:41 - INFO - ✅ 加载分钟数据成功: 合约=cu2511, 行数=465, 日期=2025-09-03
2025-09-04 10:37:41 - INFO - 使用前一交易日: 原始=2025-09-03, 前一日=2025-09-02
2025-09-04 10:37:41 - INFO - ✅ 加载分钟数据成功: 合约=cu2510, 行数=465, 日期=2025-09-02
2025-09-04 10:37:41 - INFO - 使用前一交易日: 原始=2025-09-03, 前一日=2025-09-02
2025-09-04 10:37:41 - INFO - ✅ 加载分钟数据成功: 合约=cu2511, 行数=465, 日期=2025-09-02
2025-09-04 10:37:41 - INFO - 数据加载成功: 品种=cu, 主力行数=471, 次主力行数=471
2025-09-04 10:37:41 - INFO - 🧹 交易时段过滤: 原始=471 行，保留=446 行，过滤=25 行
2025-09-04 10:37:41 - INFO - 🧹 交易时段过滤: 原始=471 行，保留=446 行，过滤=25 行
2025-09-04 10:37:41 - INFO - ✅ Tick Size 获取成功: 合约=cu2510, tick_size=10.0
2025-09-04 10:37:41 - INFO - ⌛ 时间戳对齐检查: 主力=446 次主力=446 共有=446 总计=446
2025-09-04 10:37:41 - INFO - ✅ 合并成功: 行数=446
2025-09-04 10:37:41 - DEBUG - 价差样本: spread.head() = [30.0, 50.0, 50.0, 50.0, 40.0]
2025-09-04 10:37:41 - INFO - 🚫 涨跌停屏蔽: 主力=0 分钟, 次主力=0 分钟, 总计=0
2025-09-04 10:37:41 - INFO - ✅ 平均成交量查询成功: 合约=cu2510, 区间=2025-08-04~2025-09-03, 平均=46642, 有效天数=23
2025-09-04 10:37:41 - INFO - ✅ 平均成交量查询成功: 合约=cu2511, 区间=2025-08-04~2025-09-03, 平均=15334, 有效天数=23
2025-09-04 10:37:41 - INFO - 📉 单腿波动率计算: 波动率=24.430249, 样本数=444
2025-09-04 10:37:41 - INFO - 📉 单腿波动率计算: 波动率=23.847896, 样本数=444
2025-09-04 10:37:41 - INFO - 📊 价差波动率计算成功: 波动率=7.964336, 样本数=444
2025-09-04 10:37:54 - INFO - [HIS] cu day  
2025-09-04 10:37:54 - INFO - [HIS] cu day  
2025-09-04 10:37:54 - INFO - [HIS] cu day  
2025-09-04 10:37:54 - INFO - [HIS] 2025-08-06~2025-09-04
2025-09-04 10:37:54 - INFO - [HIS] [datetime.date(2025, 8, 6), datetime.date(2025, 8, 7), datetime.date(2025, 8, 8), datetime.date(2025, 8, 11), datetime.date(2025, 8, 12), datetime.date(2025, 8, 13), datetime.date(2025, 8, 14), datetime.date(2025, 8, 15), datetime.date(2025, 8, 18), datetime.date(2025, 8, 19), datetime.date(2025, 8, 20), datetime.date(2025, 8, 21), datetime.date(2025, 8, 22), datetime.date(2025, 8, 25), datetime.date(2025, 8, 26), datetime.date(2025, 8, 27), datetime.date(2025, 8, 28), datetime.date(2025, 8, 29), datetime.date(2025, 9, 1), datetime.date(2025, 9, 2), datetime.date(2025, 9, 3), datetime.date(2025, 9, 4)] trading days
2025-09-04 10:37:54 - DEBUG - [HIS] 2025-08-06 picked=cu2509, cu2510, reason=rank
2025-09-04 10:37:57 - INFO - [HIS] cu day  
2025-09-04 10:37:57 - INFO - [HIS] cu day  
2025-09-04 10:37:57 - INFO - [HIS] cu day  
2025-09-04 10:37:57 - INFO - [HIS] 2025-08-07~2025-09-03
2025-09-04 10:37:59 - DEBUG - [HIS] 2025-08-07 picked=cu2509, cu2510, reason=rank
2025-09-04 10:37:59 - DEBUG - [HIS] 2025-08-08 picked=cu2509, cu2510, reason=rank
2025-09-04 10:38:00 - DEBUG - [HIS] 2025-08-11 picked=cu2509, cu2510, reason=rank
2025-09-04 10:38:00 - DEBUG - [HIS] 2025-08-12 picked=cu2509, cu2510, reason=rank
2025-09-04 10:38:00 - DEBUG - [HIS] 2025-08-13 picked=cu2509, cu2510, reason=rank
2025-09-04 10:38:00 - DEBUG - [HIS] 2025-08-14 picked=cu2509, cu2510, reason=rank
2025-09-04 10:38:00 - DEBUG - [HIS] 2025-08-15 picked=cu2509, cu2510, reason=rank
2025-09-04 10:38:00 - DEBUG - [HIS] 2025-08-18 picked=cu2509, cu2510, reason=rank
2025-09-04 10:38:00 - DEBUG - [HIS] 2025-08-19 picked=cu2509, cu2510, reason=rank
2025-09-04 10:38:00 - DEBUG - [HIS] 2025-08-20 picked=cu2509, cu2510, reason=rank
2025-09-04 10:38:00 - DEBUG - [HIS] 2025-08-21 picked=cu2509, cu2510, reason=rank
2025-09-04 10:38:00 - DEBUG - [HIS] 2025-08-22 picked=cu2509, cu2510, reason=rank
2025-09-04 10:38:00 - DEBUG - [HIS] 2025-08-25 picked=cu2510, cu2509, reason=rank
2025-09-04 10:38:00 - DEBUG - [HIS] 2025-08-26 picked=cu2510, cu2509, reason=rank
2025-09-04 10:38:01 - DEBUG - [HIS] 2025-08-27 picked=cu2510, cu2509, reason=rank
2025-09-04 10:38:01 - DEBUG - [HIS] 2025-08-28 picked=cu2510, cu2509, reason=rank
2025-09-04 10:38:01 - DEBUG - [HIS] 2025-08-29 picked=cu2510, cu2511, reason=rank
2025-09-04 10:38:01 - DEBUG - [HIS] 2025-09-01 picked=cu2510, cu2511, reason=rank
2025-09-04 10:38:01 - DEBUG - [HIS] 2025-09-02 picked=cu2510, cu2511, reason=rank
2025-09-04 10:38:01 - DEBUG - [HIS] 2025-09-03 picked=cu2510, cu2511, reason=rank
2025-09-04 10:38:01 - DEBUG - [HIS] 2025-09-04 picked=None, None, reason=no_data
2025-09-04 10:38:01 - INFO - [HIS] product=cu 2025-08-06~2025-09-04 days=21 skipped=1 mode=auto reasons={'pick_rank': 21, 'no_data': 1}
2025-09-04 10:38:02 - INFO - [HIS] [datetime.date(2025, 8, 7), datetime.date(2025, 8, 8), datetime.date(2025, 8, 11), datetime.date(2025, 8, 12), datetime.date(2025, 8, 13), datetime.date(2025, 8, 14), datetime.date(2025, 8, 15), datetime.date(2025, 8, 18), datetime.date(2025, 8, 19), datetime.date(2025, 8, 20), datetime.date(2025, 8, 21), datetime.date(2025, 8, 22), datetime.date(2025, 8, 25), datetime.date(2025, 8, 26), datetime.date(2025, 8, 27), datetime.date(2025, 8, 28), datetime.date(2025, 8, 29), datetime.date(2025, 9, 1), datetime.date(2025, 9, 2), datetime.date(2025, 9, 3)] trading days
2025-09-04 10:38:02 - DEBUG - [HIS] 2025-08-07 picked=cu2509, cu2510, reason=rank
2025-09-04 10:38:02 - DEBUG - [HIS] 2025-08-08 picked=cu2509, cu2510, reason=rank
2025-09-04 10:38:02 - DEBUG - [HIS] 2025-08-11 picked=cu2509, cu2510, reason=rank
2025-09-04 10:38:02 - DEBUG - [HIS] 2025-08-12 picked=cu2509, cu2510, reason=rank
2025-09-04 10:38:02 - DEBUG - [HIS] 2025-08-13 picked=cu2509, cu2510, reason=rank
2025-09-04 10:38:02 - DEBUG - [HIS] 2025-08-14 picked=cu2509, cu2510, reason=rank
2025-09-04 10:38:02 - DEBUG - [HIS] 2025-08-15 picked=cu2509, cu2510, reason=rank
2025-09-04 10:38:02 - DEBUG - [HIS] 2025-08-18 picked=cu2509, cu2510, reason=rank
2025-09-04 10:38:03 - DEBUG - [HIS] 2025-08-19 picked=cu2509, cu2510, reason=rank
2025-09-04 10:38:03 - DEBUG - [HIS] 2025-08-20 picked=cu2509, cu2510, reason=rank
2025-09-04 10:38:03 - DEBUG - [HIS] 2025-08-21 picked=cu2509, cu2510, reason=rank
2025-09-04 10:38:03 - DEBUG - [HIS] 2025-08-22 picked=cu2509, cu2510, reason=rank
2025-09-04 10:38:03 - DEBUG - [HIS] 2025-08-25 picked=cu2510, cu2509, reason=rank
2025-09-04 10:38:03 - DEBUG - [HIS] 2025-08-26 picked=cu2510, cu2509, reason=rank
2025-09-04 10:38:03 - DEBUG - [HIS] 2025-08-27 picked=cu2510, cu2509, reason=rank
2025-09-04 10:38:03 - DEBUG - [HIS] 2025-08-28 picked=cu2510, cu2509, reason=rank
2025-09-04 10:38:03 - DEBUG - [HIS] 2025-08-29 picked=cu2510, cu2511, reason=rank
2025-09-04 10:38:03 - DEBUG - [HIS] 2025-09-01 picked=cu2510, cu2511, reason=rank
2025-09-04 10:38:03 - DEBUG - [HIS] 2025-09-02 picked=cu2510, cu2511, reason=rank
2025-09-04 10:38:03 - DEBUG - [HIS] 2025-09-03 picked=cu2510, cu2511, reason=rank
2025-09-04 10:38:04 - INFO - [HIS] product=cu 2025-08-07~2025-09-03 days=20 skipped=0 mode=auto reasons={'pick_rank': 20}
2025-09-04 10:38:12 - INFO - [HIS] cu night  
2025-09-04 10:38:12 - INFO - [HIS] cu night  
2025-09-04 10:38:12 - INFO - [HIS] cu night  
2025-09-04 10:38:12 - INFO - [HIS] 2025-08-07~2025-09-03
2025-09-04 10:38:12 - INFO - [HIS] [datetime.date(2025, 8, 7), datetime.date(2025, 8, 8), datetime.date(2025, 8, 11), datetime.date(2025, 8, 12), datetime.date(2025, 8, 13), datetime.date(2025, 8, 14), datetime.date(2025, 8, 15), datetime.date(2025, 8, 18), datetime.date(2025, 8, 19), datetime.date(2025, 8, 20), datetime.date(2025, 8, 21), datetime.date(2025, 8, 22), datetime.date(2025, 8, 25), datetime.date(2025, 8, 26), datetime.date(2025, 8, 27), datetime.date(2025, 8, 28), datetime.date(2025, 8, 29), datetime.date(2025, 9, 1), datetime.date(2025, 9, 2), datetime.date(2025, 9, 3)] trading days
2025-09-04 10:38:12 - DEBUG - [HIS] 2025-08-07 picked=cu2509, cu2510, reason=rank
2025-09-04 10:38:12 - DEBUG - [HIS] 2025-08-08 picked=cu2509, cu2510, reason=rank
2025-09-04 10:38:12 - DEBUG - [HIS] 2025-08-11 picked=cu2509, cu2510, reason=rank
2025-09-04 10:38:12 - DEBUG - [HIS] 2025-08-12 picked=cu2509, cu2510, reason=rank
2025-09-04 10:38:12 - DEBUG - [HIS] 2025-08-13 picked=cu2509, cu2510, reason=rank
2025-09-04 10:38:12 - DEBUG - [HIS] 2025-08-14 picked=cu2509, cu2510, reason=rank
2025-09-04 10:38:12 - DEBUG - [HIS] 2025-08-15 picked=cu2509, cu2510, reason=rank
2025-09-04 10:38:12 - DEBUG - [HIS] 2025-08-18 picked=cu2509, cu2510, reason=rank
2025-09-04 10:38:12 - DEBUG - [HIS] 2025-08-19 picked=cu2509, cu2510, reason=rank
2025-09-04 10:38:13 - DEBUG - [HIS] 2025-08-20 picked=cu2509, cu2510, reason=rank
2025-09-04 10:38:13 - DEBUG - [HIS] 2025-08-21 picked=cu2509, cu2510, reason=rank
2025-09-04 10:38:13 - DEBUG - [HIS] 2025-08-22 picked=cu2509, cu2510, reason=rank
2025-09-04 10:38:13 - DEBUG - [HIS] 2025-08-25 picked=cu2510, cu2509, reason=rank
2025-09-04 10:38:13 - DEBUG - [HIS] 2025-08-26 picked=cu2510, cu2509, reason=rank
2025-09-04 10:38:13 - DEBUG - [HIS] 2025-08-27 picked=cu2510, cu2509, reason=rank
2025-09-04 10:38:13 - DEBUG - [HIS] 2025-08-28 picked=cu2510, cu2509, reason=rank
2025-09-04 10:38:13 - DEBUG - [HIS] 2025-08-29 picked=cu2510, cu2511, reason=rank
2025-09-04 10:38:13 - DEBUG - [HIS] 2025-09-01 picked=cu2510, cu2511, reason=rank
2025-09-04 10:38:13 - DEBUG - [HIS] 2025-09-02 picked=cu2510, cu2511, reason=rank
2025-09-04 10:38:13 - DEBUG - [HIS] 2025-09-03 picked=cu2510, cu2511, reason=rank
2025-09-04 10:38:13 - INFO - [HIS] product=cu 2025-08-07~2025-09-03 days=0 skipped=20 mode=auto reasons={'pick_rank': 20, 'filtered_empty': 20}
2025-09-04 10:38:25 - INFO - [HIS] cu all  
2025-09-04 10:38:25 - INFO - [HIS] cu all  
2025-09-04 10:38:25 - INFO - [HIS] cu all  
2025-09-04 10:38:25 - INFO - [HIS] 2025-08-07~2025-09-03
2025-09-04 10:38:25 - INFO - [HIS] [datetime.date(2025, 8, 7), datetime.date(2025, 8, 8), datetime.date(2025, 8, 11), datetime.date(2025, 8, 12), datetime.date(2025, 8, 13), datetime.date(2025, 8, 14), datetime.date(2025, 8, 15), datetime.date(2025, 8, 18), datetime.date(2025, 8, 19), datetime.date(2025, 8, 20), datetime.date(2025, 8, 21), datetime.date(2025, 8, 22), datetime.date(2025, 8, 25), datetime.date(2025, 8, 26), datetime.date(2025, 8, 27), datetime.date(2025, 8, 28), datetime.date(2025, 8, 29), datetime.date(2025, 9, 1), datetime.date(2025, 9, 2), datetime.date(2025, 9, 3)] trading days
2025-09-04 10:38:25 - DEBUG - [HIS] 2025-08-07 picked=cu2509, cu2510, reason=rank
2025-09-04 10:38:25 - DEBUG - [HIS] 2025-08-08 picked=cu2509, cu2510, reason=rank
2025-09-04 10:38:25 - DEBUG - [HIS] 2025-08-11 picked=cu2509, cu2510, reason=rank
2025-09-04 10:38:25 - DEBUG - [HIS] 2025-08-12 picked=cu2509, cu2510, reason=rank
2025-09-04 10:38:25 - DEBUG - [HIS] 2025-08-13 picked=cu2509, cu2510, reason=rank
2025-09-04 10:38:25 - DEBUG - [HIS] 2025-08-14 picked=cu2509, cu2510, reason=rank
2025-09-04 10:38:26 - DEBUG - [HIS] 2025-08-15 picked=cu2509, cu2510, reason=rank
2025-09-04 10:38:26 - DEBUG - [HIS] 2025-08-18 picked=cu2509, cu2510, reason=rank
2025-09-04 10:38:26 - DEBUG - [HIS] 2025-08-19 picked=cu2509, cu2510, reason=rank
2025-09-04 10:38:26 - DEBUG - [HIS] 2025-08-20 picked=cu2509, cu2510, reason=rank
2025-09-04 10:38:26 - DEBUG - [HIS] 2025-08-21 picked=cu2509, cu2510, reason=rank
2025-09-04 10:38:26 - DEBUG - [HIS] 2025-08-22 picked=cu2509, cu2510, reason=rank
2025-09-04 10:38:26 - DEBUG - [HIS] 2025-08-25 picked=cu2510, cu2509, reason=rank
2025-09-04 10:38:26 - DEBUG - [HIS] 2025-08-26 picked=cu2510, cu2509, reason=rank
2025-09-04 10:38:26 - DEBUG - [HIS] 2025-08-27 picked=cu2510, cu2509, reason=rank
2025-09-04 10:38:26 - DEBUG - [HIS] 2025-08-28 picked=cu2510, cu2509, reason=rank
2025-09-04 10:38:26 - DEBUG - [HIS] 2025-08-29 picked=cu2510, cu2511, reason=rank
2025-09-04 10:38:26 - DEBUG - [HIS] 2025-09-01 picked=cu2510, cu2511, reason=rank
2025-09-04 10:38:26 - DEBUG - [HIS] 2025-09-02 picked=cu2510, cu2511, reason=rank
2025-09-04 10:38:26 - DEBUG - [HIS] 2025-09-03 picked=cu2510, cu2511, reason=rank
2025-09-04 10:38:26 - INFO - [HIS] product=cu 2025-08-07~2025-09-03 days=20 skipped=0 mode=auto reasons={'pick_rank': 20}
2025-09-04 10:40:36 - INFO - [TODAY] mode=auto product=cu day=2025-09-04
2025-09-04 10:40:36 - INFO - 加载主次主力合约: 品种=cu, 交易日=2025-09-04
2025-09-04 10:40:36 - WARNING - [当日合约] 查询为空: product=cu, date=2025-09-04
2025-09-04 10:40:36 - WARNING - 主/次主力合约未找到: 品种=cu, 交易日=2025-09-04
2025-09-04 10:40:38 - INFO - [TODAY] mode=auto product=cu day=2025-09-03
2025-09-04 10:40:38 - INFO - 加载主次主力合约: 品种=cu, 交易日=2025-09-03
2025-09-04 10:40:38 - INFO - 主次合约获取成功: product=cu, date=2025-09-03, main=cu2510, sub=cu2511
2025-09-04 10:40:38 - INFO - 主力合约=cu2510, 次主力合约=cu2511
2025-09-04 10:40:38 - INFO - ✅ 加载分钟数据成功: 合约=cu2510, 行数=465, 日期=2025-09-03
2025-09-04 10:40:38 - INFO - ✅ 加载分钟数据成功: 合约=cu2511, 行数=465, 日期=2025-09-03
2025-09-04 10:40:38 - INFO - 使用前一交易日: 原始=2025-09-03, 前一日=2025-09-02
2025-09-04 10:40:38 - INFO - ✅ 加载分钟数据成功: 合约=cu2510, 行数=465, 日期=2025-09-02
2025-09-04 10:40:38 - INFO - 使用前一交易日: 原始=2025-09-03, 前一日=2025-09-02
2025-09-04 10:40:38 - INFO - ✅ 加载分钟数据成功: 合约=cu2511, 行数=465, 日期=2025-09-02
2025-09-04 10:40:38 - INFO - 数据加载成功: 品种=cu, 主力行数=471, 次主力行数=471
2025-09-04 10:40:38 - INFO - 🧹 交易时段过滤: 原始=471 行，保留=446 行，过滤=25 行
2025-09-04 10:40:38 - INFO - 🧹 交易时段过滤: 原始=471 行，保留=446 行，过滤=25 行
2025-09-04 10:40:38 - INFO - ✅ Tick Size 获取成功: 合约=cu2510, tick_size=10.0
2025-09-04 10:40:38 - INFO - ⌛ 时间戳对齐检查: 主力=446 次主力=446 共有=446 总计=446
2025-09-04 10:40:38 - INFO - ✅ 合并成功: 行数=446
2025-09-04 10:40:38 - DEBUG - 价差样本: spread.head() = [30.0, 50.0, 50.0, 50.0, 40.0]
2025-09-04 10:40:39 - INFO - 🚫 涨跌停屏蔽: 主力=0 分钟, 次主力=0 分钟, 总计=0
2025-09-04 10:40:39 - INFO - ✅ 平均成交量查询成功: 合约=cu2510, 区间=2025-08-04~2025-09-03, 平均=46642, 有效天数=23
2025-09-04 10:40:39 - INFO - ✅ 平均成交量查询成功: 合约=cu2511, 区间=2025-08-04~2025-09-03, 平均=15334, 有效天数=23
2025-09-04 10:40:39 - INFO - 📉 单腿波动率计算: 波动率=24.430249, 样本数=444
2025-09-04 10:40:39 - INFO - 📉 单腿波动率计算: 波动率=23.847896, 样本数=444
2025-09-04 10:40:39 - INFO - 📊 价差波动率计算成功: 波动率=7.964336, 样本数=444
2025-09-04 13:51:19 - INFO - [TODAY] mode=auto product=cu day=2025-09-04
2025-09-04 13:51:19 - INFO - 加载主次主力合约: 品种=cu, 交易日=2025-09-04
2025-09-04 13:51:19 - WARNING - [当日合约] 查询为空: product=cu, date=2025-09-04
2025-09-04 13:51:19 - WARNING - 主/次主力合约未找到: 品种=cu, 交易日=2025-09-04
2025-09-04 13:51:22 - INFO - [TODAY] mode=auto product=cu day=2025-09-04
2025-09-04 13:51:22 - INFO - 加载主次主力合约: 品种=cu, 交易日=2025-09-04
2025-09-04 13:51:22 - WARNING - [当日合约] 查询为空: product=cu, date=2025-09-04
2025-09-04 13:51:22 - WARNING - 主/次主力合约未找到: 品种=cu, 交易日=2025-09-04
2025-09-04 13:51:24 - INFO - [CONTRACTS] in: product=cu, on=2025-09-04
2025-09-04 13:51:24 - INFO - [CONTRACTS] raw_count=116
2025-09-04 13:51:24 - INFO - [CONTRACTS] out: default_near=cu2509, default_far=cu2510
2025-09-04 13:51:24 - INFO - [CONTRACTS] out: options=12
2025-09-04 13:51:24 - INFO - [CONTRACTS] out: cu, 2025-09-04
2025-09-04 13:51:24 - INFO - [TODAY] mode=auto product=cu day=2025-09-04
2025-09-04 13:51:24 - INFO - 加载主次主力合约: 品种=cu, 交易日=2025-09-04
2025-09-04 13:51:24 - WARNING - [当日合约] 查询为空: product=cu, date=2025-09-04
2025-09-04 13:51:24 - WARNING - 主/次主力合约未找到: 品种=cu, 交易日=2025-09-04
2025-09-04 13:51:25 - INFO - [TODAY] mode=auto product=cu day=2025-09-04
2025-09-04 13:51:25 - INFO - 加载主次主力合约: 品种=cu, 交易日=2025-09-04
2025-09-04 13:51:25 - WARNING - [当日合约] 查询为空: product=cu, date=2025-09-04
2025-09-04 13:51:25 - WARNING - 主/次主力合约未找到: 品种=cu, 交易日=2025-09-04
2025-09-04 13:51:26 - INFO - [TODAY] mode=auto product=cu day=2025-09-04
2025-09-04 13:51:26 - INFO - 加载主次主力合约: 品种=cu, 交易日=2025-09-04
2025-09-04 13:51:26 - WARNING - [当日合约] 查询为空: product=cu, date=2025-09-04
2025-09-04 13:51:26 - WARNING - 主/次主力合约未找到: 品种=cu, 交易日=2025-09-04
2025-09-04 13:51:26 - INFO - [TODAY] mode=auto product=cu day=2025-09-04
2025-09-04 13:51:26 - INFO - 加载主次主力合约: 品种=cu, 交易日=2025-09-04
2025-09-04 13:51:26 - WARNING - [当日合约] 查询为空: product=cu, date=2025-09-04
2025-09-04 13:51:26 - WARNING - 主/次主力合约未找到: 品种=cu, 交易日=2025-09-04
2025-09-04 13:51:29 - INFO - [TODAY] mode=auto product=cu day=2025-09-03
2025-09-04 13:51:29 - INFO - 加载主次主力合约: 品种=cu, 交易日=2025-09-03
2025-09-04 13:51:29 - INFO - 主次合约获取成功: product=cu, date=2025-09-03, main=cu2510, sub=cu2511
2025-09-04 13:51:29 - INFO - 主力合约=cu2510, 次主力合约=cu2511
2025-09-04 13:51:29 - INFO - ✅ 加载分钟数据成功: 合约=cu2510, 行数=465, 日期=2025-09-03
2025-09-04 13:51:29 - INFO - ✅ 加载分钟数据成功: 合约=cu2511, 行数=465, 日期=2025-09-03
2025-09-04 13:51:29 - INFO - 使用前一交易日: 原始=2025-09-03, 前一日=2025-09-02
2025-09-04 13:51:29 - INFO - ✅ 加载分钟数据成功: 合约=cu2510, 行数=465, 日期=2025-09-02
2025-09-04 13:51:29 - INFO - 使用前一交易日: 原始=2025-09-03, 前一日=2025-09-02
2025-09-04 13:51:29 - INFO - ✅ 加载分钟数据成功: 合约=cu2511, 行数=465, 日期=2025-09-02
2025-09-04 13:51:29 - INFO - 数据加载成功: 品种=cu, 主力行数=471, 次主力行数=471
2025-09-04 13:51:29 - INFO - 🧹 交易时段过滤: 原始=471 行，保留=446 行，过滤=25 行
2025-09-04 13:51:29 - INFO - 🧹 交易时段过滤: 原始=471 行，保留=446 行，过滤=25 行
2025-09-04 13:51:29 - INFO - ✅ Tick Size 获取成功: 合约=cu2510, tick_size=10.0
2025-09-04 13:51:29 - INFO - ⌛ 时间戳对齐检查: 主力=446 次主力=446 共有=446 总计=446
2025-09-04 13:51:29 - INFO - ✅ 合并成功: 行数=446
2025-09-04 13:51:29 - DEBUG - 价差样本: spread.head() = [30.0, 50.0, 50.0, 50.0, 40.0]
2025-09-04 13:51:29 - INFO - 🚫 涨跌停屏蔽: 主力=0 分钟, 次主力=0 分钟, 总计=0
2025-09-04 13:51:29 - INFO - ✅ 平均成交量查询成功: 合约=cu2510, 区间=2025-08-04~2025-09-03, 平均=46642, 有效天数=23
2025-09-04 13:51:29 - INFO - ✅ 平均成交量查询成功: 合约=cu2511, 区间=2025-08-04~2025-09-03, 平均=15334, 有效天数=23
2025-09-04 13:51:29 - INFO - 📉 单腿波动率计算: 波动率=24.430249, 样本数=444
2025-09-04 13:51:29 - INFO - 📉 单腿波动率计算: 波动率=23.847896, 样本数=444
2025-09-04 13:51:29 - INFO - 📊 价差波动率计算成功: 波动率=7.964336, 样本数=444
2025-09-04 13:56:45 - INFO - [HIS] cu all  
2025-09-04 13:56:45 - INFO - [HIS] cu all  
2025-09-04 13:56:45 - INFO - [HIS] cu all  
2025-09-04 13:56:45 - INFO - [HIS] 2025-08-06~2025-09-04
2025-09-04 13:56:45 - INFO - [HIS] [datetime.date(2025, 8, 6), datetime.date(2025, 8, 7), datetime.date(2025, 8, 8), datetime.date(2025, 8, 11), datetime.date(2025, 8, 12), datetime.date(2025, 8, 13), datetime.date(2025, 8, 14), datetime.date(2025, 8, 15), datetime.date(2025, 8, 18), datetime.date(2025, 8, 19), datetime.date(2025, 8, 20), datetime.date(2025, 8, 21), datetime.date(2025, 8, 22), datetime.date(2025, 8, 25), datetime.date(2025, 8, 26), datetime.date(2025, 8, 27), datetime.date(2025, 8, 28), datetime.date(2025, 8, 29), datetime.date(2025, 9, 1), datetime.date(2025, 9, 2), datetime.date(2025, 9, 3), datetime.date(2025, 9, 4)] trading days
2025-09-04 13:56:45 - DEBUG - [HIS] 2025-08-06 picked=cu2509, cu2510, reason=rank
2025-09-04 13:56:45 - DEBUG - [HIS] 2025-08-07 picked=cu2509, cu2510, reason=rank
2025-09-04 13:56:45 - DEBUG - [HIS] 2025-08-08 picked=cu2509, cu2510, reason=rank
2025-09-04 13:56:45 - DEBUG - [HIS] 2025-08-11 picked=cu2509, cu2510, reason=rank
2025-09-04 13:56:45 - DEBUG - [HIS] 2025-08-12 picked=cu2509, cu2510, reason=rank
2025-09-04 13:56:45 - DEBUG - [HIS] 2025-08-13 picked=cu2509, cu2510, reason=rank
2025-09-04 13:56:45 - DEBUG - [HIS] 2025-08-14 picked=cu2509, cu2510, reason=rank
2025-09-04 13:56:45 - DEBUG - [HIS] 2025-08-15 picked=cu2509, cu2510, reason=rank
2025-09-04 13:56:45 - DEBUG - [HIS] 2025-08-18 picked=cu2509, cu2510, reason=rank
2025-09-04 13:56:45 - DEBUG - [HIS] 2025-08-19 picked=cu2509, cu2510, reason=rank
2025-09-04 13:56:45 - DEBUG - [HIS] 2025-08-20 picked=cu2509, cu2510, reason=rank
2025-09-04 13:56:45 - DEBUG - [HIS] 2025-08-21 picked=cu2509, cu2510, reason=rank
2025-09-04 13:56:45 - DEBUG - [HIS] 2025-08-22 picked=cu2509, cu2510, reason=rank
2025-09-04 13:56:45 - DEBUG - [HIS] 2025-08-25 picked=cu2510, cu2509, reason=rank
2025-09-04 13:56:46 - DEBUG - [HIS] 2025-08-26 picked=cu2510, cu2509, reason=rank
2025-09-04 13:56:46 - DEBUG - [HIS] 2025-08-27 picked=cu2510, cu2509, reason=rank
2025-09-04 13:56:46 - DEBUG - [HIS] 2025-08-28 picked=cu2510, cu2509, reason=rank
2025-09-04 13:56:46 - DEBUG - [HIS] 2025-08-29 picked=cu2510, cu2511, reason=rank
2025-09-04 13:56:46 - DEBUG - [HIS] 2025-09-01 picked=cu2510, cu2511, reason=rank
2025-09-04 13:56:46 - DEBUG - [HIS] 2025-09-02 picked=cu2510, cu2511, reason=rank
2025-09-04 13:56:46 - DEBUG - [HIS] 2025-09-03 picked=cu2510, cu2511, reason=rank
2025-09-04 13:56:46 - DEBUG - [HIS] 2025-09-04 picked=None, None, reason=no_data
2025-09-04 13:56:46 - INFO - [HIS] product=cu 2025-08-06~2025-09-04 days=21 skipped=1 mode=auto reasons={'pick_rank': 21, 'no_data': 1}
2025-09-04 13:56:51 - INFO - [HIS] cu all  
2025-09-04 13:56:51 - INFO - [HIS] cu all  
2025-09-04 13:56:51 - INFO - [HIS] cu all  
2025-09-04 13:56:51 - INFO - [HIS] 2025-08-07~2025-09-03
2025-09-04 13:56:51 - INFO - [HIS] [datetime.date(2025, 8, 7), datetime.date(2025, 8, 8), datetime.date(2025, 8, 11), datetime.date(2025, 8, 12), datetime.date(2025, 8, 13), datetime.date(2025, 8, 14), datetime.date(2025, 8, 15), datetime.date(2025, 8, 18), datetime.date(2025, 8, 19), datetime.date(2025, 8, 20), datetime.date(2025, 8, 21), datetime.date(2025, 8, 22), datetime.date(2025, 8, 25), datetime.date(2025, 8, 26), datetime.date(2025, 8, 27), datetime.date(2025, 8, 28), datetime.date(2025, 8, 29), datetime.date(2025, 9, 1), datetime.date(2025, 9, 2), datetime.date(2025, 9, 3)] trading days
2025-09-04 13:56:51 - DEBUG - [HIS] 2025-08-07 picked=cu2509, cu2510, reason=rank
2025-09-04 13:56:51 - DEBUG - [HIS] 2025-08-08 picked=cu2509, cu2510, reason=rank
2025-09-04 13:56:52 - DEBUG - [HIS] 2025-08-11 picked=cu2509, cu2510, reason=rank
2025-09-04 13:56:52 - DEBUG - [HIS] 2025-08-12 picked=cu2509, cu2510, reason=rank
2025-09-04 13:56:52 - DEBUG - [HIS] 2025-08-13 picked=cu2509, cu2510, reason=rank
2025-09-04 13:56:52 - DEBUG - [HIS] 2025-08-14 picked=cu2509, cu2510, reason=rank
2025-09-04 13:56:52 - DEBUG - [HIS] 2025-08-15 picked=cu2509, cu2510, reason=rank
2025-09-04 13:56:52 - DEBUG - [HIS] 2025-08-18 picked=cu2509, cu2510, reason=rank
2025-09-04 13:56:52 - DEBUG - [HIS] 2025-08-19 picked=cu2509, cu2510, reason=rank
2025-09-04 13:56:52 - DEBUG - [HIS] 2025-08-20 picked=cu2509, cu2510, reason=rank
2025-09-04 13:56:52 - DEBUG - [HIS] 2025-08-21 picked=cu2509, cu2510, reason=rank
2025-09-04 13:56:52 - DEBUG - [HIS] 2025-08-22 picked=cu2509, cu2510, reason=rank
2025-09-04 13:56:52 - DEBUG - [HIS] 2025-08-25 picked=cu2510, cu2509, reason=rank
2025-09-04 13:56:52 - DEBUG - [HIS] 2025-08-26 picked=cu2510, cu2509, reason=rank
2025-09-04 13:56:52 - DEBUG - [HIS] 2025-08-27 picked=cu2510, cu2509, reason=rank
2025-09-04 13:56:52 - DEBUG - [HIS] 2025-08-28 picked=cu2510, cu2509, reason=rank
2025-09-04 13:56:52 - DEBUG - [HIS] 2025-08-29 picked=cu2510, cu2511, reason=rank
2025-09-04 13:56:52 - DEBUG - [HIS] 2025-09-01 picked=cu2510, cu2511, reason=rank
2025-09-04 13:56:52 - DEBUG - [HIS] 2025-09-02 picked=cu2510, cu2511, reason=rank
2025-09-04 13:56:53 - DEBUG - [HIS] 2025-09-03 picked=cu2510, cu2511, reason=rank
2025-09-04 13:56:53 - INFO - [HIS] product=cu 2025-08-07~2025-09-03 days=20 skipped=0 mode=auto reasons={'pick_rank': 20}
2025-09-04 13:56:53 - INFO - [HIS] cu all  
2025-09-04 13:56:53 - INFO - [HIS] cu all  
2025-09-04 13:56:53 - INFO - [HIS] cu all  
2025-09-04 13:56:53 - INFO - [HIS] 2025-08-07~2025-09-03
2025-09-04 13:56:53 - INFO - [HIS] [datetime.date(2025, 8, 7), datetime.date(2025, 8, 8), datetime.date(2025, 8, 11), datetime.date(2025, 8, 12), datetime.date(2025, 8, 13), datetime.date(2025, 8, 14), datetime.date(2025, 8, 15), datetime.date(2025, 8, 18), datetime.date(2025, 8, 19), datetime.date(2025, 8, 20), datetime.date(2025, 8, 21), datetime.date(2025, 8, 22), datetime.date(2025, 8, 25), datetime.date(2025, 8, 26), datetime.date(2025, 8, 27), datetime.date(2025, 8, 28), datetime.date(2025, 8, 29), datetime.date(2025, 9, 1), datetime.date(2025, 9, 2), datetime.date(2025, 9, 3)] trading days
2025-09-04 13:56:53 - DEBUG - [HIS] 2025-08-07 picked=cu2509, cu2510, reason=rank
2025-09-04 13:56:53 - DEBUG - [HIS] 2025-08-08 picked=cu2509, cu2510, reason=rank
2025-09-04 13:56:53 - DEBUG - [HIS] 2025-08-11 picked=cu2509, cu2510, reason=rank
2025-09-04 13:56:53 - DEBUG - [HIS] 2025-08-12 picked=cu2509, cu2510, reason=rank
2025-09-04 13:56:53 - DEBUG - [HIS] 2025-08-13 picked=cu2509, cu2510, reason=rank
2025-09-04 13:56:53 - DEBUG - [HIS] 2025-08-14 picked=cu2509, cu2510, reason=rank
2025-09-04 13:56:53 - DEBUG - [HIS] 2025-08-15 picked=cu2509, cu2510, reason=rank
2025-09-04 13:56:53 - DEBUG - [HIS] 2025-08-18 picked=cu2509, cu2510, reason=rank
2025-09-04 13:56:54 - DEBUG - [HIS] 2025-08-19 picked=cu2509, cu2510, reason=rank
2025-09-04 13:56:54 - DEBUG - [HIS] 2025-08-20 picked=cu2509, cu2510, reason=rank
2025-09-04 13:56:54 - DEBUG - [HIS] 2025-08-21 picked=cu2509, cu2510, reason=rank
2025-09-04 13:56:54 - DEBUG - [HIS] 2025-08-22 picked=cu2509, cu2510, reason=rank
2025-09-04 13:56:54 - DEBUG - [HIS] 2025-08-25 picked=cu2510, cu2509, reason=rank
2025-09-04 13:56:54 - DEBUG - [HIS] 2025-08-26 picked=cu2510, cu2509, reason=rank
2025-09-04 13:56:54 - DEBUG - [HIS] 2025-08-27 picked=cu2510, cu2509, reason=rank
2025-09-04 13:56:54 - DEBUG - [HIS] 2025-08-28 picked=cu2510, cu2509, reason=rank
2025-09-04 13:56:54 - DEBUG - [HIS] 2025-08-29 picked=cu2510, cu2511, reason=rank
2025-09-04 13:56:54 - DEBUG - [HIS] 2025-09-01 picked=cu2510, cu2511, reason=rank
2025-09-04 13:56:54 - DEBUG - [HIS] 2025-09-02 picked=cu2510, cu2511, reason=rank
2025-09-04 13:56:54 - DEBUG - [HIS] 2025-09-03 picked=cu2510, cu2511, reason=rank
2025-09-04 13:56:54 - INFO - [HIS] product=cu 2025-08-07~2025-09-03 days=20 skipped=0 mode=auto reasons={'pick_rank': 20}
2025-09-04 14:07:25 - INFO - [HIS] cu all  
2025-09-04 14:07:25 - INFO - [HIS] cu all  
2025-09-04 14:07:25 - INFO - [HIS] cu all  
2025-09-04 14:07:25 - INFO - [HIS] 2025-08-07~2025-09-03
2025-09-04 14:07:25 - INFO - [HIS] [datetime.date(2025, 8, 7), datetime.date(2025, 8, 8), datetime.date(2025, 8, 11), datetime.date(2025, 8, 12), datetime.date(2025, 8, 13), datetime.date(2025, 8, 14), datetime.date(2025, 8, 15), datetime.date(2025, 8, 18), datetime.date(2025, 8, 19), datetime.date(2025, 8, 20), datetime.date(2025, 8, 21), datetime.date(2025, 8, 22), datetime.date(2025, 8, 25), datetime.date(2025, 8, 26), datetime.date(2025, 8, 27), datetime.date(2025, 8, 28), datetime.date(2025, 8, 29), datetime.date(2025, 9, 1), datetime.date(2025, 9, 2), datetime.date(2025, 9, 3)] trading days
2025-09-04 14:07:25 - DEBUG - [HIS] 2025-08-07 picked=cu2509, cu2510, reason=rank
2025-09-04 14:07:25 - DEBUG - [HIS] 2025-08-08 picked=cu2509, cu2510, reason=rank
2025-09-04 14:07:25 - DEBUG - [HIS] 2025-08-11 picked=cu2509, cu2510, reason=rank
2025-09-04 14:07:25 - DEBUG - [HIS] 2025-08-12 picked=cu2509, cu2510, reason=rank
2025-09-04 14:07:26 - DEBUG - [HIS] 2025-08-13 picked=cu2509, cu2510, reason=rank
2025-09-04 14:07:26 - DEBUG - [HIS] 2025-08-14 picked=cu2509, cu2510, reason=rank
2025-09-04 14:07:26 - DEBUG - [HIS] 2025-08-15 picked=cu2509, cu2510, reason=rank
2025-09-04 14:07:26 - DEBUG - [HIS] 2025-08-18 picked=cu2509, cu2510, reason=rank
2025-09-04 14:07:26 - DEBUG - [HIS] 2025-08-19 picked=cu2509, cu2510, reason=rank
2025-09-04 14:07:26 - DEBUG - [HIS] 2025-08-20 picked=cu2509, cu2510, reason=rank
2025-09-04 14:07:26 - DEBUG - [HIS] 2025-08-21 picked=cu2509, cu2510, reason=rank
2025-09-04 14:07:26 - DEBUG - [HIS] 2025-08-22 picked=cu2509, cu2510, reason=rank
2025-09-04 14:07:26 - DEBUG - [HIS] 2025-08-25 picked=cu2510, cu2509, reason=rank
2025-09-04 14:07:26 - DEBUG - [HIS] 2025-08-26 picked=cu2510, cu2509, reason=rank
2025-09-04 14:07:26 - DEBUG - [HIS] 2025-08-27 picked=cu2510, cu2509, reason=rank
2025-09-04 14:07:26 - DEBUG - [HIS] 2025-08-28 picked=cu2510, cu2509, reason=rank
2025-09-04 14:07:26 - DEBUG - [HIS] 2025-08-29 picked=cu2510, cu2511, reason=rank
2025-09-04 14:07:26 - DEBUG - [HIS] 2025-09-01 picked=cu2510, cu2511, reason=rank
2025-09-04 14:07:26 - DEBUG - [HIS] 2025-09-02 picked=cu2510, cu2511, reason=rank
2025-09-04 14:07:26 - DEBUG - [HIS] 2025-09-03 picked=cu2510, cu2511, reason=rank
2025-09-04 14:07:26 - INFO - [HIS] product=cu 2025-08-07~2025-09-03 days=20 skipped=0 mode=auto reasons={'pick_rank': 20}
2025-09-04 14:07:59 - INFO - [HIS] ih all  
2025-09-04 14:07:59 - INFO - [HIS] ih all  
2025-09-04 14:07:59 - INFO - [HIS] ih all  
2025-09-04 14:07:59 - INFO - [HIS] 2025-08-07~2025-09-03
2025-09-04 14:07:59 - INFO - [HIS] [datetime.date(2025, 8, 7), datetime.date(2025, 8, 8), datetime.date(2025, 8, 11), datetime.date(2025, 8, 12), datetime.date(2025, 8, 13), datetime.date(2025, 8, 14), datetime.date(2025, 8, 15), datetime.date(2025, 8, 18), datetime.date(2025, 8, 19), datetime.date(2025, 8, 20), datetime.date(2025, 8, 21), datetime.date(2025, 8, 22), datetime.date(2025, 8, 25), datetime.date(2025, 8, 26), datetime.date(2025, 8, 27), datetime.date(2025, 8, 28), datetime.date(2025, 8, 29), datetime.date(2025, 9, 1), datetime.date(2025, 9, 2), datetime.date(2025, 9, 3)] trading days
2025-09-04 14:07:59 - DEBUG - [HIS] 2025-08-07 picked=IH2509, IH2508, reason=minute_prev
2025-09-04 14:07:59 - DEBUG - [HIS] 2025-08-08 picked=IH2509, IH2508, reason=minute_prev
2025-09-04 14:08:00 - DEBUG - [HIS] 2025-08-11 picked=IH2509, IH2508, reason=minute_prev
2025-09-04 14:08:00 - DEBUG - [HIS] 2025-08-12 picked=IH2509, IH2508, reason=minute_prev
2025-09-04 14:08:00 - DEBUG - [HIS] 2025-08-13 picked=IH2509, IH2508, reason=minute_prev
2025-09-04 14:08:00 - DEBUG - [HIS] 2025-08-14 picked=IH2509, IH2508, reason=minute_prev
2025-09-04 14:08:01 - DEBUG - [HIS] 2025-08-15 picked=IH2509, IH2508, reason=minute_prev
2025-09-04 14:08:01 - DEBUG - [HIS] 2025-08-18 picked=IH2509, IH2512, reason=minute_prev
2025-09-04 14:08:01 - DEBUG - [HIS] 2025-08-19 picked=IH2509, IH2512, reason=minute_prev
2025-09-04 14:08:01 - DEBUG - [HIS] 2025-08-20 picked=IH2509, IH2512, reason=minute_prev
2025-09-04 14:08:01 - DEBUG - [HIS] 2025-08-21 picked=IH2509, IH2512, reason=minute_prev
2025-09-04 14:08:02 - DEBUG - [HIS] 2025-08-22 picked=IH2509, IH2512, reason=minute_prev
2025-09-04 14:08:02 - DEBUG - [HIS] 2025-08-25 picked=IH2509, IH2512, reason=minute_prev
2025-09-04 14:08:02 - DEBUG - [HIS] 2025-08-26 picked=IH2509, IH2512, reason=minute_prev
2025-09-04 14:08:02 - DEBUG - [HIS] 2025-08-27 picked=IH2509, IH2512, reason=minute_prev
2025-09-04 14:08:03 - DEBUG - [HIS] 2025-08-28 picked=IH2509, IH2512, reason=minute_prev
2025-09-04 14:08:03 - DEBUG - [HIS] 2025-08-29 picked=IH2509, IH2512, reason=minute_prev
2025-09-04 14:08:03 - DEBUG - [HIS] 2025-09-01 picked=IH2509, IH2512, reason=minute_prev
2025-09-04 14:08:03 - DEBUG - [HIS] 2025-09-02 picked=IH2509, IH2512, reason=minute_prev
2025-09-04 14:08:03 - DEBUG - [HIS] 2025-09-03 picked=IH2509, IH2512, reason=minute_prev
2025-09-04 14:08:04 - INFO - [HIS] product=ih 2025-08-07~2025-09-03 days=20 skipped=0 mode=auto reasons={'pick_minute_prev': 20}
2025-09-04 14:08:28 - INFO - [HIS] if all  
2025-09-04 14:08:28 - INFO - [HIS] if all  
2025-09-04 14:08:28 - INFO - [HIS] if all  
2025-09-04 14:08:28 - INFO - [HIS] 2025-08-07~2025-09-03
2025-09-04 14:08:28 - INFO - [HIS] [datetime.date(2025, 8, 7), datetime.date(2025, 8, 8), datetime.date(2025, 8, 11), datetime.date(2025, 8, 12), datetime.date(2025, 8, 13), datetime.date(2025, 8, 14), datetime.date(2025, 8, 15), datetime.date(2025, 8, 18), datetime.date(2025, 8, 19), datetime.date(2025, 8, 20), datetime.date(2025, 8, 21), datetime.date(2025, 8, 22), datetime.date(2025, 8, 25), datetime.date(2025, 8, 26), datetime.date(2025, 8, 27), datetime.date(2025, 8, 28), datetime.date(2025, 8, 29), datetime.date(2025, 9, 1), datetime.date(2025, 9, 2), datetime.date(2025, 9, 3)] trading days
2025-09-04 14:08:29 - DEBUG - [HIS] 2025-08-07 picked=IF2509, IF2508, reason=minute_prev
2025-09-04 14:08:29 - DEBUG - [HIS] 2025-08-08 picked=IF2509, IF2508, reason=minute_prev
2025-09-04 14:08:29 - DEBUG - [HIS] 2025-08-11 picked=IF2509, IF2508, reason=minute_prev
2025-09-04 14:08:29 - DEBUG - [HIS] 2025-08-12 picked=IF2509, IF2508, reason=minute_prev
2025-09-04 14:08:29 - DEBUG - [HIS] 2025-08-13 picked=IF2509, IF2508, reason=minute_prev
2025-09-04 14:08:30 - DEBUG - [HIS] 2025-08-14 picked=IF2509, IF2508, reason=minute_prev
2025-09-04 14:08:30 - DEBUG - [HIS] 2025-08-15 picked=IF2509, IF2512, reason=minute_prev
2025-09-04 14:08:30 - DEBUG - [HIS] 2025-08-18 picked=IF2509, IF2512, reason=minute_prev
2025-09-04 14:08:30 - DEBUG - [HIS] 2025-08-19 picked=IF2509, IF2512, reason=minute_prev
2025-09-04 14:08:30 - DEBUG - [HIS] 2025-08-20 picked=IF2509, IF2512, reason=minute_prev
2025-09-04 14:08:30 - DEBUG - [HIS] 2025-08-21 picked=IF2509, IF2512, reason=minute_prev
2025-09-04 14:08:31 - DEBUG - [HIS] 2025-08-22 picked=IF2509, IF2512, reason=minute_prev
2025-09-04 14:08:31 - DEBUG - [HIS] 2025-08-25 picked=IF2509, IF2512, reason=minute_prev
2025-09-04 14:08:31 - DEBUG - [HIS] 2025-08-26 picked=IF2509, IF2512, reason=minute_prev
2025-09-04 14:08:31 - DEBUG - [HIS] 2025-08-27 picked=IF2509, IF2512, reason=minute_prev
2025-09-04 14:08:31 - DEBUG - [HIS] 2025-08-28 picked=IF2509, IF2512, reason=minute_prev
2025-09-04 14:08:32 - DEBUG - [HIS] 2025-08-29 picked=IF2509, IF2512, reason=minute_prev
2025-09-04 14:08:32 - DEBUG - [HIS] 2025-09-01 picked=IF2509, IF2512, reason=minute_prev
2025-09-04 14:08:32 - DEBUG - [HIS] 2025-09-02 picked=IF2509, IF2512, reason=minute_prev
2025-09-04 14:08:32 - DEBUG - [HIS] 2025-09-03 picked=IF2509, IF2512, reason=minute_prev
2025-09-04 14:08:32 - INFO - [HIS] product=if 2025-08-07~2025-09-03 days=20 skipped=0 mode=auto reasons={'pick_minute_prev': 20}
2025-09-04 14:08:40 - INFO - [HIS] ic all  
2025-09-04 14:08:40 - INFO - [HIS] ic all  
2025-09-04 14:08:40 - INFO - [HIS] ic all  
2025-09-04 14:08:40 - INFO - [HIS] 2025-08-07~2025-09-03
2025-09-04 14:08:40 - INFO - [HIS] [datetime.date(2025, 8, 7), datetime.date(2025, 8, 8), datetime.date(2025, 8, 11), datetime.date(2025, 8, 12), datetime.date(2025, 8, 13), datetime.date(2025, 8, 14), datetime.date(2025, 8, 15), datetime.date(2025, 8, 18), datetime.date(2025, 8, 19), datetime.date(2025, 8, 20), datetime.date(2025, 8, 21), datetime.date(2025, 8, 22), datetime.date(2025, 8, 25), datetime.date(2025, 8, 26), datetime.date(2025, 8, 27), datetime.date(2025, 8, 28), datetime.date(2025, 8, 29), datetime.date(2025, 9, 1), datetime.date(2025, 9, 2), datetime.date(2025, 9, 3)] trading days
2025-09-04 14:08:40 - DEBUG - [HIS] 2025-08-07 picked=IC2509, IC2508, reason=minute_prev
2025-09-04 14:08:40 - DEBUG - [HIS] 2025-08-08 picked=IC2509, IC2508, reason=minute_prev
2025-09-04 14:08:40 - DEBUG - [HIS] 2025-08-11 picked=IC2509, IC2508, reason=minute_prev
2025-09-04 14:08:41 - DEBUG - [HIS] 2025-08-12 picked=IC2509, IC2508, reason=minute_prev
2025-09-04 14:08:41 - DEBUG - [HIS] 2025-08-13 picked=IC2509, IC2508, reason=minute_prev
2025-09-04 14:08:41 - DEBUG - [HIS] 2025-08-14 picked=IC2509, IC2508, reason=minute_prev
2025-09-04 14:08:41 - DEBUG - [HIS] 2025-08-15 picked=IC2509, IC2508, reason=minute_prev
2025-09-04 14:08:41 - DEBUG - [HIS] 2025-08-18 picked=IC2509, IC2512, reason=minute_prev
2025-09-04 14:08:42 - DEBUG - [HIS] 2025-08-19 picked=IC2509, IC2512, reason=minute_prev
2025-09-04 14:08:42 - DEBUG - [HIS] 2025-08-20 picked=IC2509, IC2512, reason=minute_prev
2025-09-04 14:08:42 - DEBUG - [HIS] 2025-08-21 picked=IC2509, IC2512, reason=minute_prev
2025-09-04 14:08:42 - DEBUG - [HIS] 2025-08-22 picked=IC2509, IC2512, reason=minute_prev
2025-09-04 14:08:42 - DEBUG - [HIS] 2025-08-25 picked=IC2509, IC2512, reason=minute_prev
2025-09-04 14:08:43 - DEBUG - [HIS] 2025-08-26 picked=IC2509, IC2512, reason=minute_prev
2025-09-04 14:08:43 - DEBUG - [HIS] 2025-08-27 picked=IC2509, IC2512, reason=minute_prev
2025-09-04 14:08:43 - DEBUG - [HIS] 2025-08-28 picked=IC2509, IC2512, reason=minute_prev
2025-09-04 14:08:43 - DEBUG - [HIS] 2025-08-29 picked=IC2509, IC2512, reason=minute_prev
2025-09-04 14:08:43 - DEBUG - [HIS] 2025-09-01 picked=IC2509, IC2512, reason=minute_prev
2025-09-04 14:08:43 - DEBUG - [HIS] 2025-09-02 picked=IC2509, IC2512, reason=minute_prev
2025-09-04 14:08:44 - DEBUG - [HIS] 2025-09-03 picked=IC2509, IC2512, reason=minute_prev
2025-09-04 14:08:44 - INFO - [HIS] product=ic 2025-08-07~2025-09-03 days=20 skipped=0 mode=auto reasons={'pick_minute_prev': 20}
2025-09-04 14:09:24 - INFO - [HIS] im all  
2025-09-04 14:09:24 - INFO - [HIS] im all  
2025-09-04 14:09:24 - INFO - [HIS] im all  
2025-09-04 14:09:24 - INFO - [HIS] 2025-08-07~2025-09-03
2025-09-04 14:09:24 - INFO - [HIS] [datetime.date(2025, 8, 7), datetime.date(2025, 8, 8), datetime.date(2025, 8, 11), datetime.date(2025, 8, 12), datetime.date(2025, 8, 13), datetime.date(2025, 8, 14), datetime.date(2025, 8, 15), datetime.date(2025, 8, 18), datetime.date(2025, 8, 19), datetime.date(2025, 8, 20), datetime.date(2025, 8, 21), datetime.date(2025, 8, 22), datetime.date(2025, 8, 25), datetime.date(2025, 8, 26), datetime.date(2025, 8, 27), datetime.date(2025, 8, 28), datetime.date(2025, 8, 29), datetime.date(2025, 9, 1), datetime.date(2025, 9, 2), datetime.date(2025, 9, 3)] trading days
2025-09-04 14:09:24 - DEBUG - [HIS] 2025-08-07 picked=IM2509, IM2508, reason=minute_prev
2025-09-04 14:09:25 - DEBUG - [HIS] 2025-08-08 picked=IM2509, IM2508, reason=minute_prev
2025-09-04 14:09:25 - DEBUG - [HIS] 2025-08-11 picked=IM2509, IM2508, reason=minute_prev
2025-09-04 14:09:25 - DEBUG - [HIS] 2025-08-12 picked=IM2509, IM2508, reason=minute_prev
2025-09-04 14:09:25 - DEBUG - [HIS] 2025-08-13 picked=IM2509, IM2508, reason=minute_prev
2025-09-04 14:09:25 - DEBUG - [HIS] 2025-08-14 picked=IM2509, IM2512, reason=minute_prev
2025-09-04 14:09:25 - DEBUG - [HIS] 2025-08-15 picked=IM2509, IM2512, reason=minute_prev
2025-09-04 14:09:25 - DEBUG - [HIS] 2025-08-18 picked=IM2509, IM2512, reason=minute_prev
2025-09-04 14:09:25 - DEBUG - [HIS] 2025-08-19 picked=IM2509, IM2512, reason=minute_prev
2025-09-04 14:09:25 - DEBUG - [HIS] 2025-08-20 picked=IM2509, IM2512, reason=minute_prev
2025-09-04 14:09:25 - DEBUG - [HIS] 2025-08-21 picked=IM2509, IM2512, reason=minute_prev
2025-09-04 14:09:25 - DEBUG - [HIS] 2025-08-22 picked=IM2509, IM2512, reason=minute_prev
2025-09-04 14:09:25 - DEBUG - [HIS] 2025-08-25 picked=IM2509, IM2512, reason=minute_prev
2025-09-04 14:09:25 - DEBUG - [HIS] 2025-08-26 picked=IM2509, IM2512, reason=minute_prev
2025-09-04 14:09:25 - DEBUG - [HIS] 2025-08-27 picked=IM2509, IM2512, reason=minute_prev
2025-09-04 14:09:25 - DEBUG - [HIS] 2025-08-28 picked=IM2509, IM2512, reason=minute_prev
2025-09-04 14:09:25 - DEBUG - [HIS] 2025-08-29 picked=IM2509, IM2512, reason=minute_prev
2025-09-04 14:09:26 - DEBUG - [HIS] 2025-09-01 picked=IM2509, IM2512, reason=minute_prev
2025-09-04 14:09:26 - DEBUG - [HIS] 2025-09-02 picked=IM2509, IM2512, reason=minute_prev
2025-09-04 14:09:26 - DEBUG - [HIS] 2025-09-03 picked=IM2509, IM2512, reason=minute_prev
2025-09-04 14:09:26 - INFO - [HIS] product=im 2025-08-07~2025-09-03 days=20 skipped=0 mode=auto reasons={'pick_minute_prev': 20}
2025-09-04 14:09:37 - INFO - [HIS] if all  
2025-09-04 14:09:37 - INFO - [HIS] if all  
2025-09-04 14:09:37 - INFO - [HIS] if all  
2025-09-04 14:09:37 - INFO - [HIS] 2025-08-07~2025-09-03
2025-09-04 14:09:37 - INFO - [HIS] [datetime.date(2025, 8, 7), datetime.date(2025, 8, 8), datetime.date(2025, 8, 11), datetime.date(2025, 8, 12), datetime.date(2025, 8, 13), datetime.date(2025, 8, 14), datetime.date(2025, 8, 15), datetime.date(2025, 8, 18), datetime.date(2025, 8, 19), datetime.date(2025, 8, 20), datetime.date(2025, 8, 21), datetime.date(2025, 8, 22), datetime.date(2025, 8, 25), datetime.date(2025, 8, 26), datetime.date(2025, 8, 27), datetime.date(2025, 8, 28), datetime.date(2025, 8, 29), datetime.date(2025, 9, 1), datetime.date(2025, 9, 2), datetime.date(2025, 9, 3)] trading days
2025-09-04 14:09:37 - DEBUG - [HIS] 2025-08-07 picked=IF2509, IF2508, reason=minute_prev
2025-09-04 14:09:37 - DEBUG - [HIS] 2025-08-08 picked=IF2509, IF2508, reason=minute_prev
2025-09-04 14:09:37 - DEBUG - [HIS] 2025-08-11 picked=IF2509, IF2508, reason=minute_prev
2025-09-04 14:09:38 - DEBUG - [HIS] 2025-08-12 picked=IF2509, IF2508, reason=minute_prev
2025-09-04 14:09:38 - DEBUG - [HIS] 2025-08-13 picked=IF2509, IF2508, reason=minute_prev
2025-09-04 14:09:38 - DEBUG - [HIS] 2025-08-14 picked=IF2509, IF2508, reason=minute_prev
2025-09-04 14:09:38 - DEBUG - [HIS] 2025-08-15 picked=IF2509, IF2512, reason=minute_prev
2025-09-04 14:09:38 - DEBUG - [HIS] 2025-08-18 picked=IF2509, IF2512, reason=minute_prev
2025-09-04 14:09:39 - DEBUG - [HIS] 2025-08-19 picked=IF2509, IF2512, reason=minute_prev
2025-09-04 14:09:39 - DEBUG - [HIS] 2025-08-20 picked=IF2509, IF2512, reason=minute_prev
2025-09-04 14:09:39 - DEBUG - [HIS] 2025-08-21 picked=IF2509, IF2512, reason=minute_prev
2025-09-04 14:09:39 - DEBUG - [HIS] 2025-08-22 picked=IF2509, IF2512, reason=minute_prev
2025-09-04 14:09:39 - DEBUG - [HIS] 2025-08-25 picked=IF2509, IF2512, reason=minute_prev
2025-09-04 14:09:39 - DEBUG - [HIS] 2025-08-26 picked=IF2509, IF2512, reason=minute_prev
2025-09-04 14:09:39 - DEBUG - [HIS] 2025-08-27 picked=IF2509, IF2512, reason=minute_prev
2025-09-04 14:09:40 - DEBUG - [HIS] 2025-08-28 picked=IF2509, IF2512, reason=minute_prev
2025-09-04 14:09:40 - DEBUG - [HIS] 2025-08-29 picked=IF2509, IF2512, reason=minute_prev
2025-09-04 14:09:40 - DEBUG - [HIS] 2025-09-01 picked=IF2509, IF2512, reason=minute_prev
2025-09-04 14:09:40 - DEBUG - [HIS] 2025-09-02 picked=IF2509, IF2512, reason=minute_prev
2025-09-04 14:09:40 - DEBUG - [HIS] 2025-09-03 picked=IF2509, IF2512, reason=minute_prev
2025-09-04 14:09:41 - INFO - [HIS] product=if 2025-08-07~2025-09-03 days=20 skipped=0 mode=auto reasons={'pick_minute_prev': 20}
2025-09-04 15:35:22 - INFO - [HIS] if all  
2025-09-04 15:35:22 - INFO - [HIS] if all  
2025-09-04 15:35:22 - INFO - [HIS] if all  
2025-09-04 15:35:22 - INFO - [HIS] 2025-08-15~2025-08-15
2025-09-04 15:35:22 - INFO - [HIS] [datetime.date(2025, 8, 15)] trading days
2025-09-04 15:35:22 - DEBUG - [HIS] 2025-08-15 picked=IF2509, IF2512, reason=minute_prev
2025-09-04 15:35:22 - INFO - [HIS] product=if 2025-08-15~2025-08-15 days=1 skipped=0 mode=auto reasons={'pick_minute_prev': 1}
2025-09-04 15:35:29 - INFO - [HIS] if day  
2025-09-04 15:35:29 - INFO - [HIS] if day  
2025-09-04 15:35:29 - INFO - [HIS] if day  
2025-09-04 15:35:29 - INFO - [HIS] 2025-08-15~2025-08-15
2025-09-04 15:35:29 - INFO - [HIS] [datetime.date(2025, 8, 15)] trading days
2025-09-04 15:35:29 - DEBUG - [HIS] 2025-08-15 picked=IF2509, IF2512, reason=minute_prev
2025-09-04 15:35:29 - INFO - [HIS] product=if 2025-08-15~2025-08-15 days=1 skipped=0 mode=auto reasons={'pick_minute_prev': 1}
2025-09-04 15:35:31 - INFO - [HIS] if night  
2025-09-04 15:35:31 - INFO - [HIS] if night  
2025-09-04 15:35:31 - INFO - [HIS] if night  
2025-09-04 15:35:31 - INFO - [HIS] 2025-08-15~2025-08-15
2025-09-04 15:35:31 - INFO - [HIS] [datetime.date(2025, 8, 15)] trading days
2025-09-04 15:35:31 - DEBUG - [HIS] 2025-08-15 picked=IF2509, IF2512, reason=minute_prev
2025-09-04 15:35:31 - INFO - [HIS] product=if 2025-08-15~2025-08-15 days=1 skipped=0 mode=auto reasons={'pick_minute_prev': 1}
2025-09-04 15:35:34 - INFO - [HIS] if all  
2025-09-04 15:35:34 - INFO - [HIS] if all  
2025-09-04 15:35:34 - INFO - [HIS] if all  
2025-09-04 15:35:34 - INFO - [HIS] 2025-08-15~2025-08-15
2025-09-04 15:35:34 - INFO - [HIS] [datetime.date(2025, 8, 15)] trading days
2025-09-04 15:35:35 - DEBUG - [HIS] 2025-08-15 picked=IF2509, IF2512, reason=minute_prev
2025-09-04 15:35:35 - INFO - [HIS] product=if 2025-08-15~2025-08-15 days=1 skipped=0 mode=auto reasons={'pick_minute_prev': 1}
2025-09-04 15:35:39 - INFO - [HIS] if all  
2025-09-04 15:35:39 - INFO - [HIS] if all  
2025-09-04 15:35:39 - INFO - [HIS] if all  
2025-09-04 15:35:39 - INFO - [HIS] 2025-08-14~2025-09-17
2025-09-04 15:35:39 - INFO - [HIS] [datetime.date(2025, 8, 14), datetime.date(2025, 8, 15), datetime.date(2025, 8, 18), datetime.date(2025, 8, 19), datetime.date(2025, 8, 20), datetime.date(2025, 8, 21), datetime.date(2025, 8, 22), datetime.date(2025, 8, 25), datetime.date(2025, 8, 26), datetime.date(2025, 8, 27), datetime.date(2025, 8, 28), datetime.date(2025, 8, 29), datetime.date(2025, 9, 1), datetime.date(2025, 9, 2), datetime.date(2025, 9, 3), datetime.date(2025, 9, 4), datetime.date(2025, 9, 5), datetime.date(2025, 9, 8), datetime.date(2025, 9, 9), datetime.date(2025, 9, 10), datetime.date(2025, 9, 11), datetime.date(2025, 9, 12), datetime.date(2025, 9, 15), datetime.date(2025, 9, 16), datetime.date(2025, 9, 17)] trading days
2025-09-04 15:35:39 - DEBUG - [HIS] 2025-08-14 picked=IF2509, IF2508, reason=minute_prev
2025-09-04 15:35:39 - DEBUG - [HIS] 2025-08-15 picked=IF2509, IF2512, reason=minute_prev
2025-09-04 15:35:40 - DEBUG - [HIS] 2025-08-18 picked=IF2509, IF2512, reason=minute_prev
2025-09-04 15:35:40 - DEBUG - [HIS] 2025-08-19 picked=IF2509, IF2512, reason=minute_prev
2025-09-04 15:35:40 - DEBUG - [HIS] 2025-08-20 picked=IF2509, IF2512, reason=minute_prev
2025-09-04 15:35:40 - DEBUG - [HIS] 2025-08-21 picked=IF2509, IF2512, reason=minute_prev
2025-09-04 15:35:41 - DEBUG - [HIS] 2025-08-22 picked=IF2509, IF2512, reason=minute_prev
2025-09-04 15:35:41 - DEBUG - [HIS] 2025-08-25 picked=IF2509, IF2512, reason=minute_prev
2025-09-04 15:35:41 - DEBUG - [HIS] 2025-08-26 picked=IF2509, IF2512, reason=minute_prev
2025-09-04 15:35:41 - DEBUG - [HIS] 2025-08-27 picked=IF2509, IF2512, reason=minute_prev
2025-09-04 15:35:41 - DEBUG - [HIS] 2025-08-28 picked=IF2509, IF2512, reason=minute_prev
2025-09-04 15:35:42 - DEBUG - [HIS] 2025-08-29 picked=IF2509, IF2512, reason=minute_prev
2025-09-04 15:35:42 - DEBUG - [HIS] 2025-09-01 picked=IF2509, IF2512, reason=minute_prev
2025-09-04 15:35:42 - DEBUG - [HIS] 2025-09-02 picked=IF2509, IF2512, reason=minute_prev
2025-09-04 15:35:42 - DEBUG - [HIS] 2025-09-03 picked=IF2509, IF2512, reason=minute_prev
2025-09-04 15:35:43 - DEBUG - [HIS] 2025-09-04 picked=IF2509, IF2512, reason=minute_prev
2025-09-04 15:35:43 - DEBUG - [HIS] 2025-09-05 picked=IF2509, IF2512, reason=minute_prev
2025-09-04 15:35:43 - INFO - [HIS] al all  
2025-09-04 15:35:43 - INFO - [HIS] al all  
2025-09-04 15:35:43 - INFO - [HIS] al all  
2025-09-04 15:35:43 - INFO - [HIS] 2025-08-14~2025-09-17
2025-09-04 15:35:43 - INFO - [HIS] [datetime.date(2025, 8, 14), datetime.date(2025, 8, 15), datetime.date(2025, 8, 18), datetime.date(2025, 8, 19), datetime.date(2025, 8, 20), datetime.date(2025, 8, 21), datetime.date(2025, 8, 22), datetime.date(2025, 8, 25), datetime.date(2025, 8, 26), datetime.date(2025, 8, 27), datetime.date(2025, 8, 28), datetime.date(2025, 8, 29), datetime.date(2025, 9, 1), datetime.date(2025, 9, 2), datetime.date(2025, 9, 3), datetime.date(2025, 9, 4), datetime.date(2025, 9, 5), datetime.date(2025, 9, 8), datetime.date(2025, 9, 9), datetime.date(2025, 9, 10), datetime.date(2025, 9, 11), datetime.date(2025, 9, 12), datetime.date(2025, 9, 15), datetime.date(2025, 9, 16), datetime.date(2025, 9, 17)] trading days
2025-09-04 15:35:43 - DEBUG - [HIS] 2025-08-14 picked=al2509, al2510, reason=rank
2025-09-04 15:35:43 - DEBUG - [HIS] 2025-08-15 picked=al2509, al2510, reason=rank
2025-09-04 15:35:43 - DEBUG - [HIS] 2025-08-18 picked=al2510, al2509, reason=rank
2025-09-04 15:35:43 - DEBUG - [HIS] 2025-08-19 picked=al2510, al2509, reason=rank
2025-09-04 15:35:43 - DEBUG - [HIS] 2025-08-20 picked=al2510, al2509, reason=rank
2025-09-04 15:35:43 - DEBUG - [HIS] 2025-09-08 picked=IF2509, IF2512, reason=minute_prev
2025-09-04 15:35:43 - DEBUG - [HIS] 2025-08-21 picked=al2510, al2509, reason=rank
2025-09-04 15:35:43 - DEBUG - [HIS] 2025-08-22 picked=al2510, al2511, reason=rank
2025-09-04 15:35:44 - DEBUG - [HIS] 2025-08-25 picked=al2510, al2509, reason=rank
2025-09-04 15:35:44 - DEBUG - [HIS] 2025-08-26 picked=al2510, al2511, reason=rank
2025-09-04 15:35:44 - DEBUG - [HIS] 2025-08-27 picked=al2510, al2511, reason=rank
2025-09-04 15:35:44 - DEBUG - [HIS] 2025-08-28 picked=al2510, al2511, reason=rank
2025-09-04 15:35:44 - DEBUG - [HIS] 2025-08-29 picked=al2510, al2511, reason=rank
2025-09-04 15:35:44 - DEBUG - [HIS] 2025-09-01 picked=al2510, al2511, reason=rank
2025-09-04 15:35:44 - DEBUG - [HIS] 2025-09-02 picked=al2510, al2511, reason=rank
2025-09-04 15:35:44 - DEBUG - [HIS] 2025-09-03 picked=al2510, al2511, reason=rank
2025-09-04 15:35:44 - DEBUG - [HIS] 2025-09-04 picked=None, None, reason=no_data
2025-09-04 15:35:44 - DEBUG - [HIS] 2025-09-05 picked=None, None, reason=no_data
2025-09-04 15:35:44 - DEBUG - [HIS] 2025-09-08 picked=None, None, reason=no_data
2025-09-04 15:35:44 - DEBUG - [HIS] 2025-09-09 picked=None, None, reason=no_data
2025-09-04 15:35:44 - DEBUG - [HIS] 2025-09-10 picked=None, None, reason=no_data
2025-09-04 15:35:44 - DEBUG - [HIS] 2025-09-11 picked=None, None, reason=no_data
2025-09-04 15:35:44 - DEBUG - [HIS] 2025-09-12 picked=None, None, reason=no_data
2025-09-04 15:35:44 - DEBUG - [HIS] 2025-09-15 picked=None, None, reason=no_data
2025-09-04 15:35:44 - DEBUG - [HIS] 2025-09-16 picked=None, None, reason=no_data
2025-09-04 15:35:44 - DEBUG - [HIS] 2025-09-17 picked=None, None, reason=no_data
2025-09-04 15:35:44 - INFO - [HIS] product=al 2025-08-14~2025-09-17 days=15 skipped=10 mode=auto reasons={'pick_rank': 15, 'no_data': 10}
2025-09-04 15:35:45 - INFO - [HIS] al all  
2025-09-04 15:35:45 - INFO - [HIS] al all  
2025-09-04 15:35:45 - INFO - [HIS] al all  
2025-09-04 15:35:45 - INFO - [HIS] 2025-08-14~2025-09-17
2025-09-04 15:35:45 - INFO - [HIS] [datetime.date(2025, 8, 14), datetime.date(2025, 8, 15), datetime.date(2025, 8, 18), datetime.date(2025, 8, 19), datetime.date(2025, 8, 20), datetime.date(2025, 8, 21), datetime.date(2025, 8, 22), datetime.date(2025, 8, 25), datetime.date(2025, 8, 26), datetime.date(2025, 8, 27), datetime.date(2025, 8, 28), datetime.date(2025, 8, 29), datetime.date(2025, 9, 1), datetime.date(2025, 9, 2), datetime.date(2025, 9, 3), datetime.date(2025, 9, 4), datetime.date(2025, 9, 5), datetime.date(2025, 9, 8), datetime.date(2025, 9, 9), datetime.date(2025, 9, 10), datetime.date(2025, 9, 11), datetime.date(2025, 9, 12), datetime.date(2025, 9, 15), datetime.date(2025, 9, 16), datetime.date(2025, 9, 17)] trading days
2025-09-04 15:35:45 - DEBUG - [HIS] 2025-08-14 picked=al2509, al2510, reason=rank
2025-09-04 15:35:45 - DEBUG - [HIS] 2025-08-15 picked=al2509, al2510, reason=rank
2025-09-04 15:35:45 - DEBUG - [HIS] 2025-08-18 picked=al2510, al2509, reason=rank
2025-09-04 15:35:45 - DEBUG - [HIS] 2025-08-19 picked=al2510, al2509, reason=rank
2025-09-04 15:35:45 - DEBUG - [HIS] 2025-08-20 picked=al2510, al2509, reason=rank
2025-09-04 15:35:45 - DEBUG - [HIS] 2025-08-21 picked=al2510, al2509, reason=rank
2025-09-04 15:35:45 - DEBUG - [HIS] 2025-08-22 picked=al2510, al2511, reason=rank
2025-09-04 15:35:45 - DEBUG - [HIS] 2025-08-25 picked=al2510, al2509, reason=rank
2025-09-04 15:35:45 - DEBUG - [HIS] 2025-08-26 picked=al2510, al2511, reason=rank
2025-09-04 15:35:45 - DEBUG - [HIS] 2025-08-27 picked=al2510, al2511, reason=rank
2025-09-04 15:35:45 - DEBUG - [HIS] 2025-08-28 picked=al2510, al2511, reason=rank
2025-09-04 15:35:46 - DEBUG - [HIS] 2025-08-29 picked=al2510, al2511, reason=rank
2025-09-04 15:35:46 - DEBUG - [HIS] 2025-09-01 picked=al2510, al2511, reason=rank
2025-09-04 15:35:46 - DEBUG - [HIS] 2025-09-02 picked=al2510, al2511, reason=rank
2025-09-04 15:35:46 - DEBUG - [HIS] 2025-09-03 picked=al2510, al2511, reason=rank
2025-09-04 15:35:46 - DEBUG - [HIS] 2025-09-04 picked=None, None, reason=no_data
2025-09-04 15:35:46 - DEBUG - [HIS] 2025-09-05 picked=None, None, reason=no_data
2025-09-04 15:35:46 - DEBUG - [HIS] 2025-09-08 picked=None, None, reason=no_data
2025-09-04 15:35:46 - DEBUG - [HIS] 2025-09-09 picked=None, None, reason=no_data
2025-09-04 15:35:46 - DEBUG - [HIS] 2025-09-10 picked=None, None, reason=no_data
2025-09-04 15:35:46 - DEBUG - [HIS] 2025-09-11 picked=None, None, reason=no_data
2025-09-04 15:35:46 - DEBUG - [HIS] 2025-09-12 picked=None, None, reason=no_data
2025-09-04 15:35:46 - DEBUG - [HIS] 2025-09-15 picked=None, None, reason=no_data
2025-09-04 15:35:46 - DEBUG - [HIS] 2025-09-16 picked=None, None, reason=no_data
2025-09-04 15:35:46 - DEBUG - [HIS] 2025-09-17 picked=None, None, reason=no_data
2025-09-04 15:35:46 - INFO - [HIS] product=al 2025-08-14~2025-09-17 days=15 skipped=10 mode=auto reasons={'pick_rank': 15, 'no_data': 10}
2025-09-04 15:35:49 - DEBUG - [HIS] 2025-09-09 picked=None, None, reason=no_data
2025-09-04 15:35:49 - DEBUG - [HIS] 2025-09-10 picked=None, None, reason=no_data
2025-09-04 15:35:49 - DEBUG - [HIS] 2025-09-11 picked=None, None, reason=no_data
2025-09-04 15:35:49 - DEBUG - [HIS] 2025-09-12 picked=None, None, reason=no_data
2025-09-04 15:35:49 - DEBUG - [HIS] 2025-09-15 picked=None, None, reason=no_data
2025-09-04 15:35:50 - DEBUG - [HIS] 2025-09-16 picked=None, None, reason=no_data
2025-09-04 15:35:50 - DEBUG - [HIS] 2025-09-17 picked=None, None, reason=no_data
2025-09-04 15:35:50 - INFO - [HIS] product=if 2025-08-14~2025-09-17 days=16 skipped=9 mode=auto reasons={'pick_minute_prev': 18, 'no_near_bar': 2, 'no_data': 7}
2025-09-04 15:35:51 - INFO - [HIS] i all  
2025-09-04 15:35:51 - INFO - [HIS] i all  
2025-09-04 15:35:51 - INFO - [HIS] i all  
2025-09-04 15:35:51 - INFO - [HIS] 2025-08-14~2025-09-17
2025-09-04 15:35:51 - INFO - [HIS] [datetime.date(2025, 8, 14), datetime.date(2025, 8, 15), datetime.date(2025, 8, 18), datetime.date(2025, 8, 19), datetime.date(2025, 8, 20), datetime.date(2025, 8, 21), datetime.date(2025, 8, 22), datetime.date(2025, 8, 25), datetime.date(2025, 8, 26), datetime.date(2025, 8, 27), datetime.date(2025, 8, 28), datetime.date(2025, 8, 29), datetime.date(2025, 9, 1), datetime.date(2025, 9, 2), datetime.date(2025, 9, 3), datetime.date(2025, 9, 4), datetime.date(2025, 9, 5), datetime.date(2025, 9, 8), datetime.date(2025, 9, 9), datetime.date(2025, 9, 10), datetime.date(2025, 9, 11), datetime.date(2025, 9, 12), datetime.date(2025, 9, 15), datetime.date(2025, 9, 16), datetime.date(2025, 9, 17)] trading days
2025-09-04 15:35:51 - DEBUG - [HIS] 2025-08-14 picked=i2601, i2509, reason=rank
2025-09-04 15:35:51 - DEBUG - [HIS] 2025-08-15 picked=i2601, i2509, reason=rank
2025-09-04 15:35:51 - DEBUG - [HIS] 2025-08-18 picked=i2601, i2509, reason=rank
2025-09-04 15:35:51 - DEBUG - [HIS] 2025-08-19 picked=i2601, i2509, reason=rank
2025-09-04 15:35:51 - DEBUG - [HIS] 2025-08-20 picked=i2601, i2509, reason=rank
2025-09-04 15:35:51 - DEBUG - [HIS] 2025-08-21 picked=i2601, i2509, reason=rank
2025-09-04 15:35:51 - DEBUG - [HIS] 2025-08-22 picked=i2601, i2509, reason=rank
2025-09-04 15:35:51 - DEBUG - [HIS] 2025-08-25 picked=i2601, i2509, reason=rank
2025-09-04 15:35:52 - DEBUG - [HIS] 2025-08-26 picked=i2601, i2509, reason=rank
2025-09-04 15:35:52 - DEBUG - [HIS] 2025-08-27 picked=i2601, i2509, reason=rank
2025-09-04 15:35:52 - DEBUG - [HIS] 2025-08-28 picked=i2601, i2509, reason=rank
2025-09-04 15:35:52 - DEBUG - [HIS] 2025-08-29 picked=i2601, i2509, reason=rank
2025-09-04 15:35:52 - DEBUG - [HIS] 2025-09-01 picked=i2601, i2510, reason=rank
2025-09-04 15:35:52 - DEBUG - [HIS] 2025-09-02 picked=i2601, i2510, reason=rank
2025-09-04 15:35:52 - DEBUG - [HIS] 2025-09-03 picked=i2601, i2510, reason=rank
2025-09-04 15:35:52 - DEBUG - [HIS] 2025-09-04 picked=None, None, reason=no_data
2025-09-04 15:35:52 - DEBUG - [HIS] 2025-09-05 picked=None, None, reason=no_data
2025-09-04 15:35:52 - DEBUG - [HIS] 2025-09-08 picked=None, None, reason=no_data
2025-09-04 15:35:52 - DEBUG - [HIS] 2025-09-09 picked=None, None, reason=no_data
2025-09-04 15:35:52 - DEBUG - [HIS] 2025-09-10 picked=None, None, reason=no_data
2025-09-04 15:35:52 - DEBUG - [HIS] 2025-09-11 picked=None, None, reason=no_data
2025-09-04 15:35:52 - DEBUG - [HIS] 2025-09-12 picked=None, None, reason=no_data
2025-09-04 15:35:52 - DEBUG - [HIS] 2025-09-15 picked=None, None, reason=no_data
2025-09-04 15:35:52 - DEBUG - [HIS] 2025-09-16 picked=None, None, reason=no_data
2025-09-04 15:35:52 - DEBUG - [HIS] 2025-09-17 picked=None, None, reason=no_data
2025-09-04 15:35:52 - INFO - [HIS] product=i 2025-08-14~2025-09-17 days=15 skipped=10 mode=auto reasons={'pick_rank': 15, 'no_data': 10}
2025-09-05 09:58:04 - INFO - [TODAY] mode=auto product=cu day=2025-09-05
2025-09-05 09:58:04 - INFO - 加载主次主力合约: 品种=cu, 交易日=2025-09-05
2025-09-05 09:58:06 - WARNING - [当日合约] 查询为空: product=cu, date=2025-09-05
2025-09-05 09:58:06 - WARNING - 主/次主力合约未找到: 品种=cu, 交易日=2025-09-05
2025-09-05 09:58:06 - INFO - [TODAY] mode=auto product=cu day=2025-09-04
2025-09-05 09:58:06 - INFO - 加载主次主力合约: 品种=cu, 交易日=2025-09-04
2025-09-05 09:58:07 - INFO - 主次合约获取成功: product=cu, date=2025-09-04, main=cu2510, sub=cu2511
2025-09-05 09:58:07 - INFO - 主力合约=cu2510, 次主力合约=cu2511
2025-09-05 09:58:07 - INFO - ✅ 加载分钟数据成功: 合约=cu2510, 行数=465, 日期=2025-09-04
2025-09-05 09:58:08 - INFO - ✅ 加载分钟数据成功: 合约=cu2511, 行数=465, 日期=2025-09-04
2025-09-05 09:58:08 - INFO - 使用前一交易日: 原始=2025-09-04, 前一日=2025-09-03
2025-09-05 09:58:08 - INFO - ✅ 加载分钟数据成功: 合约=cu2510, 行数=465, 日期=2025-09-03
2025-09-05 09:58:08 - INFO - 使用前一交易日: 原始=2025-09-04, 前一日=2025-09-03
2025-09-05 09:58:08 - INFO - ✅ 加载分钟数据成功: 合约=cu2511, 行数=465, 日期=2025-09-03
2025-09-05 09:58:08 - INFO - 数据加载成功: 品种=cu, 主力行数=471, 次主力行数=471
2025-09-05 09:58:08 - INFO - 🧹 交易时段过滤: 原始=471 行，保留=446 行，过滤=25 行
2025-09-05 09:58:08 - INFO - 🧹 交易时段过滤: 原始=471 行，保留=446 行，过滤=25 行
2025-09-05 09:58:08 - INFO - ✅ Tick Size 获取成功: 合约=cu2510, tick_size=10.0
2025-09-05 09:58:08 - INFO - ⌛ 时间戳对齐检查: 主力=446 次主力=446 共有=446 总计=446
2025-09-05 09:58:08 - INFO - ✅ 合并成功: 行数=446
2025-09-05 09:58:08 - DEBUG - 价差样本: spread.head() = [40.0, 30.0, 30.0, 20.0, 30.0]
2025-09-05 09:58:08 - INFO - 🚫 涨跌停屏蔽: 主力=0 分钟, 次主力=0 分钟, 总计=0
2025-09-05 09:58:10 - INFO - ✅ 平均成交量查询成功: 合约=cu2510, 区间=2025-08-05~2025-09-04, 平均=48779, 有效天数=23
2025-09-05 09:58:10 - INFO - ✅ 平均成交量查询成功: 合约=cu2511, 区间=2025-08-05~2025-09-04, 平均=16597, 有效天数=23
2025-09-05 09:58:10 - INFO - 📉 单腿波动率计算: 波动率=21.628095, 样本数=444
2025-09-05 09:58:10 - INFO - 📉 单腿波动率计算: 波动率=21.091764, 样本数=444
2025-09-05 09:58:10 - INFO - 📊 价差波动率计算成功: 波动率=7.174069, 样本数=444
2025-09-05 09:58:11 - INFO - [TODAY] mode=auto product=cu day=2025-09-04
2025-09-05 09:58:11 - INFO - 加载主次主力合约: 品种=cu, 交易日=2025-09-04
2025-09-05 09:58:11 - INFO - 主次合约获取成功: product=cu, date=2025-09-04, main=cu2510, sub=cu2511
2025-09-05 09:58:11 - INFO - 主力合约=cu2510, 次主力合约=cu2511
2025-09-05 09:58:11 - INFO - ✅ 加载分钟数据成功: 合约=cu2510, 行数=465, 日期=2025-09-04
2025-09-05 09:58:11 - INFO - ✅ 加载分钟数据成功: 合约=cu2511, 行数=465, 日期=2025-09-04
2025-09-05 09:58:11 - INFO - 使用前一交易日: 原始=2025-09-04, 前一日=2025-09-03
2025-09-05 09:58:11 - INFO - ✅ 加载分钟数据成功: 合约=cu2510, 行数=465, 日期=2025-09-03
2025-09-05 09:58:11 - INFO - 使用前一交易日: 原始=2025-09-04, 前一日=2025-09-03
2025-09-05 09:58:11 - INFO - ✅ 加载分钟数据成功: 合约=cu2511, 行数=465, 日期=2025-09-03
2025-09-05 09:58:11 - INFO - 数据加载成功: 品种=cu, 主力行数=471, 次主力行数=471
2025-09-05 09:58:11 - INFO - 🧹 交易时段过滤: 原始=471 行，保留=446 行，过滤=25 行
2025-09-05 09:58:11 - INFO - 🧹 交易时段过滤: 原始=471 行，保留=446 行，过滤=25 行
2025-09-05 09:58:11 - INFO - ✅ Tick Size 获取成功: 合约=cu2510, tick_size=10.0
2025-09-05 09:58:11 - INFO - ⌛ 时间戳对齐检查: 主力=446 次主力=446 共有=446 总计=446
2025-09-05 09:58:11 - INFO - ✅ 合并成功: 行数=446
2025-09-05 09:58:11 - DEBUG - 价差样本: spread.head() = [40.0, 30.0, 30.0, 20.0, 30.0]
2025-09-05 09:58:11 - INFO - 🚫 涨跌停屏蔽: 主力=0 分钟, 次主力=0 分钟, 总计=0
2025-09-05 09:58:11 - INFO - ✅ 平均成交量查询成功: 合约=cu2510, 区间=2025-08-05~2025-09-04, 平均=48779, 有效天数=23
2025-09-05 09:58:11 - INFO - ✅ 平均成交量查询成功: 合约=cu2511, 区间=2025-08-05~2025-09-04, 平均=16597, 有效天数=23
2025-09-05 09:58:11 - INFO - 📉 单腿波动率计算: 波动率=21.628095, 样本数=444
2025-09-05 09:58:11 - INFO - 📉 单腿波动率计算: 波动率=21.091764, 样本数=444
2025-09-05 09:58:11 - INFO - 📊 价差波动率计算成功: 波动率=7.174069, 样本数=444
2025-09-05 09:58:19 - INFO - [TODAY] mode=auto product=zn day=2025-09-04
2025-09-05 09:58:19 - INFO - 加载主次主力合约: 品种=zn, 交易日=2025-09-04
2025-09-05 09:58:19 - INFO - 主次合约获取成功: product=zn, date=2025-09-04, main=zn2510, sub=zn2511
2025-09-05 09:58:19 - INFO - 主力合约=zn2510, 次主力合约=zn2511
2025-09-05 09:58:19 - INFO - ✅ 加载分钟数据成功: 合约=zn2510, 行数=465, 日期=2025-09-04
2025-09-05 09:58:19 - INFO - ✅ 加载分钟数据成功: 合约=zn2511, 行数=465, 日期=2025-09-04
2025-09-05 09:58:19 - INFO - 使用前一交易日: 原始=2025-09-04, 前一日=2025-09-03
2025-09-05 09:58:19 - INFO - ✅ 加载分钟数据成功: 合约=zn2510, 行数=465, 日期=2025-09-03
2025-09-05 09:58:19 - INFO - 使用前一交易日: 原始=2025-09-04, 前一日=2025-09-03
2025-09-05 09:58:19 - INFO - ✅ 加载分钟数据成功: 合约=zn2511, 行数=465, 日期=2025-09-03
2025-09-05 09:58:19 - INFO - 数据加载成功: 品种=zn, 主力行数=471, 次主力行数=471
2025-09-05 09:58:20 - INFO - 🧹 交易时段过滤: 原始=471 行，保留=446 行，过滤=25 行
2025-09-05 09:58:20 - INFO - 🧹 交易时段过滤: 原始=471 行，保留=446 行，过滤=25 行
2025-09-05 09:58:20 - INFO - ✅ Tick Size 获取成功: 合约=zn2510, tick_size=5.0
2025-09-05 09:58:20 - INFO - ⌛ 时间戳对齐检查: 主力=446 次主力=446 共有=446 总计=446
2025-09-05 09:58:20 - INFO - ✅ 合并成功: 行数=446
2025-09-05 09:58:20 - DEBUG - 价差样本: spread.head() = [5.0, -5.0, -5.0, -5.0, -5.0]
2025-09-05 09:58:20 - INFO - 🚫 涨跌停屏蔽: 主力=0 分钟, 次主力=0 分钟, 总计=0
2025-09-05 09:58:20 - INFO - ✅ 平均成交量查询成功: 合约=zn2510, 区间=2025-08-05~2025-09-04, 平均=94569, 有效天数=23
2025-09-05 09:58:20 - INFO - ✅ 平均成交量查询成功: 合约=zn2511, 区间=2025-08-05~2025-09-04, 平均=26198, 有效天数=23
2025-09-05 09:58:20 - INFO - 📉 单腿波动率计算: 波动率=9.715456, 样本数=444
2025-09-05 09:58:20 - INFO - 📉 单腿波动率计算: 波动率=9.089403, 样本数=444
2025-09-05 09:58:20 - INFO - 📊 价差波动率计算成功: 波动率=2.840748, 样本数=444
