2025-12-01 13:12:30 - INFO - [PROF] enter +0.0ms
2025-12-01 13:12:30 - INFO - [PROF] parsed_params +0.4ms
2025-12-01 13:12:34 - INFO - [TODAY] mode=auto product=CU day=2025-12-01 sessions=all
2025-12-01 13:12:34 - INFO - [PROF] before_load_main_sub +4061.1ms
2025-12-01 13:12:34 - INFO - [TODAY] mode=auto product=CU day=2025-12-01 sessions=all
2025-12-01 13:12:34 - INFO - 加载主次主力合约: 品种=CU, 交易日=2025-12-01
2025-12-01 13:12:35 - WARNING - [当日合约] 查询为空: product=CU, date=2025-12-01
2025-12-01 13:12:35 - WARNING - 主/次主力合约未找到: 品种=CU, 交易日=2025-12-01
2025-12-01 13:12:35 - INFO - [TODAY] raw shapes: main=(0, 0), sub=(0, 0)
2025-12-01 13:12:40 - INFO - [PROF] enter +0.0ms
2025-12-01 13:12:40 - INFO - [PROF] parsed_params +332.4ms
2025-12-01 13:12:44 - INFO - [TODAY] mode=auto product=CU day=2025-12-01 sessions=all
2025-12-01 13:12:44 - INFO - [PROF] before_load_main_sub +4408.6ms
2025-12-01 13:12:44 - INFO - [TODAY] mode=auto product=CU day=2025-12-01 sessions=all
2025-12-01 13:12:44 - INFO - 加载主次主力合约: 品种=CU, 交易日=2025-12-01
2025-12-01 13:12:45 - WARNING - [当日合约] 查询为空: product=CU, date=2025-12-01
2025-12-01 13:12:45 - WARNING - 主/次主力合约未找到: 品种=CU, 交易日=2025-12-01
2025-12-01 13:12:45 - INFO - [TODAY] raw shapes: main=(0, 0), sub=(0, 0)
2025-12-01 13:12:52 - INFO - [PROF] enter +0.0ms
2025-12-01 13:12:52 - INFO - [PROF] parsed_params +0.4ms
2025-12-01 13:12:56 - INFO - [TODAY] mode=auto product=CU day=2025-11-28 sessions=all
2025-12-01 13:12:56 - INFO - [PROF] before_load_main_sub +4080.4ms
2025-12-01 13:12:56 - INFO - [TODAY] mode=auto product=CU day=2025-11-28 sessions=all
2025-12-01 13:12:56 - INFO - 加载主次主力合约: 品种=CU, 交易日=2025-11-28
2025-12-01 13:12:57 - INFO - 主次合约获取成功: product=CU, date=2025-11-28, main=cu2601, sub=cu2602
2025-12-01 13:12:57 - INFO - 主力合约=cu2601, 次主力合约=cu2602
2025-12-01 13:12:58 - INFO - ✅ 加载分钟数据成功: 合约=cu2601, 行数=465, 日期=2025-11-28
2025-12-01 13:12:58 - INFO - ✅ 加载分钟数据成功: 合约=cu2602, 行数=465, 日期=2025-11-28
2025-12-01 13:12:58 - INFO - 使用前一交易日: 原始=2025-11-28, 前一日=2025-11-27
2025-12-01 13:12:59 - INFO - ✅ 加载分钟数据成功: 合约=cu2601, 行数=465, 日期=2025-11-27
2025-12-01 13:12:59 - INFO - 使用前一交易日: 原始=2025-11-28, 前一日=2025-11-27
2025-12-01 13:12:59 - INFO - ✅ 加载分钟数据成功: 合约=cu2602, 行数=465, 日期=2025-11-27
2025-12-01 13:12:59 - INFO - 数据加载成功: 品种=CU, 主力行数=471, 次主力行数=471
2025-12-01 13:12:59 - INFO - [TODAY] raw shapes: main=(471, 18), sub=(471, 18)
2025-12-01 13:12:59 - INFO - 🧹 开盘窗口过滤: 原始=471 行，保留=29 行，过滤=442 行
2025-12-01 13:12:59 - INFO - 🧹 开盘窗口过滤: 原始=471 行，保留=29 行，过滤=442 行
2025-12-01 13:12:59 - INFO - 🧹 交易时段过滤: 原始=471 行，保留=446 行，过滤=25 行
2025-12-01 13:12:59 - INFO - 🧹 交易时段过滤: 原始=471 行，保留=446 行，过滤=25 行
2025-12-01 13:12:59 - INFO - ✅ Tick Size 获取成功: 合约=cu2601, tick_size=10.0
2025-12-01 13:12:59 - INFO - ⌛ 时间戳对齐检查: 主力=446 次主力=446 共有=446 总计=446
2025-12-01 13:12:59 - INFO - ✅ 合并成功: 行数=446
2025-12-01 13:12:59 - DEBUG - 价差样本: spread.head() = [-20.0, -20.0, -30.0, -50.0, -30.0]
2025-12-01 13:12:59 - INFO - 🚫 涨跌停屏蔽: 主力=0 分钟, 次主力=0 分钟, 总计=0
2025-12-01 13:13:19 - INFO - avg_volume(batch+cache) 19.567s
2025-12-01 13:13:19 - INFO - ✅ 加载分钟数据成功: 合约=cu2601, 行数=465, 日期=2025-11-24
2025-12-01 13:13:19 - INFO - ✅ 加载分钟数据成功: 合约=cu2602, 行数=465, 日期=2025-11-24
2025-12-01 13:13:19 - INFO - 使用前一交易日: 原始=2025-11-24, 前一日=2025-11-21
2025-12-01 13:13:19 - INFO - ✅ 加载分钟数据成功: 合约=cu2601, 行数=465, 日期=2025-11-21
2025-12-01 13:13:20 - INFO - 使用前一交易日: 原始=2025-11-24, 前一日=2025-11-21
2025-12-01 13:13:20 - INFO - ✅ 加载分钟数据成功: 合约=cu2602, 行数=465, 日期=2025-11-21
2025-12-01 13:13:20 - INFO - 数据加载成功: 日期: 2025-11-24, 主力行数=471, 次主力行数=471
2025-12-01 13:13:20 - INFO - ✅ Tick Size 获取成功: 合约=cu2601, tick_size=10.0
2025-12-01 13:13:20 - INFO - 🧹 交易时段过滤: 原始=471 行，保留=446 行，过滤=25 行
2025-12-01 13:13:20 - INFO - 🧹 交易时段过滤: 原始=471 行，保留=446 行，过滤=25 行
2025-12-01 13:13:20 - INFO - ⌛ 时间戳对齐检查: 主力=446 次主力=446 共有=446 总计=446
2025-12-01 13:13:20 - INFO - ✅ 合并成功: 行数=446
2025-12-01 13:13:20 - DEBUG - 价差样本: spread.head() = [10.0, 10.0, 20.0, 10.0, 10.0]
2025-12-01 13:13:20 - INFO - ✅ 加载分钟数据成功: 合约=cu2601, 行数=465, 日期=2025-11-25
2025-12-01 13:13:20 - INFO - ✅ 加载分钟数据成功: 合约=cu2602, 行数=465, 日期=2025-11-25
2025-12-01 13:13:20 - INFO - 使用前一交易日: 原始=2025-11-25, 前一日=2025-11-24
2025-12-01 13:13:20 - INFO - ✅ 加载分钟数据成功: 合约=cu2601, 行数=465, 日期=2025-11-24
2025-12-01 13:13:20 - INFO - 使用前一交易日: 原始=2025-11-25, 前一日=2025-11-24
2025-12-01 13:13:20 - INFO - ✅ 加载分钟数据成功: 合约=cu2602, 行数=465, 日期=2025-11-24
2025-12-01 13:13:20 - INFO - 数据加载成功: 日期: 2025-11-25, 主力行数=471, 次主力行数=471
2025-12-01 13:13:21 - INFO - ✅ Tick Size 获取成功: 合约=cu2601, tick_size=10.0
2025-12-01 13:13:21 - INFO - 🧹 交易时段过滤: 原始=471 行，保留=446 行，过滤=25 行
2025-12-01 13:13:21 - INFO - 🧹 交易时段过滤: 原始=471 行，保留=446 行，过滤=25 行
2025-12-01 13:13:21 - INFO - ⌛ 时间戳对齐检查: 主力=446 次主力=446 共有=446 总计=446
2025-12-01 13:13:21 - INFO - ✅ 合并成功: 行数=446
2025-12-01 13:13:21 - DEBUG - 价差样本: spread.head() = [-20.0, 0.0, -10.0, -10.0, -10.0]
2025-12-01 13:13:21 - INFO - ✅ 加载分钟数据成功: 合约=cu2601, 行数=465, 日期=2025-11-26
2025-12-01 13:13:21 - INFO - ✅ 加载分钟数据成功: 合约=cu2602, 行数=465, 日期=2025-11-26
2025-12-01 13:13:21 - INFO - 使用前一交易日: 原始=2025-11-26, 前一日=2025-11-25
2025-12-01 13:13:21 - INFO - ✅ 加载分钟数据成功: 合约=cu2601, 行数=465, 日期=2025-11-25
2025-12-01 13:13:21 - INFO - 使用前一交易日: 原始=2025-11-26, 前一日=2025-11-25
2025-12-01 13:13:21 - INFO - ✅ 加载分钟数据成功: 合约=cu2602, 行数=465, 日期=2025-11-25
2025-12-01 13:13:21 - INFO - 数据加载成功: 日期: 2025-11-26, 主力行数=471, 次主力行数=471
2025-12-01 13:13:21 - INFO - ✅ Tick Size 获取成功: 合约=cu2601, tick_size=10.0
2025-12-01 13:13:21 - INFO - 🧹 交易时段过滤: 原始=471 行，保留=446 行，过滤=25 行
2025-12-01 13:13:21 - INFO - 🧹 交易时段过滤: 原始=471 行，保留=446 行，过滤=25 行
2025-12-01 13:13:21 - INFO - ⌛ 时间戳对齐检查: 主力=446 次主力=446 共有=446 总计=446
2025-12-01 13:13:21 - INFO - ✅ 合并成功: 行数=446
2025-12-01 13:13:21 - DEBUG - 价差样本: spread.head() = [-10.0, -10.0, -30.0, -10.0, -10.0]
2025-12-01 13:13:22 - INFO - ✅ 加载分钟数据成功: 合约=cu2601, 行数=465, 日期=2025-11-27
2025-12-01 13:13:22 - INFO - ✅ 加载分钟数据成功: 合约=cu2602, 行数=465, 日期=2025-11-27
2025-12-01 13:13:22 - INFO - 使用前一交易日: 原始=2025-11-27, 前一日=2025-11-26
2025-12-01 13:13:22 - INFO - ✅ 加载分钟数据成功: 合约=cu2601, 行数=465, 日期=2025-11-26
2025-12-01 13:13:22 - INFO - 使用前一交易日: 原始=2025-11-27, 前一日=2025-11-26
2025-12-01 13:13:22 - INFO - ✅ 加载分钟数据成功: 合约=cu2602, 行数=465, 日期=2025-11-26
2025-12-01 13:13:22 - INFO - 数据加载成功: 日期: 2025-11-27, 主力行数=471, 次主力行数=471
2025-12-01 13:13:22 - INFO - ✅ Tick Size 获取成功: 合约=cu2601, tick_size=10.0
2025-12-01 13:13:22 - INFO - 🧹 交易时段过滤: 原始=471 行，保留=446 行，过滤=25 行
2025-12-01 13:13:22 - INFO - 🧹 交易时段过滤: 原始=471 行，保留=446 行，过滤=25 行
2025-12-01 13:13:22 - INFO - ⌛ 时间戳对齐检查: 主力=446 次主力=446 共有=446 总计=446
2025-12-01 13:13:22 - INFO - ✅ 合并成功: 行数=446
2025-12-01 13:13:22 - DEBUG - 价差样本: spread.head() = [-20.0, -20.0, -0.0, 0.0, -0.0]
2025-12-01 13:13:22 - INFO - ✅ 加载分钟数据成功: 合约=cu2601, 行数=465, 日期=2025-11-28
2025-12-01 13:13:22 - INFO - ✅ 加载分钟数据成功: 合约=cu2602, 行数=465, 日期=2025-11-28
2025-12-01 13:13:23 - INFO - 使用前一交易日: 原始=2025-11-28, 前一日=2025-11-27
2025-12-01 13:13:23 - INFO - ✅ 加载分钟数据成功: 合约=cu2601, 行数=465, 日期=2025-11-27
2025-12-01 13:13:23 - INFO - 使用前一交易日: 原始=2025-11-28, 前一日=2025-11-27
2025-12-01 13:13:23 - INFO - ✅ 加载分钟数据成功: 合约=cu2602, 行数=465, 日期=2025-11-27
2025-12-01 13:13:23 - INFO - 数据加载成功: 日期: 2025-11-28, 主力行数=471, 次主力行数=471
2025-12-01 13:13:23 - INFO - ✅ Tick Size 获取成功: 合约=cu2601, tick_size=10.0
2025-12-01 13:13:23 - INFO - 🧹 交易时段过滤: 原始=471 行，保留=446 行，过滤=25 行
2025-12-01 13:13:23 - INFO - 🧹 交易时段过滤: 原始=471 行，保留=446 行，过滤=25 行
2025-12-01 13:13:23 - INFO - ⌛ 时间戳对齐检查: 主力=446 次主力=446 共有=446 总计=446
2025-12-01 13:13:23 - INFO - ✅ 合并成功: 行数=446
2025-12-01 13:13:23 - DEBUG - 价差样本: spread.head() = [-20.0, -20.0, -30.0, -50.0, -30.0]
2025-12-01 13:13:23 - INFO - ⌛ 时间戳对齐检查: 主力=29 次主力=29 共有=29 总计=29
2025-12-01 13:13:23 - INFO - ✅ 合并成功: 行数=29
2025-12-01 13:13:23 - DEBUG - 价差样本: spread.head() = [-30.0, -20.0, -20.0, -20.0, -20.0]
2025-12-01 13:13:23 - INFO - 🚫 涨跌停屏蔽: 主力=0 分钟, 次主力=0 分钟, 总计=0
2025-12-01 13:13:23 - INFO - 📉 单腿波动率计算: 波动率=19.018212, 样本数=444
2025-12-01 13:13:23 - INFO - 📉 单腿波动率计算: 波动率=18.697223, 样本数=444
2025-12-01 13:13:23 - INFO - 📊 价差波动率计算成功: 波动率=7.864024, 样本数=444
2025-12-01 13:13:23 - INFO - 消耗时间：30.563228368759155
2025-12-01 13:14:06 - INFO - [PROF] enter +0.0ms
2025-12-01 13:14:06 - INFO - [PROF] parsed_params +0.6ms
2025-12-01 13:14:10 - INFO - [TODAY] mode=auto product=CU day=2025-12-01 sessions=all
2025-12-01 13:14:10 - INFO - [PROF] before_load_main_sub +4072.7ms
2025-12-01 13:14:10 - INFO - [TODAY] mode=auto product=CU day=2025-12-01 sessions=all
2025-12-01 13:14:10 - INFO - 加载主次主力合约: 品种=CU, 交易日=2025-12-01
2025-12-01 13:14:10 - WARNING - [当日合约] 查询为空: product=CU, date=2025-12-01
2025-12-01 13:14:10 - WARNING - 主/次主力合约未找到: 品种=CU, 交易日=2025-12-01
2025-12-01 13:14:10 - INFO - [TODAY] raw shapes: main=(0, 0), sub=(0, 0)
2025-12-01 13:14:12 - INFO - [PROF] enter +0.0ms
2025-12-01 13:14:12 - INFO - [PROF] parsed_params +0.5ms
2025-12-01 13:14:16 - INFO - [TODAY] mode=auto product=CU day=2025-11-28 sessions=all
2025-12-01 13:14:16 - INFO - [PROF] before_load_main_sub +4089.7ms
2025-12-01 13:14:16 - INFO - [TODAY] mode=auto product=CU day=2025-11-28 sessions=all
2025-12-01 13:14:16 - INFO - 加载主次主力合约: 品种=CU, 交易日=2025-11-28
2025-12-01 13:14:16 - INFO - 主次合约获取成功: product=CU, date=2025-11-28, main=cu2601, sub=cu2602
2025-12-01 13:14:16 - INFO - 主力合约=cu2601, 次主力合约=cu2602
2025-12-01 13:14:16 - INFO - ✅ 加载分钟数据成功: 合约=cu2601, 行数=465, 日期=2025-11-28
2025-12-01 13:14:17 - INFO - ✅ 加载分钟数据成功: 合约=cu2602, 行数=465, 日期=2025-11-28
2025-12-01 13:14:17 - INFO - 使用前一交易日: 原始=2025-11-28, 前一日=2025-11-27
2025-12-01 13:14:17 - INFO - ✅ 加载分钟数据成功: 合约=cu2601, 行数=465, 日期=2025-11-27
2025-12-01 13:14:17 - INFO - 使用前一交易日: 原始=2025-11-28, 前一日=2025-11-27
2025-12-01 13:14:17 - INFO - ✅ 加载分钟数据成功: 合约=cu2602, 行数=465, 日期=2025-11-27
2025-12-01 13:14:17 - INFO - 数据加载成功: 品种=CU, 主力行数=471, 次主力行数=471
2025-12-01 13:14:18 - INFO - [TODAY] raw shapes: main=(471, 18), sub=(471, 18)
2025-12-01 13:14:18 - INFO - 🧹 开盘窗口过滤: 原始=471 行，保留=29 行，过滤=442 行
2025-12-01 13:14:18 - INFO - 🧹 开盘窗口过滤: 原始=471 行，保留=29 行，过滤=442 行
2025-12-01 13:14:18 - INFO - 🧹 交易时段过滤: 原始=471 行，保留=446 行，过滤=25 行
2025-12-01 13:14:18 - INFO - 🧹 交易时段过滤: 原始=471 行，保留=446 行，过滤=25 行
2025-12-01 13:14:18 - INFO - ✅ Tick Size 获取成功: 合约=cu2601, tick_size=10.0
2025-12-01 13:14:18 - INFO - ⌛ 时间戳对齐检查: 主力=446 次主力=446 共有=446 总计=446
2025-12-01 13:14:18 - INFO - ✅ 合并成功: 行数=446
2025-12-01 13:14:18 - DEBUG - 价差样本: spread.head() = [-20.0, -20.0, -30.0, -50.0, -30.0]
2025-12-01 13:14:18 - INFO - 🚫 涨跌停屏蔽: 主力=0 分钟, 次主力=0 分钟, 总计=0
2025-12-01 13:14:34 - INFO - avg_volume(batch+cache) 16.673s
2025-12-01 13:14:35 - INFO - ✅ 加载分钟数据成功: 合约=cu2601, 行数=465, 日期=2025-11-24
2025-12-01 13:14:35 - INFO - ✅ 加载分钟数据成功: 合约=cu2602, 行数=465, 日期=2025-11-24
2025-12-01 13:14:35 - INFO - 使用前一交易日: 原始=2025-11-24, 前一日=2025-11-21
2025-12-01 13:14:35 - INFO - ✅ 加载分钟数据成功: 合约=cu2601, 行数=465, 日期=2025-11-21
2025-12-01 13:14:35 - INFO - 使用前一交易日: 原始=2025-11-24, 前一日=2025-11-21
2025-12-01 13:14:35 - INFO - ✅ 加载分钟数据成功: 合约=cu2602, 行数=465, 日期=2025-11-21
2025-12-01 13:14:35 - INFO - 数据加载成功: 日期: 2025-11-24, 主力行数=471, 次主力行数=471
2025-12-01 13:14:35 - INFO - ✅ Tick Size 获取成功: 合约=cu2601, tick_size=10.0
2025-12-01 13:14:35 - INFO - 🧹 交易时段过滤: 原始=471 行，保留=446 行，过滤=25 行
2025-12-01 13:14:35 - INFO - 🧹 交易时段过滤: 原始=471 行，保留=446 行，过滤=25 行
2025-12-01 13:14:35 - INFO - ⌛ 时间戳对齐检查: 主力=446 次主力=446 共有=446 总计=446
2025-12-01 13:14:35 - INFO - ✅ 合并成功: 行数=446
2025-12-01 13:14:35 - DEBUG - 价差样本: spread.head() = [10.0, 10.0, 20.0, 10.0, 10.0]
2025-12-01 13:14:35 - INFO - ✅ 加载分钟数据成功: 合约=cu2601, 行数=465, 日期=2025-11-25
2025-12-01 13:14:36 - INFO - ✅ 加载分钟数据成功: 合约=cu2602, 行数=465, 日期=2025-11-25
2025-12-01 13:14:36 - INFO - 使用前一交易日: 原始=2025-11-25, 前一日=2025-11-24
2025-12-01 13:14:36 - INFO - ✅ 加载分钟数据成功: 合约=cu2601, 行数=465, 日期=2025-11-24
2025-12-01 13:14:36 - INFO - 使用前一交易日: 原始=2025-11-25, 前一日=2025-11-24
2025-12-01 13:14:36 - INFO - ✅ 加载分钟数据成功: 合约=cu2602, 行数=465, 日期=2025-11-24
2025-12-01 13:14:36 - INFO - 数据加载成功: 日期: 2025-11-25, 主力行数=471, 次主力行数=471
2025-12-01 13:14:36 - INFO - ✅ Tick Size 获取成功: 合约=cu2601, tick_size=10.0
2025-12-01 13:14:36 - INFO - 🧹 交易时段过滤: 原始=471 行，保留=446 行，过滤=25 行
2025-12-01 13:14:36 - INFO - 🧹 交易时段过滤: 原始=471 行，保留=446 行，过滤=25 行
2025-12-01 13:14:36 - INFO - ⌛ 时间戳对齐检查: 主力=446 次主力=446 共有=446 总计=446
2025-12-01 13:14:36 - INFO - ✅ 合并成功: 行数=446
2025-12-01 13:14:36 - DEBUG - 价差样本: spread.head() = [-20.0, 0.0, -10.0, -10.0, -10.0]
2025-12-01 13:14:36 - INFO - ✅ 加载分钟数据成功: 合约=cu2601, 行数=465, 日期=2025-11-26
2025-12-01 13:14:36 - INFO - ✅ 加载分钟数据成功: 合约=cu2602, 行数=465, 日期=2025-11-26
2025-12-01 13:14:36 - INFO - 使用前一交易日: 原始=2025-11-26, 前一日=2025-11-25
2025-12-01 13:14:37 - INFO - ✅ 加载分钟数据成功: 合约=cu2601, 行数=465, 日期=2025-11-25
2025-12-01 13:14:37 - INFO - 使用前一交易日: 原始=2025-11-26, 前一日=2025-11-25
2025-12-01 13:14:37 - INFO - ✅ 加载分钟数据成功: 合约=cu2602, 行数=465, 日期=2025-11-25
2025-12-01 13:14:37 - INFO - 数据加载成功: 日期: 2025-11-26, 主力行数=471, 次主力行数=471
2025-12-01 13:14:37 - INFO - ✅ Tick Size 获取成功: 合约=cu2601, tick_size=10.0
2025-12-01 13:14:37 - INFO - 🧹 交易时段过滤: 原始=471 行，保留=446 行，过滤=25 行
2025-12-01 13:14:37 - INFO - 🧹 交易时段过滤: 原始=471 行，保留=446 行，过滤=25 行
2025-12-01 13:14:37 - INFO - ⌛ 时间戳对齐检查: 主力=446 次主力=446 共有=446 总计=446
2025-12-01 13:14:37 - INFO - ✅ 合并成功: 行数=446
2025-12-01 13:14:37 - DEBUG - 价差样本: spread.head() = [-10.0, -10.0, -30.0, -10.0, -10.0]
2025-12-01 13:14:37 - INFO - ✅ 加载分钟数据成功: 合约=cu2601, 行数=465, 日期=2025-11-27
2025-12-01 13:14:37 - INFO - ✅ 加载分钟数据成功: 合约=cu2602, 行数=465, 日期=2025-11-27
2025-12-01 13:14:37 - INFO - 使用前一交易日: 原始=2025-11-27, 前一日=2025-11-26
2025-12-01 13:14:37 - INFO - ✅ 加载分钟数据成功: 合约=cu2601, 行数=465, 日期=2025-11-26
2025-12-01 13:14:37 - INFO - 使用前一交易日: 原始=2025-11-27, 前一日=2025-11-26
2025-12-01 13:14:37 - INFO - ✅ 加载分钟数据成功: 合约=cu2602, 行数=465, 日期=2025-11-26
2025-12-01 13:14:37 - INFO - 数据加载成功: 日期: 2025-11-27, 主力行数=471, 次主力行数=471
2025-12-01 13:14:38 - INFO - ✅ Tick Size 获取成功: 合约=cu2601, tick_size=10.0
2025-12-01 13:14:38 - INFO - 🧹 交易时段过滤: 原始=471 行，保留=446 行，过滤=25 行
2025-12-01 13:14:38 - INFO - 🧹 交易时段过滤: 原始=471 行，保留=446 行，过滤=25 行
2025-12-01 13:14:38 - INFO - ⌛ 时间戳对齐检查: 主力=446 次主力=446 共有=446 总计=446
2025-12-01 13:14:38 - INFO - ✅ 合并成功: 行数=446
2025-12-01 13:14:38 - DEBUG - 价差样本: spread.head() = [-20.0, -20.0, -0.0, 0.0, -0.0]
2025-12-01 13:14:38 - INFO - ✅ 加载分钟数据成功: 合约=cu2601, 行数=465, 日期=2025-11-28
2025-12-01 13:14:38 - INFO - ✅ 加载分钟数据成功: 合约=cu2602, 行数=465, 日期=2025-11-28
2025-12-01 13:14:38 - INFO - 使用前一交易日: 原始=2025-11-28, 前一日=2025-11-27
2025-12-01 13:14:38 - INFO - ✅ 加载分钟数据成功: 合约=cu2601, 行数=465, 日期=2025-11-27
2025-12-01 13:14:38 - INFO - 使用前一交易日: 原始=2025-11-28, 前一日=2025-11-27
2025-12-01 13:14:38 - INFO - ✅ 加载分钟数据成功: 合约=cu2602, 行数=465, 日期=2025-11-27
2025-12-01 13:14:38 - INFO - 数据加载成功: 日期: 2025-11-28, 主力行数=471, 次主力行数=471
2025-12-01 13:14:38 - INFO - ✅ Tick Size 获取成功: 合约=cu2601, tick_size=10.0
2025-12-01 13:14:38 - INFO - 🧹 交易时段过滤: 原始=471 行，保留=446 行，过滤=25 行
2025-12-01 13:14:38 - INFO - 🧹 交易时段过滤: 原始=471 行，保留=446 行，过滤=25 行
2025-12-01 13:14:38 - INFO - ⌛ 时间戳对齐检查: 主力=446 次主力=446 共有=446 总计=446
2025-12-01 13:14:38 - INFO - ✅ 合并成功: 行数=446
2025-12-01 13:14:38 - DEBUG - 价差样本: spread.head() = [-20.0, -20.0, -30.0, -50.0, -30.0]
2025-12-01 13:14:38 - INFO - ⌛ 时间戳对齐检查: 主力=29 次主力=29 共有=29 总计=29
2025-12-01 13:14:38 - INFO - ✅ 合并成功: 行数=29
2025-12-01 13:14:38 - DEBUG - 价差样本: spread.head() = [-30.0, -20.0, -20.0, -20.0, -20.0]
2025-12-01 13:14:38 - INFO - 🚫 涨跌停屏蔽: 主力=0 分钟, 次主力=0 分钟, 总计=0
2025-12-01 13:14:38 - INFO - 📉 单腿波动率计算: 波动率=19.018212, 样本数=444
2025-12-01 13:14:38 - INFO - 📉 单腿波动率计算: 波动率=18.697223, 样本数=444
2025-12-01 13:14:38 - INFO - 📊 价差波动率计算成功: 波动率=7.864024, 样本数=444
2025-12-01 13:14:38 - INFO - 消耗时间：26.542182207107544
2025-12-01 13:14:56 - INFO - [CONTRACTS] in: product=cu, on=2025-11-28
2025-12-01 13:14:56 - INFO - [CONTRACTS] raw_count=119
2025-12-01 13:14:56 - INFO - [CONTRACTS] out: default_near=cu2512, default_far=cu2601, options=12
2025-12-01 13:15:02 - INFO - [PROF] enter +0.0ms
2025-12-01 13:15:02 - INFO - [PROF] parsed_params +0.3ms
2025-12-01 13:15:06 - INFO - [TODAY] mode=manual product=CU day=2025-11-28 sessions=all
2025-12-01 13:15:06 - INFO - [PROF] before_load_main_sub +4064.2ms
2025-12-01 13:15:06 - INFO - [TODAY] mode=manual near=CU2512 far=CU2601 day=2025-11-28 sessions=all
2025-12-01 13:15:06 - INFO - 手动合约加载: near=CU2512, far=CU2601, day=2025-11-28
2025-12-01 13:15:07 - INFO - ✅ 加载分钟数据成功: 合约=CU2512, 行数=465, 日期=2025-11-28
2025-12-01 13:15:07 - INFO - ✅ 加载分钟数据成功: 合约=CU2601, 行数=465, 日期=2025-11-28
2025-12-01 13:15:07 - INFO - 使用前一交易日: 原始=2025-11-28, 前一日=2025-11-27
2025-12-01 13:15:07 - INFO - ✅ 加载分钟数据成功: 合约=CU2512, 行数=465, 日期=2025-11-27
2025-12-01 13:15:07 - INFO - 使用前一交易日: 原始=2025-11-28, 前一日=2025-11-27
2025-12-01 13:15:07 - INFO - ✅ 加载分钟数据成功: 合约=CU2601, 行数=465, 日期=2025-11-27
2025-12-01 13:15:08 - INFO - 手动合约加载成功: near=CU2512(471), far=CU2601(471)
2025-12-01 13:15:08 - INFO - 手动合约当日信息: near={'instrument_id': 'cu2512', 'high_limited': 93060.0, 'low_limited': 80890.0, 'trading_day': '2025-11-28'}, far={'instrument_id': 'cu2601', 'high_limited': 93160.0, 'low_limited': 80970.0, 'trading_day': '2025-11-28'}, day=2025-11-28
2025-12-01 13:15:08 - INFO - [TODAY] raw shapes: main=(471, 18), sub=(471, 18)
2025-12-01 13:15:08 - INFO - 🧹 开盘窗口过滤: 原始=471 行，保留=29 行，过滤=442 行
2025-12-01 13:15:08 - INFO - 🧹 开盘窗口过滤: 原始=471 行，保留=29 行，过滤=442 行
2025-12-01 13:15:08 - INFO - 🧹 交易时段过滤: 原始=471 行，保留=446 行，过滤=25 行
2025-12-01 13:15:08 - INFO - 🧹 交易时段过滤: 原始=471 行，保留=446 行，过滤=25 行
2025-12-01 13:15:08 - INFO - ✅ Tick Size 获取成功: 合约=cu2512, tick_size=10.0
2025-12-01 13:15:08 - INFO - ⌛ 时间戳对齐检查: 主力=446 次主力=446 共有=446 总计=446
2025-12-01 13:15:08 - INFO - ✅ 合并成功: 行数=446
2025-12-01 13:15:08 - DEBUG - 价差样本: spread.head() = [-50.0, -50.0, -50.0, -30.0, -50.0]
2025-12-01 13:15:08 - INFO - 🚫 涨跌停屏蔽: 主力=0 分钟, 次主力=0 分钟, 总计=0
2025-12-01 13:15:25 - INFO - avg_volume(batch+cache) 16.936s
2025-12-01 13:15:25 - INFO - ✅ 加载分钟数据成功: 合约=cu2512, 行数=465, 日期=2025-11-24
2025-12-01 13:15:25 - INFO - ✅ 加载分钟数据成功: 合约=cu2601, 行数=465, 日期=2025-11-24
2025-12-01 13:15:25 - INFO - 使用前一交易日: 原始=2025-11-24, 前一日=2025-11-21
2025-12-01 13:15:25 - INFO - ✅ 加载分钟数据成功: 合约=cu2512, 行数=465, 日期=2025-11-21
2025-12-01 13:15:25 - INFO - 使用前一交易日: 原始=2025-11-24, 前一日=2025-11-21
2025-12-01 13:15:25 - INFO - ✅ 加载分钟数据成功: 合约=cu2601, 行数=465, 日期=2025-11-21
2025-12-01 13:15:25 - INFO - 数据加载成功: 日期: 2025-11-24, 主力行数=471, 次主力行数=471
2025-12-01 13:15:26 - INFO - ✅ Tick Size 获取成功: 合约=cu2512, tick_size=10.0
2025-12-01 13:15:26 - INFO - 🧹 交易时段过滤: 原始=471 行，保留=446 行，过滤=25 行
2025-12-01 13:15:26 - INFO - 🧹 交易时段过滤: 原始=471 行，保留=446 行，过滤=25 行
2025-12-01 13:15:26 - INFO - ⌛ 时间戳对齐检查: 主力=446 次主力=446 共有=446 总计=446
2025-12-01 13:15:26 - INFO - ✅ 合并成功: 行数=446
2025-12-01 13:15:26 - DEBUG - 价差样本: spread.head() = [-10.0, -30.0, -50.0, -40.0, -30.0]
2025-12-01 13:15:26 - INFO - ✅ 加载分钟数据成功: 合约=cu2512, 行数=465, 日期=2025-11-25
2025-12-01 13:15:26 - INFO - ✅ 加载分钟数据成功: 合约=cu2601, 行数=465, 日期=2025-11-25
2025-12-01 13:15:26 - INFO - 使用前一交易日: 原始=2025-11-25, 前一日=2025-11-24
2025-12-01 13:15:26 - INFO - ✅ 加载分钟数据成功: 合约=cu2512, 行数=465, 日期=2025-11-24
2025-12-01 13:15:26 - INFO - 使用前一交易日: 原始=2025-11-25, 前一日=2025-11-24
2025-12-01 13:15:26 - INFO - ✅ 加载分钟数据成功: 合约=cu2601, 行数=465, 日期=2025-11-24
2025-12-01 13:15:26 - INFO - 数据加载成功: 日期: 2025-11-25, 主力行数=471, 次主力行数=471
2025-12-01 13:15:26 - INFO - ✅ Tick Size 获取成功: 合约=cu2512, tick_size=10.0
2025-12-01 13:15:26 - INFO - 🧹 交易时段过滤: 原始=471 行，保留=446 行，过滤=25 行
2025-12-01 13:15:26 - INFO - 🧹 交易时段过滤: 原始=471 行，保留=446 行，过滤=25 行
2025-12-01 13:15:26 - INFO - ⌛ 时间戳对齐检查: 主力=446 次主力=446 共有=446 总计=446
2025-12-01 13:15:26 - INFO - ✅ 合并成功: 行数=446
2025-12-01 13:15:26 - DEBUG - 价差样本: spread.head() = [-30.0, -50.0, -30.0, -30.0, -40.0]
2025-12-01 13:15:26 - INFO - ✅ 加载分钟数据成功: 合约=cu2512, 行数=465, 日期=2025-11-26
2025-12-01 13:15:27 - INFO - ✅ 加载分钟数据成功: 合约=cu2601, 行数=465, 日期=2025-11-26
2025-12-01 13:15:27 - INFO - 使用前一交易日: 原始=2025-11-26, 前一日=2025-11-25
2025-12-01 13:15:27 - INFO - ✅ 加载分钟数据成功: 合约=cu2512, 行数=465, 日期=2025-11-25
2025-12-01 13:15:27 - INFO - 使用前一交易日: 原始=2025-11-26, 前一日=2025-11-25
2025-12-01 13:15:27 - INFO - ✅ 加载分钟数据成功: 合约=cu2601, 行数=465, 日期=2025-11-25
2025-12-01 13:15:27 - INFO - 数据加载成功: 日期: 2025-11-26, 主力行数=471, 次主力行数=471
2025-12-01 13:15:27 - INFO - ✅ Tick Size 获取成功: 合约=cu2512, tick_size=10.0
2025-12-01 13:15:27 - INFO - 🧹 交易时段过滤: 原始=471 行，保留=446 行，过滤=25 行
2025-12-01 13:15:27 - INFO - 🧹 交易时段过滤: 原始=471 行，保留=446 行，过滤=25 行
2025-12-01 13:15:27 - INFO - ⌛ 时间戳对齐检查: 主力=446 次主力=446 共有=446 总计=446
2025-12-01 13:15:27 - INFO - ✅ 合并成功: 行数=446
2025-12-01 13:15:27 - DEBUG - 价差样本: spread.head() = [-50.0, -70.0, -60.0, -80.0, -70.0]
2025-12-01 13:15:27 - INFO - ✅ 加载分钟数据成功: 合约=cu2512, 行数=465, 日期=2025-11-27
2025-12-01 13:15:27 - INFO - ✅ 加载分钟数据成功: 合约=cu2601, 行数=465, 日期=2025-11-27
2025-12-01 13:15:27 - INFO - 使用前一交易日: 原始=2025-11-27, 前一日=2025-11-26
2025-12-01 13:15:27 - INFO - ✅ 加载分钟数据成功: 合约=cu2512, 行数=465, 日期=2025-11-26
2025-12-01 13:15:28 - INFO - 使用前一交易日: 原始=2025-11-27, 前一日=2025-11-26
2025-12-01 13:15:28 - INFO - ✅ 加载分钟数据成功: 合约=cu2601, 行数=465, 日期=2025-11-26
2025-12-01 13:15:28 - INFO - 数据加载成功: 日期: 2025-11-27, 主力行数=471, 次主力行数=471
2025-12-01 13:15:28 - INFO - ✅ Tick Size 获取成功: 合约=cu2512, tick_size=10.0
2025-12-01 13:15:28 - INFO - 🧹 交易时段过滤: 原始=471 行，保留=446 行，过滤=25 行
2025-12-01 13:15:28 - INFO - 🧹 交易时段过滤: 原始=471 行，保留=446 行，过滤=25 行
2025-12-01 13:15:28 - INFO - ⌛ 时间戳对齐检查: 主力=446 次主力=446 共有=446 总计=446
2025-12-01 13:15:28 - INFO - ✅ 合并成功: 行数=446
2025-12-01 13:15:28 - DEBUG - 价差样本: spread.head() = [-30.0, -60.0, -80.0, -80.0, -80.0]
2025-12-01 13:15:28 - INFO - ✅ 加载分钟数据成功: 合约=cu2512, 行数=465, 日期=2025-11-28
2025-12-01 13:15:28 - INFO - ✅ 加载分钟数据成功: 合约=cu2601, 行数=465, 日期=2025-11-28
2025-12-01 13:15:28 - INFO - 使用前一交易日: 原始=2025-11-28, 前一日=2025-11-27
2025-12-01 13:15:28 - INFO - ✅ 加载分钟数据成功: 合约=cu2512, 行数=465, 日期=2025-11-27
2025-12-01 13:15:28 - INFO - 使用前一交易日: 原始=2025-11-28, 前一日=2025-11-27
2025-12-01 13:15:28 - INFO - ✅ 加载分钟数据成功: 合约=cu2601, 行数=465, 日期=2025-11-27
2025-12-01 13:15:28 - INFO - 数据加载成功: 日期: 2025-11-28, 主力行数=471, 次主力行数=471
2025-12-01 13:15:29 - INFO - ✅ Tick Size 获取成功: 合约=cu2512, tick_size=10.0
2025-12-01 13:15:29 - INFO - 🧹 交易时段过滤: 原始=471 行，保留=446 行，过滤=25 行
2025-12-01 13:15:29 - INFO - 🧹 交易时段过滤: 原始=471 行，保留=446 行，过滤=25 行
2025-12-01 13:15:29 - INFO - ⌛ 时间戳对齐检查: 主力=446 次主力=446 共有=446 总计=446
2025-12-01 13:15:29 - INFO - ✅ 合并成功: 行数=446
2025-12-01 13:15:29 - DEBUG - 价差样本: spread.head() = [-50.0, -50.0, -50.0, -30.0, -50.0]
2025-12-01 13:15:29 - INFO - ⌛ 时间戳对齐检查: 主力=29 次主力=29 共有=29 总计=29
2025-12-01 13:15:29 - INFO - ✅ 合并成功: 行数=29
2025-12-01 13:15:29 - DEBUG - 价差样本: spread.head() = [-70.0, -70.0, -80.0, -80.0, -70.0]
2025-12-01 13:15:29 - INFO - 🚫 涨跌停屏蔽: 主力=0 分钟, 次主力=0 分钟, 总计=0
2025-12-01 13:15:29 - INFO - 📉 单腿波动率计算: 波动率=18.391990, 样本数=444
2025-12-01 13:15:29 - INFO - 📉 单腿波动率计算: 波动率=19.018212, 样本数=444
2025-12-01 13:15:29 - INFO - 📊 价差波动率计算成功: 波动率=9.748505, 样本数=444
2025-12-01 13:15:29 - INFO - 消耗时间：26.65568256378174
2025-12-01 13:53:55 - ERROR - Uncaught exception
Traceback (most recent call last):
  File "E:\vue-admin-template-2\backend\run.py", line 3, in <module>
    from app import create_app
  File "E:\vue-admin-template-2\backend\app\__init__.py", line 12, in <module>
    from config.settings import DB_URI, DATABASE_URL, REDIS_URL
ImportError: cannot import name 'DB_URI' from 'config.settings' (E:\vue-admin-template-2\backend\config\settings.py)
2025-12-01 13:55:37 - ERROR - Uncaught exception
Traceback (most recent call last):
  File "E:\vue-admin-template-2\backend\run.py", line 5, in <module>
    from app.models.models import User   # 你的 User 模型
  File "E:\vue-admin-template-2\backend\app\models\models.py", line 105, in <module>
    class User(db.Model):
  File "C:\Users\24225\.conda\envs\TA\lib\site-packages\flask_sqlalchemy\model.py", line 100, in __init__
    super().__init__(name, bases, d, **kwargs)
  File "C:\Users\24225\.conda\envs\TA\lib\site-packages\flask_sqlalchemy\model.py", line 120, in __init__
    super().__init__(name, bases, d, **kwargs)
  File "C:\Users\24225\.conda\envs\TA\lib\site-packages\sqlalchemy\orm\decl_api.py", line 193, in __init__
    _as_declarative(reg, cls, dict_)
  File "C:\Users\24225\.conda\envs\TA\lib\site-packages\sqlalchemy\orm\decl_base.py", line 248, in _as_declarative
    return _MapperConfig.setup_mapping(registry, cls, dict_, None, {})
  File "C:\Users\24225\.conda\envs\TA\lib\site-packages\sqlalchemy\orm\decl_base.py", line 329, in setup_mapping
    return _ClassScanMapperConfig(
  File "C:\Users\24225\.conda\envs\TA\lib\site-packages\sqlalchemy\orm\decl_base.py", line 581, in __init__
    self._setup_table(table)
  File "C:\Users\24225\.conda\envs\TA\lib\site-packages\sqlalchemy\orm\decl_base.py", line 1731, in _setup_table
    table_cls(
  File "C:\Users\24225\.conda\envs\TA\lib\site-packages\flask_sqlalchemy\model.py", line 147, in __table_cls__
    return sa.Table(*args, **kwargs)
  File "<string>", line 2, in __new__
  File "C:\Users\24225\.conda\envs\TA\lib\site-packages\sqlalchemy\util\deprecations.py", line 283, in warned
    return fn(*args, **kwargs)  # type: ignore[no-any-return]
  File "C:\Users\24225\.conda\envs\TA\lib\site-packages\sqlalchemy\sql\schema.py", line 435, in __new__
    return cls._new(*args, **kw)
  File "C:\Users\24225\.conda\envs\TA\lib\site-packages\sqlalchemy\sql\schema.py", line 467, in _new
    raise exc.InvalidRequestError(
sqlalchemy.exc.InvalidRequestError: Table 'users' is already defined for this MetaData instance.  Specify 'extend_existing=True' to redefine options and columns on an existing Table object.
2025-12-01 14:00:39 - ERROR - Uncaught exception
Traceback (most recent call last):
  File "E:\vue-admin-template-2\backend\run.py", line 3, in <module>
    from app import create_app
  File "E:\vue-admin-template-2\backend\app\__init__.py", line 8, in <module>
    from app.blueprints.contracts import bp_contracts
  File "E:\vue-admin-template-2\backend\app\blueprints\contracts.py", line 5, in <module>
    from app.services.spread_service import contracts_options  # 由 service 层实现
ImportError: cannot import name 'contracts_options' from 'app.services.spread_service' (E:\vue-admin-template-2\backend\app\services\spread_service.py)
2025-12-01 14:02:08 - INFO - [PROF] enter +0.0ms
2025-12-01 14:02:08 - INFO - [PROF] parsed_params +0.4ms
2025-12-01 14:02:12 - INFO - [TODAY] mode=auto product=CU day=2025-12-01 sessions=all
2025-12-01 14:02:12 - INFO - [PROF] before_load_main_sub +4052.2ms
2025-12-01 14:02:12 - INFO - [TODAY] mode=auto product=CU day=2025-12-01 sessions=all
2025-12-01 14:02:12 - INFO - 加载主次主力合约: 品种=CU, 交易日=2025-12-01
2025-12-01 14:02:12 - WARNING - [当日合约] 查询为空: product=CU, date=2025-12-01
2025-12-01 14:02:12 - WARNING - 主/次主力合约未找到: 品种=CU, 交易日=2025-12-01
2025-12-01 14:02:12 - INFO - [TODAY] raw shapes: main=(0, 0), sub=(0, 0)
2025-12-01 14:02:13 - INFO - [PROF] enter +0.0ms
2025-12-01 14:02:13 - INFO - [PROF] parsed_params +0.4ms
2025-12-01 14:02:17 - INFO - [TODAY] mode=auto product=CU day=2025-11-28 sessions=all
2025-12-01 14:02:17 - INFO - [PROF] before_load_main_sub +4078.4ms
2025-12-01 14:02:17 - INFO - [TODAY] mode=auto product=CU day=2025-11-28 sessions=all
2025-12-01 14:02:17 - INFO - 加载主次主力合约: 品种=CU, 交易日=2025-11-28
2025-12-01 14:02:17 - INFO - 主次合约获取成功: product=CU, date=2025-11-28, main=cu2601, sub=cu2602
2025-12-01 14:02:17 - INFO - 主力合约=cu2601, 次主力合约=cu2602
2025-12-01 14:02:18 - INFO - ✅ 加载分钟数据成功: 合约=cu2601, 行数=465, 日期=2025-11-28
2025-12-01 14:02:18 - INFO - ✅ 加载分钟数据成功: 合约=cu2602, 行数=465, 日期=2025-11-28
2025-12-01 14:02:18 - INFO - 使用前一交易日: 原始=2025-11-28, 前一日=2025-11-27
2025-12-01 14:02:18 - INFO - ✅ 加载分钟数据成功: 合约=cu2601, 行数=465, 日期=2025-11-27
2025-12-01 14:02:18 - INFO - 使用前一交易日: 原始=2025-11-28, 前一日=2025-11-27
2025-12-01 14:02:18 - INFO - ✅ 加载分钟数据成功: 合约=cu2602, 行数=465, 日期=2025-11-27
2025-12-01 14:02:19 - INFO - 数据加载成功: 品种=CU, 主力行数=471, 次主力行数=471
2025-12-01 14:02:19 - INFO - [TODAY] raw shapes: main=(471, 18), sub=(471, 18)
2025-12-01 14:02:19 - INFO - 🧹 开盘窗口过滤: 原始=471 行，保留=29 行，过滤=442 行
2025-12-01 14:02:19 - INFO - 🧹 开盘窗口过滤: 原始=471 行，保留=29 行，过滤=442 行
2025-12-01 14:02:19 - INFO - 🧹 交易时段过滤: 原始=471 行，保留=446 行，过滤=25 行
2025-12-01 14:02:19 - INFO - 🧹 交易时段过滤: 原始=471 行，保留=446 行，过滤=25 行
2025-12-01 14:02:19 - INFO - ✅ Tick Size 获取成功: 合约=cu2601, tick_size=10.0
2025-12-01 14:02:19 - INFO - ⌛ 时间戳对齐检查: 主力=446 次主力=446 共有=446 总计=446
2025-12-01 14:02:19 - INFO - ✅ 合并成功: 行数=446
2025-12-01 14:02:19 - DEBUG - 价差样本: spread.head() = [-20.0, -20.0, -30.0, -50.0, -30.0]
2025-12-01 14:02:19 - INFO - 🚫 涨跌停屏蔽: 主力=0 分钟, 次主力=0 分钟, 总计=0
2025-12-01 14:02:37 - INFO - avg_volume(batch+cache) 18.144s
2025-12-01 14:02:37 - INFO - ✅ 加载分钟数据成功: 合约=cu2601, 行数=465, 日期=2025-11-24
2025-12-01 14:02:37 - INFO - ✅ 加载分钟数据成功: 合约=cu2602, 行数=465, 日期=2025-11-24
2025-12-01 14:02:37 - INFO - 使用前一交易日: 原始=2025-11-24, 前一日=2025-11-21
2025-12-01 14:02:37 - INFO - ✅ 加载分钟数据成功: 合约=cu2601, 行数=465, 日期=2025-11-21
2025-12-01 14:02:38 - INFO - 使用前一交易日: 原始=2025-11-24, 前一日=2025-11-21
2025-12-01 14:02:38 - INFO - ✅ 加载分钟数据成功: 合约=cu2602, 行数=465, 日期=2025-11-21
2025-12-01 14:02:38 - INFO - 数据加载成功: 日期: 2025-11-24, 主力行数=471, 次主力行数=471
2025-12-01 14:02:38 - INFO - ✅ Tick Size 获取成功: 合约=cu2601, tick_size=10.0
2025-12-01 14:02:38 - INFO - 🧹 交易时段过滤: 原始=471 行，保留=446 行，过滤=25 行
2025-12-01 14:02:38 - INFO - 🧹 交易时段过滤: 原始=471 行，保留=446 行，过滤=25 行
2025-12-01 14:02:38 - INFO - ⌛ 时间戳对齐检查: 主力=446 次主力=446 共有=446 总计=446
2025-12-01 14:02:38 - INFO - ✅ 合并成功: 行数=446
2025-12-01 14:02:38 - DEBUG - 价差样本: spread.head() = [10.0, 10.0, 20.0, 10.0, 10.0]
2025-12-01 14:02:38 - INFO - ✅ 加载分钟数据成功: 合约=cu2601, 行数=465, 日期=2025-11-25
2025-12-01 14:02:38 - INFO - ✅ 加载分钟数据成功: 合约=cu2602, 行数=465, 日期=2025-11-25
2025-12-01 14:02:38 - INFO - 使用前一交易日: 原始=2025-11-25, 前一日=2025-11-24
2025-12-01 14:02:38 - INFO - ✅ 加载分钟数据成功: 合约=cu2601, 行数=465, 日期=2025-11-24
2025-12-01 14:02:38 - INFO - 使用前一交易日: 原始=2025-11-25, 前一日=2025-11-24
2025-12-01 14:02:38 - INFO - ✅ 加载分钟数据成功: 合约=cu2602, 行数=465, 日期=2025-11-24
2025-12-01 14:02:38 - INFO - 数据加载成功: 日期: 2025-11-25, 主力行数=471, 次主力行数=471
2025-12-01 14:02:39 - INFO - ✅ Tick Size 获取成功: 合约=cu2601, tick_size=10.0
2025-12-01 14:02:39 - INFO - 🧹 交易时段过滤: 原始=471 行，保留=446 行，过滤=25 行
2025-12-01 14:02:39 - INFO - 🧹 交易时段过滤: 原始=471 行，保留=446 行，过滤=25 行
2025-12-01 14:02:39 - INFO - ⌛ 时间戳对齐检查: 主力=446 次主力=446 共有=446 总计=446
2025-12-01 14:02:39 - INFO - ✅ 合并成功: 行数=446
2025-12-01 14:02:39 - DEBUG - 价差样本: spread.head() = [-20.0, 0.0, -10.0, -10.0, -10.0]
2025-12-01 14:02:39 - INFO - ✅ 加载分钟数据成功: 合约=cu2601, 行数=465, 日期=2025-11-26
2025-12-01 14:02:39 - INFO - ✅ 加载分钟数据成功: 合约=cu2602, 行数=465, 日期=2025-11-26
2025-12-01 14:02:39 - INFO - 使用前一交易日: 原始=2025-11-26, 前一日=2025-11-25
2025-12-01 14:02:39 - INFO - ✅ 加载分钟数据成功: 合约=cu2601, 行数=465, 日期=2025-11-25
2025-12-01 14:02:39 - INFO - 使用前一交易日: 原始=2025-11-26, 前一日=2025-11-25
2025-12-01 14:02:39 - INFO - ✅ 加载分钟数据成功: 合约=cu2602, 行数=465, 日期=2025-11-25
2025-12-01 14:02:39 - INFO - 数据加载成功: 日期: 2025-11-26, 主力行数=471, 次主力行数=471
2025-12-01 14:02:39 - INFO - ✅ Tick Size 获取成功: 合约=cu2601, tick_size=10.0
2025-12-01 14:02:39 - INFO - 🧹 交易时段过滤: 原始=471 行，保留=446 行，过滤=25 行
2025-12-01 14:02:39 - INFO - 🧹 交易时段过滤: 原始=471 行，保留=446 行，过滤=25 行
2025-12-01 14:02:39 - INFO - ⌛ 时间戳对齐检查: 主力=446 次主力=446 共有=446 总计=446
2025-12-01 14:02:39 - INFO - ✅ 合并成功: 行数=446
2025-12-01 14:02:39 - DEBUG - 价差样本: spread.head() = [-10.0, -10.0, -30.0, -10.0, -10.0]
2025-12-01 14:02:39 - INFO - ✅ 加载分钟数据成功: 合约=cu2601, 行数=465, 日期=2025-11-27
2025-12-01 14:02:40 - INFO - ✅ 加载分钟数据成功: 合约=cu2602, 行数=465, 日期=2025-11-27
2025-12-01 14:02:40 - INFO - 使用前一交易日: 原始=2025-11-27, 前一日=2025-11-26
2025-12-01 14:02:40 - INFO - ✅ 加载分钟数据成功: 合约=cu2601, 行数=465, 日期=2025-11-26
2025-12-01 14:02:40 - INFO - 使用前一交易日: 原始=2025-11-27, 前一日=2025-11-26
2025-12-01 14:02:40 - INFO - ✅ 加载分钟数据成功: 合约=cu2602, 行数=465, 日期=2025-11-26
2025-12-01 14:02:40 - INFO - 数据加载成功: 日期: 2025-11-27, 主力行数=471, 次主力行数=471
2025-12-01 14:02:40 - INFO - ✅ Tick Size 获取成功: 合约=cu2601, tick_size=10.0
2025-12-01 14:02:40 - INFO - 🧹 交易时段过滤: 原始=471 行，保留=446 行，过滤=25 行
2025-12-01 14:02:40 - INFO - 🧹 交易时段过滤: 原始=471 行，保留=446 行，过滤=25 行
2025-12-01 14:02:40 - INFO - ⌛ 时间戳对齐检查: 主力=446 次主力=446 共有=446 总计=446
2025-12-01 14:02:40 - INFO - ✅ 合并成功: 行数=446
2025-12-01 14:02:40 - DEBUG - 价差样本: spread.head() = [-20.0, -20.0, -0.0, 0.0, -0.0]
2025-12-01 14:02:40 - INFO - ✅ 加载分钟数据成功: 合约=cu2601, 行数=465, 日期=2025-11-28
2025-12-01 14:02:40 - INFO - ✅ 加载分钟数据成功: 合约=cu2602, 行数=465, 日期=2025-11-28
2025-12-01 14:02:40 - INFO - 使用前一交易日: 原始=2025-11-28, 前一日=2025-11-27
2025-12-01 14:02:41 - INFO - ✅ 加载分钟数据成功: 合约=cu2601, 行数=465, 日期=2025-11-27
2025-12-01 14:02:41 - INFO - 使用前一交易日: 原始=2025-11-28, 前一日=2025-11-27
2025-12-01 14:02:41 - INFO - ✅ 加载分钟数据成功: 合约=cu2602, 行数=465, 日期=2025-11-27
2025-12-01 14:02:41 - INFO - 数据加载成功: 日期: 2025-11-28, 主力行数=471, 次主力行数=471
2025-12-01 14:02:41 - INFO - ✅ Tick Size 获取成功: 合约=cu2601, tick_size=10.0
2025-12-01 14:02:41 - INFO - 🧹 交易时段过滤: 原始=471 行，保留=446 行，过滤=25 行
2025-12-01 14:02:41 - INFO - 🧹 交易时段过滤: 原始=471 行，保留=446 行，过滤=25 行
2025-12-01 14:02:41 - INFO - ⌛ 时间戳对齐检查: 主力=446 次主力=446 共有=446 总计=446
2025-12-01 14:02:41 - INFO - ✅ 合并成功: 行数=446
2025-12-01 14:02:41 - DEBUG - 价差样本: spread.head() = [-20.0, -20.0, -30.0, -50.0, -30.0]
2025-12-01 14:02:41 - INFO - ⌛ 时间戳对齐检查: 主力=29 次主力=29 共有=29 总计=29
2025-12-01 14:02:41 - INFO - ✅ 合并成功: 行数=29
2025-12-01 14:02:41 - DEBUG - 价差样本: spread.head() = [-30.0, -20.0, -20.0, -20.0, -20.0]
2025-12-01 14:02:41 - INFO - 🚫 涨跌停屏蔽: 主力=0 分钟, 次主力=0 分钟, 总计=0
2025-12-01 14:02:41 - INFO - 📉 单腿波动率计算: 波动率=19.018212, 样本数=444
2025-12-01 14:02:41 - INFO - 📉 单腿波动率计算: 波动率=18.697223, 样本数=444
2025-12-01 14:02:41 - INFO - 📊 价差波动率计算成功: 波动率=7.864024, 样本数=444
2025-12-01 14:02:41 - INFO - 消耗时间：27.83344316482544
